#
# There is insufficient memory for the Java Runtime Environment to continue.
# Native memory allocation (malloc) failed to allocate 1048576 bytes. Error detail: AllocateHeap
# Possible reasons:
#   The system is out of physical RAM or swap space
#   This process is running with CompressedOops enabled, and the Java Heap may be blocking the growth of the native heap
# Possible solutions:
#   Reduce memory load on the system
#   Increase physical memory or swap space
#   Check if swap backing store is full
#   Decrease Java heap size (-Xmx/-Xms)
#   Decrease number of Java threads
#   Decrease Java thread stack sizes (-Xss)
#   Set larger code cache with -XX:ReservedCodeCacheSize=
#   JVM is running with Unscaled Compressed Oops mode in which the Java heap is
#     placed in the first 4GB address space. The Java Heap base address is the
#     maximum limit for the native heap growth. Please use -XX:HeapBaseMinAddress
#     to set the Java Heap base and to place the Java Heap above 4GB virtual address.
# This output file may be truncated or incomplete.
#
#  Out of Memory Error (allocation.cpp:44), pid=14664, tid=16252
#
# JRE version:  (22.0.1+8) (build )
# Java VM: Java HotSpot(TM) 64-Bit Server VM (22.0.1+8-16, mixed mode, sharing, tiered, compressed oops, compressed class ptrs, g1 gc, windows-amd64)
# No core dump will be written. Minidumps are not enabled by default on client versions of Windows
#

---------------  S U M M A R Y ------------

Command Line: -Djava.rmi.server.hostname=127.0.0.1 -Duser.timezone=UTC -Xmx1024m -Xms128m -Djdbc.classpath=C:\Users\79033\AppData\Local\Programs\IntelliJ IDEA Ultimate\plugins\DatabaseTools\lib\jdbc-console.jar;C:\Users\79033\AppData\Roaming\JetBrains\IntelliJIdea2024.1\jdbc-drivers\PostgreSQL\42.6.0\org\postgresql\postgresql\42.6.0\postgresql-42.6.0.jar;C:\Users\79033\AppData\Roaming\JetBrains\IntelliJIdea2024.1\jdbc-drivers\PostgreSQL\42.6.0\org\checkerframework\checker-qual\3.31.0\checker-qual-3.31.0.jar;C:\Users\79033\AppData\Roaming\JetBrains\IntelliJIdea2024.1\jdbc-drivers\PostgreSQL\42.6.0\com\github\waffle\waffle-jna\1.9.1\waffle-jna-1.9.1.jar;C:\Users\79033\AppData\Roaming\JetBrains\IntelliJIdea2024.1\jdbc-drivers\PostgreSQL\42.6.0\net\java\dev\jna\jna\4.5.1\jna-4.5.1.jar;C:\Users\79033\AppData\Roaming\JetBrains\IntelliJIdea2024.1\jdbc-drivers\PostgreSQL\42.6.0\net\java\dev\jna\jna-platform\4.5.1\jna-platform-4.5.1.jar;C:\Users\79033\AppData\Roaming\JetBrains\IntelliJIdea2024.1\jdbc-drivers\PostgreSQL\42.6.0\org\slf4j\jcl-over-slf4j\1.7.25\jcl-over-slf4j-1.7.25.jar;C:\Users\79033\AppData\Roaming\JetBrains\IntelliJIdea2024.1\jdbc-drivers\PostgreSQL\42.6.0\org\slf4j\slf4j-api\1.7.25\slf4j-api-1.7.25.jar;C:\Users\79033\AppData\Roaming\JetBrains\IntelliJIdea2024.1\jdbc-drivers\PostgreSQL\42.6.0\com\github\ben-manes\caffeine\caffeine\2.6.2\caffeine-2.6.2.jar --add-exports=java.desktop/sun.awt=ALL-UNNAMED --add-exports=java.desktop/java.awt.peer=ALL-UNNAMED --add-opens=java.desktop/java.awt=ALL-UNNAMED --add-opens=jdk.unsupported/sun.misc=ALL-UNNAMED --add-opens=java.base/java.nio=ALL-UNNAMED --add-opens=java.base/java.util=ALL-UNNAMED -Dfile.encoding=UTF-8 -Dsun.stdout.encoding=UTF-8 -Dsun.stderr.encoding=UTF-8 com.intellij.database.remote.RemoteJdbcServer org.postgresql.Driver

Host: AMD Ryzen 5 3500U with Radeon Vega Mobile Gfx  , 8 cores, 6G,  Windows 10 , 64 bit Build 19041 (10.0.19041.3636)
Time: Tue Jun 17 21:00:10 2025 RTZ 2 (s 10 , 64 bit Build 19041 (10.0.19041.3636) elapsed time: 0.014731 seconds (0d 0h 0m 0s)

---------------  T H R E A D  ---------------

Current thread (0x0000018a325562f0):  JavaThread "Unknown thread" [_thread_in_vm, id=16252, stack(0x0000001f39500000,0x0000001f39600000) (1024K)]

Stack: [0x0000001f39500000,0x0000001f39600000]
Native frames: (J=compiled Java code, j=interpreted, Vv=VM code, C=native code)
V  [jvm.dll+0x6e2279]  (no source info available)
V  [jvm.dll+0x874e33]  (no source info available)
V  [jvm.dll+0x87725e]  (no source info available)
V  [jvm.dll+0x877933]  (no source info available)
V  [jvm.dll+0x27fd76]  (no source info available)
V  [jvm.dll+0xbe877]  (no source info available)
V  [jvm.dll+0x32a5a8]  (no source info available)
V  [jvm.dll+0x83cca0]  (no source info available)
V  [jvm.dll+0x3c0d71]  (no source info available)
V  [jvm.dll+0x825ccc]  (no source info available)
V  [jvm.dll+0x45b8fe]  (no source info available)
V  [jvm.dll+0x45d781]  (no source info available)
C  [jli.dll+0x52a3]  (no source info available)
C  [ucrtbase.dll+0x21bb2]  (no source info available)
C  [KERNEL32.DLL+0x17344]  (no source info available)
C  [ntdll.dll+0x526b1]  (no source info available)


---------------  P R O C E S S  ---------------

Threads class SMR info:
_java_thread_list=0x00007ffce8e9b1c8, length=0, elements={
}

Java Threads: ( => current thread )
Total: 0

Other Threads:

=>0x0000018a325562f0 (exited) JavaThread "Unknown thread"    [_thread_in_vm, id=16252, stack(0x0000001f39500000,0x0000001f39600000) (1024K)]
Total: 1

Threads with active compile tasks:
Total: 0

VM state: not at safepoint (not fully initialized)

VM Mutex/Monitor currently owned by a thread: None

Heap address: 0x0000000000000000, size: 0 MB, Compressed Oops mode: 32-bit

CDS archive(s) mapped at: [0x0000000000000000-0x0000000000000000-0x0000000000000000), size 0, SharedBaseAddress: 0x0000000800000000, ArchiveRelocationMode: 1.
Narrow klass base: 0x0000000000000000, Narrow klass shift: 0, Narrow klass range: 0x0

GC Precious Log:
 CardTable entry size: 512
 Card Set container configuration: InlinePtr #cards 5 size 8 Array Of Cards #cards 12 size 40 Howl #buckets 4 coarsen threshold 1843 Howl Bitmap #cards 512 size 80 coarsen threshold 460 Card regions per heap region 1 cards per card region 2048

GC Heap History (0 events):
No events

Dll operation events (1 events):
Event: 0.011 Loaded shared library C:\Program Files\Java\jdk-22\bin\java.dll

Deoptimization events (0 events):
No events

Classes loaded (0 events):
No events

Classes unloaded (0 events):
No events

Classes redefined (0 events):
No events

Internal exceptions (0 events):
No events

ZGC Phase Switch (0 events):
No events

VM Operations (0 events):
No events

Events (0 events):
No events


Dynamic libraries:
0x00007ff7bf700000 - 0x00007ff7bf710000 	C:\Program Files\Java\jdk-22\bin\java.exe
0x00007ffd462d0000 - 0x00007ffd464c8000 	C:\WINDOWS\SYSTEM32\ntdll.dll
0x00007ffd45ea0000 - 0x00007ffd45f5d000 	C:\WINDOWS\System32\KERNEL32.DLL
0x00007ffd43bc0000 - 0x00007ffd43eb6000 	C:\WINDOWS\System32\KERNELBASE.dll
0x00007ffd43ac0000 - 0x00007ffd43bc0000 	C:\WINDOWS\System32\ucrtbase.dll
0x00007ffd35710000 - 0x00007ffd35727000 	C:\Program Files\Java\jdk-22\bin\jli.dll
0x00007ffd45150000 - 0x00007ffd451ff000 	C:\WINDOWS\System32\ADVAPI32.dll
0x00007ffd45210000 - 0x00007ffd452ae000 	C:\WINDOWS\System32\msvcrt.dll
0x00007ffd3eba0000 - 0x00007ffd3ebbb000 	C:\Program Files\Java\jdk-22\bin\VCRUNTIME140.dll
0x00007ffd454e0000 - 0x00007ffd4557c000 	C:\WINDOWS\System32\sechost.dll
0x00007ffd46100000 - 0x00007ffd46226000 	C:\WINDOWS\System32\RPCRT4.dll
0x00007ffd45f60000 - 0x00007ffd460fe000 	C:\WINDOWS\System32\USER32.dll
0x00007ffd44300000 - 0x00007ffd44322000 	C:\WINDOWS\System32\win32u.dll
0x00007ffd352f0000 - 0x00007ffd3558a000 	C:\WINDOWS\WinSxS\amd64_microsoft.windows.common-controls_6595b64144ccf1df_6.0.19041.3636_none_60b6a03d71f818d5\COMCTL32.dll
0x00007ffd45e50000 - 0x00007ffd45e7c000 	C:\WINDOWS\System32\GDI32.dll
0x00007ffd43f80000 - 0x00007ffd4409a000 	C:\WINDOWS\System32\gdi32full.dll
0x00007ffd439b0000 - 0x00007ffd43a4d000 	C:\WINDOWS\System32\msvcp_win.dll
0x00007ffd397f0000 - 0x00007ffd397fa000 	C:\WINDOWS\SYSTEM32\VERSION.dll
0x00007ffd45380000 - 0x00007ffd453b0000 	C:\WINDOWS\System32\IMM32.DLL
0x00007ffd3ec10000 - 0x00007ffd3ec1c000 	C:\Program Files\Java\jdk-22\bin\vcruntime140_1.dll
0x00007ffd28c50000 - 0x00007ffd28cde000 	C:\Program Files\Java\jdk-22\bin\msvcp140.dll
0x00007ffce82b0000 - 0x00007ffce8ff7000 	C:\Program Files\Java\jdk-22\bin\server\jvm.dll
0x00007ffd458e0000 - 0x00007ffd4594b000 	C:\WINDOWS\System32\WS2_32.dll
0x00007ffd43810000 - 0x00007ffd4385b000 	C:\WINDOWS\SYSTEM32\POWRPROF.dll
0x00007ffd39210000 - 0x00007ffd39237000 	C:\WINDOWS\SYSTEM32\WINMM.dll
0x00007ffd437f0000 - 0x00007ffd43802000 	C:\WINDOWS\SYSTEM32\UMPDC.dll
0x00007ffd42210000 - 0x00007ffd42222000 	C:\WINDOWS\SYSTEM32\kernel.appcore.dll
0x00007ffd3efe0000 - 0x00007ffd3efea000 	C:\Program Files\Java\jdk-22\bin\jimage.dll
0x00007ffd41c60000 - 0x00007ffd41e44000 	C:\WINDOWS\SYSTEM32\DBGHELP.DLL
0x00007ffd34070000 - 0x00007ffd340a4000 	C:\WINDOWS\SYSTEM32\dbgcore.DLL
0x00007ffd43ef0000 - 0x00007ffd43f72000 	C:\WINDOWS\System32\bcryptPrimitives.dll
0x00007ffd35f30000 - 0x00007ffd35f4e000 	C:\Program Files\Java\jdk-22\bin\java.dll
0x00007ffd44940000 - 0x00007ffd45085000 	C:\WINDOWS\System32\SHELL32.dll
0x00007ffd453b0000 - 0x00007ffd454db000 	C:\WINDOWS\System32\ole32.dll
0x00007ffd45580000 - 0x00007ffd458d4000 	C:\WINDOWS\System32\combase.dll

dbghelp: loaded successfully - version: 4.0.5 - missing functions: none
symbol engine: initialized successfully - sym options: 0x614 - pdb path: .;C:\Program Files\Java\jdk-22\bin;C:\WINDOWS\SYSTEM32;C:\WINDOWS\WinSxS\amd64_microsoft.windows.common-controls_6595b64144ccf1df_6.0.19041.3636_none_60b6a03d71f818d5;C:\Program Files\Java\jdk-22\bin\server

VM Arguments:
jvm_args: -Djava.rmi.server.hostname=127.0.0.1 -Duser.timezone=UTC -Xmx1024m -Xms128m -Djdbc.classpath=C:\Users\79033\AppData\Local\Programs\IntelliJ IDEA Ultimate\plugins\DatabaseTools\lib\jdbc-console.jar;C:\Users\79033\AppData\Roaming\JetBrains\IntelliJIdea2024.1\jdbc-drivers\PostgreSQL\42.6.0\org\postgresql\postgresql\42.6.0\postgresql-42.6.0.jar;C:\Users\79033\AppData\Roaming\JetBrains\IntelliJIdea2024.1\jdbc-drivers\PostgreSQL\42.6.0\org\checkerframework\checker-qual\3.31.0\checker-qual-3.31.0.jar;C:\Users\79033\AppData\Roaming\JetBrains\IntelliJIdea2024.1\jdbc-drivers\PostgreSQL\42.6.0\com\github\waffle\waffle-jna\1.9.1\waffle-jna-1.9.1.jar;C:\Users\79033\AppData\Roaming\JetBrains\IntelliJIdea2024.1\jdbc-drivers\PostgreSQL\42.6.0\net\java\dev\jna\jna\4.5.1\jna-4.5.1.jar;C:\Users\79033\AppData\Roaming\JetBrains\IntelliJIdea2024.1\jdbc-drivers\PostgreSQL\42.6.0\net\java\dev\jna\jna-platform\4.5.1\jna-platform-4.5.1.jar;C:\Users\79033\AppData\Roaming\JetBrains\IntelliJIdea2024.1\jdbc-drivers\PostgreSQL\42.6.0\org\slf4j\jcl-over-slf4j\1.7.25\jcl-over-slf4j-1.7.25.jar;C:\Users\79033\AppData\Roaming\JetBrains\IntelliJIdea2024.1\jdbc-drivers\PostgreSQL\42.6.0\org\slf4j\slf4j-api\1.7.25\slf4j-api-1.7.25.jar;C:\Users\79033\AppData\Roaming\JetBrains\IntelliJIdea2024.1\jdbc-drivers\PostgreSQL\42.6.0\com\github\ben-manes\caffeine\caffeine\2.6.2\caffeine-2.6.2.jar --add-exports=java.desktop/sun.awt=ALL-UNNAMED --add-exports=java.desktop/java.awt.peer=ALL-UNNAMED --add-opens=java.desktop/java.awt=ALL-UNNAMED --add-opens=jdk.unsupported/sun.misc=ALL-UNNAMED --add-opens=java.base/java.nio=ALL-UNNAMED --add-opens=java.base/java.util=ALL-UNNAMED -Dfile.encoding=UTF-8 -Dsun.stdout.encoding=UTF-8 -Dsun.stderr.encoding=UTF-8 
java_command: com.intellij.database.remote.RemoteJdbcServer org.postgresql.Driver
java_class_path (initial): C:\Users\79033\AppData\Local\Programs\IntelliJ IDEA Ultimate\lib\util_rt.jar;C:\Users\79033\AppData\Local\Programs\IntelliJ IDEA Ultimate\lib\util-8.jar;C:\Users\79033\AppData\Local\Programs\IntelliJ IDEA Ultimate\lib\groovy.jar;C:\Users\79033\AppData\Local\Programs\IntelliJ IDEA Ultimate\plugins\DatabaseTools\lib\jdbc-console.jar;C:\Users\79033\AppData\Local\Programs\IntelliJ IDEA Ultimate\plugins\grid-core-impl\lib\jdbc-console-types.jar;C:\Users\79033\AppData\Local\Programs\IntelliJ IDEA Ultimate\lib\util.jar
Launcher Type: SUN_STANDARD

[Global flags]
     intx CICompilerCount                          = 4                                         {product} {ergonomic}
     uint ConcGCThreads                            = 2                                         {product} {ergonomic}
     uint G1ConcRefinementThreads                  = 8                                         {product} {ergonomic}
   size_t G1HeapRegionSize                         = 1048576                                   {product} {ergonomic}
   size_t InitialHeapSize                          = 134217728                                 {product} {command line}
   size_t MarkStackSize                            = 4194304                                   {product} {ergonomic}
   size_t MaxHeapSize                              = 1073741824                                {product} {command line}
   size_t MinHeapDeltaBytes                        = 1048576                                   {product} {ergonomic}
   size_t MinHeapSize                              = 134217728                                 {product} {command line}
    uintx NonNMethodCodeHeapSize                   = 5839372                                {pd product} {ergonomic}
    uintx NonProfiledCodeHeapSize                  = 122909434                              {pd product} {ergonomic}
    uintx ProfiledCodeHeapSize                     = 122909434                              {pd product} {ergonomic}
    uintx ReservedCodeCacheSize                    = 251658240                              {pd product} {ergonomic}
     bool SegmentedCodeCache                       = true                                      {product} {ergonomic}
   size_t SoftMaxHeapSize                          = 1073741824                             {manageable} {ergonomic}
     bool UseCompressedOops                        = true                           {product lp64_product} {ergonomic}
     bool UseG1GC                                  = true                                      {product} {ergonomic}
     bool UseLargePagesIndividualAllocation        = false                                  {pd product} {ergonomic}

Logging:
Log output configuration:
 #0: stdout all=warning uptime,level,tags foldmultilines=false
 #1: stderr all=off uptime,level,tags foldmultilines=false

Environment Variables:
JAVA_HOME=C:\Program Files\Java\jdk-22
CLASSPATH=C:\Users\79033\NIR\antlr-4.13.1-complete.jar;%CLASSPATH%;D:\grammatica\;D:\grammatica\test\;
PATH=C:\Program Files\Common Files\Oracle\Java\javapath;C:\Program Files (x86)\Common Files\Oracle\Java\javapath;C:\Program Files\Java\jdk-22\bin;C:\Program Files (x86)\Embarcadero\Studio\22.0\bin;C:\Users\Public\Documents\Embarcadero\Studio\22.0\Bpl;C:\Program Files (x86)\Embarcadero\Studio\22.0\bin64;C:\Users\Public\Documents\Embarcadero\Studio\22.0\Bpl\Win64;C:\Program Files (x86)\Embarcadero\Studio\21.0\bin;C:\Users\Public\Documents\Embarcadero\Studio\21.0\Bpl;C:\Program Files (x86)\Embarcadero\Studio\21.0\bin64;C:\Users\Public\Documents\Embarcadero\Studio\21.0\Bpl\Win64;C:\WINDOWS\system32;C:\WINDOWS;C:\WINDOWS\System32\Wbem;C:\WINDOWS\System32\WindowsPowerShell\v1.0\;C:\WINDOWS\System32\OpenSSH\;D:\matlast\runtime\win64;D:\mattlab\runtime\win64;D:\mattlab\bin;D:\runtime\win64;D:\bin;D:\polyspace\bin;D:\mattlab\polyspace\bin;D:\matlast\polyspace\bin;C:\Program Files\Microsoft SQL Server\150\Tools\Binn\;D:\path\;C:\Program Files\NASM;C:\Program Files\Golink;C:\Program Files\Git\cmd;C:\Program Files\nodejs\;C:\Program Files\Docker\Docker\resources\bin;C:\Program Files\Java\jdk-22\bin;C:\Users\79033\AppData\Local\Microsoft\WindowsApps;D:\pac\PyCharm 2022.1.3\bin;D:\cilionnn\CLion 2022.2.3\bin;D:\IDEFORJAVA\IntelliJ IDEA 2023.2.4\bin;C:\Users\79033\AppData\Local\JetBrains\Toolbox\scripts;D:\Microsoft VS Code\bin;C:\Users\79033\AppData\Roaming\npm
USERNAME=79033
OS=Windows_NT
PROCESSOR_IDENTIFIER=AMD64 Family 23 Model 24 Stepping 1, AuthenticAMD
TMP=C:\Users\79033\AppData\Local\Temp
TEMP=C:\Users\79033\AppData\Local\Temp




Periodic native trim disabled

---------------  S Y S T E M  ---------------

OS:
 Windows 10 , 64 bit Build 19041 (10.0.19041.3636)
OS uptime: 0 days 2:30 hours
Hyper-V role detected

CPU: total 8 (initial active 8) (8 cores per cpu, 2 threads per core) family 23 model 24 stepping 1 microcode 0x0, cx8, cmov, fxsr, ht, mmx, 3dnowpref, sse, sse2, sse3, ssse3, sse4a, sse4.1, sse4.2, popcnt, lzcnt, tsc, tscinvbit, avx, avx2, aes, clmul, bmi1, bmi2, adx, sha, fma, vzeroupper, clflush, clflushopt, hv, rdtscp, f16c
Processor Information for all 8 processors :
  Max Mhz: 2100, Current Mhz: 2100, Mhz Limit: 2100

Memory: 4k page, system-wide physical 7103M (261M free)
TotalPageFile size 17343M (AvailPageFile size 5M)
current process WorkingSet (physical memory assigned to process): 10M, peak: 10M
current process commit charge ("private bytes"): 13M, peak: 14M

vm_info: Java HotSpot(TM) 64-Bit Server VM (22.0.1+8-16) for windows-amd64 JRE (22.0.1+8-16), built on 2024-03-12T10:33:16Z by "mach5one" with MS VC++ 17.6 (VS2022)

END.
