#
# There is insufficient memory for the Java Runtime Environment to continue.
# Native memory allocation (malloc) failed to allocate 32744 bytes. Error detail: Chunk::new
# Possible reasons:
#   The system is out of physical RAM or swap space
#   This process is running with CompressedOops enabled, and the Java Heap may be blocking the growth of the native heap
# Possible solutions:
#   Reduce memory load on the system
#   Increase physical memory or swap space
#   Check if swap backing store is full
#   Decrease Java heap size (-Xmx/-Xms)
#   Decrease number of Java threads
#   Decrease Java thread stack sizes (-Xss)
#   Set larger code cache with -XX:ReservedCodeCacheSize=
#   JVM is running with Unscaled Compressed Oops mode in which the Java heap is
#     placed in the first 4GB address space. The Java Heap base address is the
#     maximum limit for the native heap growth. Please use -XX:HeapBaseMinAddress
#     to set the Java Heap base and to place the Java Heap above 4GB virtual address.
# This output file may be truncated or incomplete.
#
#  Out of Memory Error (arena.cpp:150), pid=5704, tid=8360
#
# JRE version: Java(TM) SE Runtime Environment (22.0.1+8) (build 22.0.1+8-16)
# Java VM: Java HotSpot(TM) 64-Bit Server VM (22.0.1+8-16, mixed mode, sharing, tiered, compressed oops, compressed class ptrs, g1 gc, windows-amd64)
# No core dump will be written. Minidumps are not enabled by default on client versions of Windows
#

---------------  S U M M A R Y ------------

Command Line: -Djava.rmi.server.hostname=127.0.0.1 -Duser.timezone=UTC -Xmx1024m -Xms128m -Djdbc.classpath=C:\Users\79033\AppData\Local\Programs\IntelliJ IDEA Ultimate\plugins\DatabaseTools\lib\jdbc-console.jar;C:\Users\79033\AppData\Roaming\JetBrains\IntelliJIdea2024.1\jdbc-drivers\PostgreSQL\42.6.0\org\postgresql\postgresql\42.6.0\postgresql-42.6.0.jar;C:\Users\79033\AppData\Roaming\JetBrains\IntelliJIdea2024.1\jdbc-drivers\PostgreSQL\42.6.0\org\checkerframework\checker-qual\3.31.0\checker-qual-3.31.0.jar;C:\Users\79033\AppData\Roaming\JetBrains\IntelliJIdea2024.1\jdbc-drivers\PostgreSQL\42.6.0\com\github\waffle\waffle-jna\1.9.1\waffle-jna-1.9.1.jar;C:\Users\79033\AppData\Roaming\JetBrains\IntelliJIdea2024.1\jdbc-drivers\PostgreSQL\42.6.0\net\java\dev\jna\jna\4.5.1\jna-4.5.1.jar;C:\Users\79033\AppData\Roaming\JetBrains\IntelliJIdea2024.1\jdbc-drivers\PostgreSQL\42.6.0\net\java\dev\jna\jna-platform\4.5.1\jna-platform-4.5.1.jar;C:\Users\79033\AppData\Roaming\JetBrains\IntelliJIdea2024.1\jdbc-drivers\PostgreSQL\42.6.0\org\slf4j\jcl-over-slf4j\1.7.25\jcl-over-slf4j-1.7.25.jar;C:\Users\79033\AppData\Roaming\JetBrains\IntelliJIdea2024.1\jdbc-drivers\PostgreSQL\42.6.0\org\slf4j\slf4j-api\1.7.25\slf4j-api-1.7.25.jar;C:\Users\79033\AppData\Roaming\JetBrains\IntelliJIdea2024.1\jdbc-drivers\PostgreSQL\42.6.0\com\github\ben-manes\caffeine\caffeine\2.6.2\caffeine-2.6.2.jar --add-exports=java.desktop/sun.awt=ALL-UNNAMED --add-exports=java.desktop/java.awt.peer=ALL-UNNAMED --add-opens=java.desktop/java.awt=ALL-UNNAMED --add-opens=jdk.unsupported/sun.misc=ALL-UNNAMED --add-opens=java.base/java.nio=ALL-UNNAMED --add-opens=java.base/java.util=ALL-UNNAMED -Dfile.encoding=UTF-8 -Dsun.stdout.encoding=UTF-8 -Dsun.stderr.encoding=UTF-8 com.intellij.database.remote.RemoteJdbcServer org.postgresql.Driver

Host: AMD Ryzen 5 3500U with Radeon Vega Mobile Gfx  , 8 cores, 6G,  Windows 10 , 64 bit Build 19041 (10.0.19041.3636)
Time: Fri Nov  8 00:04:00 2024 RTZ 2 (s 10 , 64 bit Build 19041 (10.0.19041.3636) elapsed time: 90.410101 seconds (0d 0h 1m 30s)

---------------  T H R E A D  ---------------

Current thread (0x000001d22523aa40):  JavaThread "C2 CompilerThread1" daemon [_thread_in_native, id=8360, stack(0x000000289b200000,0x000000289b300000) (1024K)]


Current CompileTask:
C2:90410 3302   !   4       sun.rmi.server.UnicastServerRef::dispatch (492 bytes)

Stack: [0x000000289b200000,0x000000289b300000]
Native frames: (J=compiled Java code, j=interpreted, Vv=VM code, C=native code)
V  [jvm.dll+0x6e2279]  (no source info available)
V  [jvm.dll+0x874e33]  (no source info available)
V  [jvm.dll+0x87725e]  (no source info available)
V  [jvm.dll+0x877933]  (no source info available)
V  [jvm.dll+0x27fd76]  (no source info available)
V  [jvm.dll+0xc3d0f]  (no source info available)
V  [jvm.dll+0xc3f6b]  (no source info available)
V  [jvm.dll+0x70e87c]  (no source info available)
V  [jvm.dll+0x1df94b]  (no source info available)
V  [jvm.dll+0x247a5c]  (no source info available)
V  [jvm.dll+0x246fbf]  (no source info available)
V  [jvm.dll+0x1c4e90]  (no source info available)
V  [jvm.dll+0x2569fe]  (no source info available)
V  [jvm.dll+0x254cba]  (no source info available)
V  [jvm.dll+0x3f5336]  (no source info available)
V  [jvm.dll+0x81d44b]  (no source info available)
V  [jvm.dll+0x6e0915]  (no source info available)
C  [ucrtbase.dll+0x21bb2]  (no source info available)
C  [KERNEL32.DLL+0x17344]  (no source info available)
C  [ntdll.dll+0x526b1]  (no source info available)


---------------  P R O C E S S  ---------------

Threads class SMR info:
_java_thread_list=0x000001d224783f90, length=32, elements={
0x000001d1c1425b20, 0x000001d1dea89780, 0x000001d1dea8c4b0, 0x000001d1dea8d870,
0x000001d1dea8f2e0, 0x000001d1dea8fd40, 0x000001d1dea93ca0, 0x000001d1dea9ca40,
0x000001d1dea9d4f0, 0x000001d2240f4a90, 0x000001d2240f7ae0, 0x000001d224304c20,
0x000001d224308050, 0x000001d224341530, 0x000001d224375ba0, 0x000001d224345af0,
0x000001d224346160, 0x000001d22435c3f0, 0x000001d2247658e0, 0x000001d224766600,
0x000001d224768040, 0x000001d224765f70, 0x000001d224766c90, 0x000001d224765250,
0x000001d2247679b0, 0x000001d2264cbb60, 0x000001d2264ce2c0, 0x000001d2264d0a20,
0x000001d2264cfd00, 0x000001d2264ce950, 0x000001d22523aa40, 0x000001d225239ca0
}

Java Threads: ( => current thread )
  0x000001d1c1425b20 JavaThread "main"                              [_thread_blocked, id=12624, stack(0x0000002898600000,0x0000002898700000) (1024K)]
  0x000001d1dea89780 JavaThread "Reference Handler"          daemon [_thread_blocked, id=3836, stack(0x0000002898e00000,0x0000002898f00000) (1024K)]
  0x000001d1dea8c4b0 JavaThread "Finalizer"                  daemon [_thread_blocked, id=8708, stack(0x0000002898f00000,0x0000002899000000) (1024K)]
  0x000001d1dea8d870 JavaThread "Signal Dispatcher"          daemon [_thread_blocked, id=3140, stack(0x0000002899000000,0x0000002899100000) (1024K)]
  0x000001d1dea8f2e0 JavaThread "Attach Listener"            daemon [_thread_blocked, id=1396, stack(0x0000002899100000,0x0000002899200000) (1024K)]
  0x000001d1dea8fd40 JavaThread "Service Thread"             daemon [_thread_blocked, id=9048, stack(0x0000002899200000,0x0000002899300000) (1024K)]
  0x000001d1dea93ca0 JavaThread "Monitor Deflation Thread"   daemon [_thread_blocked, id=10180, stack(0x0000002899300000,0x0000002899400000) (1024K)]
  0x000001d1dea9ca40 JavaThread "C2 CompilerThread0"         daemon [_thread_in_native, id=2668, stack(0x0000002899400000,0x0000002899500000) (1024K)]
  0x000001d1dea9d4f0 JavaThread "C1 CompilerThread0"         daemon [_thread_blocked, id=2520, stack(0x0000002899500000,0x0000002899600000) (1024K)]
  0x000001d2240f4a90 JavaThread "Common-Cleaner"             daemon [_thread_blocked, id=3212, stack(0x0000002899600000,0x0000002899700000) (1024K)]
  0x000001d2240f7ae0 JavaThread "Notification Thread"        daemon [_thread_blocked, id=11872, stack(0x0000002899700000,0x0000002899800000) (1024K)]
  0x000001d224304c20 JavaThread "Java2D Disposer"            daemon [_thread_blocked, id=3372, stack(0x0000002899a00000,0x0000002899b00000) (1024K)]
  0x000001d224308050 JavaThread "AWT-Windows"                daemon [_thread_in_native, id=5204, stack(0x0000002899c00000,0x0000002899d00000) (1024K)]
  0x000001d224341530 JavaThread "RMI TCP Accept-42508"       daemon [_thread_in_native, id=1856, stack(0x0000002899d00000,0x0000002899e00000) (1024K)]
  0x000001d224375ba0 JavaThread "RMI TCP Accept-0"           daemon [_thread_in_native, id=10840, stack(0x0000002899e00000,0x0000002899f00000) (1024K)]
  0x000001d224345af0 JavaThread "RMI Reaper"                        [_thread_blocked, id=10784, stack(0x0000002899f00000,0x000000289a000000) (1024K)]
  0x000001d224346160 JavaThread "RMI GC Daemon"              daemon [_thread_blocked, id=8904, stack(0x000000289a000000,0x000000289a100000) (1024K)]
  0x000001d22435c3f0 JavaThread "RMI TCP Connection(6)-127.0.0.1" daemon [_thread_in_native, id=4276, stack(0x000000289a100000,0x000000289a200000) (1024K)]
  0x000001d2247658e0 JavaThread "RMI TCP Connection(2)-127.0.0.1" daemon [_thread_in_native, id=11564, stack(0x000000289a200000,0x000000289a300000) (1024K)]
  0x000001d224766600 JavaThread "RMI Scheduler(0)"           daemon [_thread_blocked, id=6508, stack(0x000000289a300000,0x000000289a400000) (1024K)]
  0x000001d224768040 JavaThread "RMI TCP Connection(3)-127.0.0.1" daemon [_thread_in_native, id=10200, stack(0x000000289a400000,0x000000289a500000) (1024K)]
  0x000001d224765f70 JavaThread "RMI TCP Connection(5)-127.0.0.1" daemon [_thread_in_vm, id=10068, stack(0x000000289a500000,0x000000289a600000) (1024K)] _threads_hazard_ptr=0x000001d224783f90
  0x000001d224766c90 JavaThread "RMI RenewClean-[127.0.0.1:54531]" daemon [_thread_blocked, id=8804, stack(0x0000002899900000,0x0000002899a00000) (1024K)]
  0x000001d224765250 JavaThread "PostgreSQL-JDBC-Cleaner"    daemon [_thread_blocked, id=6336, stack(0x000000289a700000,0x000000289a800000) (1024K)]
  0x000001d2247679b0 JavaThread "RMI TCP Connection(7)-127.0.0.1" daemon [_thread_in_native, id=10492, stack(0x0000002898300000,0x0000002898400000) (1024K)]
  0x000001d2264cbb60 JavaThread "RMI TCP Connection(8)-127.0.0.1" daemon [_thread_in_native, id=12596, stack(0x0000002898400000,0x0000002898500000) (1024K)]
  0x000001d2264ce2c0 JavaThread "RMI TCP Connection(9)-127.0.0.1" daemon [_thread_in_vm, id=12492, stack(0x0000002898500000,0x0000002898600000) (1024K)]
  0x000001d2264d0a20 JavaThread "RMI TCP Connection(10)-127.0.0.1" daemon [_thread_in_native, id=1760, stack(0x000000289af00000,0x000000289b000000) (1024K)]
  0x000001d2264cfd00 JavaThread "RMI TCP Connection(11)-127.0.0.1" daemon [_thread_in_native, id=11624, stack(0x000000289b000000,0x000000289b100000) (1024K)]
  0x000001d2264ce950 JavaThread "RMI TCP Connection(12)-127.0.0.1" daemon [_thread_in_native, id=12456, stack(0x000000289b100000,0x000000289b200000) (1024K)]
=>0x000001d22523aa40 JavaThread "C2 CompilerThread1"         daemon [_thread_in_native, id=8360, stack(0x000000289b200000,0x000000289b300000) (1024K)]
  0x000001d225239ca0 JavaThread "C2 CompilerThread2"         daemon [_thread_in_native, id=9384, stack(0x000000289b300000,0x000000289b400000) (1024K)]
Total: 32

Other Threads:
  0x000001d1dea67b40 VMThread "VM Thread"                           [id=2152, stack(0x0000002898d00000,0x0000002898e00000) (1024K)]
  0x000001d1dea4eb20 WatcherThread "VM Periodic Task Thread"        [id=6892, stack(0x0000002898c00000,0x0000002898d00000) (1024K)]
  0x000001d1c36384c0 WorkerThread "GC Thread#0"                     [id=12724, stack(0x0000002898700000,0x0000002898800000) (1024K)]
  0x000001d2247ab7f0 WorkerThread "GC Thread#1"                     [id=1496, stack(0x0000002899b00000,0x0000002899c00000) (1024K)]
  0x000001d2247ab090 WorkerThread "GC Thread#2"                     [id=2172, stack(0x000000289a800000,0x000000289a900000) (1024K)]
  0x000001d2247ab440 WorkerThread "GC Thread#3"                     [id=12216, stack(0x000000289a900000,0x000000289aa00000) (1024K)]
  0x000001d2247abba0 WorkerThread "GC Thread#4"                     [id=8580, stack(0x000000289aa00000,0x000000289ab00000) (1024K)]
  0x000001d2251e9ff0 WorkerThread "GC Thread#5"                     [id=3772, stack(0x000000289ab00000,0x000000289ac00000) (1024K)]
  0x000001d2251eb610 WorkerThread "GC Thread#6"                     [id=11408, stack(0x000000289ac00000,0x000000289ad00000) (1024K)]
  0x000001d2251eb260 WorkerThread "GC Thread#7"                     [id=7860, stack(0x000000289ad00000,0x000000289ae00000) (1024K)]
  0x000001d1c3641570 ConcurrentGCThread "G1 Main Marker"            [id=9564, stack(0x0000002898800000,0x0000002898900000) (1024K)]
  0x000001d1c3642730 WorkerThread "G1 Conc#0"                       [id=10752, stack(0x0000002898900000,0x0000002898a00000) (1024K)]
  0x000001d1c36ce1e0 ConcurrentGCThread "G1 Refine#0"               [id=10708, stack(0x0000002898a00000,0x0000002898b00000) (1024K)]
  0x000001d1de9120a0 ConcurrentGCThread "G1 Service"                [id=11540, stack(0x0000002898b00000,0x0000002898c00000) (1024K)]
Total: 14

Threads with active compile tasks:
C2 CompilerThread0  90506 3367   !   4       org.postgresql.jdbc.PgResultSetMetaData::fetchFieldMetaData (445 bytes)
C2 CompilerThread1  90506 3302   !   4       sun.rmi.server.UnicastServerRef::dispatch (492 bytes)
C2 CompilerThread2  90506 3376       4       java.lang.Throwable::lockedPrintStackTrace (154 bytes)
Total: 3

VM state: not at safepoint (normal execution)

VM Mutex/Monitor currently owned by a thread: None

Heap address: 0x00000000c0000000, size: 1024 MB, Compressed Oops mode: 32-bit

CDS archive(s) mapped at: [0x000001d1df000000-0x000001d1dfc60000-0x000001d1dfc60000), size 12976128, SharedBaseAddress: 0x000001d1df000000, ArchiveRelocationMode: 1.
Compressed class space mapped at: 0x000001d1e0000000-0x000001d220000000, reserved size: 1073741824
Narrow klass base: 0x000001d1df000000, Narrow klass shift: 0, Narrow klass range: 0x41000000

GC Precious Log:
 CardTable entry size: 512
 Card Set container configuration: InlinePtr #cards 5 size 8 Array Of Cards #cards 12 size 40 Howl #buckets 4 coarsen threshold 1843 Howl Bitmap #cards 512 size 80 coarsen threshold 460 Card regions per heap region 1 cards per card region 2048
 CPUs: 8 total, 8 available
 Memory: 7103M
 Large Page Support: Disabled
 NUMA Support: Disabled
 Compressed Oops: Enabled (32-bit)
 Heap Region Size: 1M
 Heap Min Capacity: 128M
 Heap Initial Capacity: 128M
 Heap Max Capacity: 1G
 Pre-touch: Disabled
 Parallel Workers: 8
 Concurrent Workers: 2
 Concurrent Refinement Workers: 8
 Periodic GC: Disabled

Heap:
 garbage-first heap   total reserved 1048576K, committed 131072K, used 77540K [0x00000000c0000000, 0x0000000100000000)
  region size 1024K, 68 young (69632K), 4 survivors (4096K)
 Metaspace       used 12588K, committed 13056K, reserved 1114112K
  class space    used 1295K, committed 1472K, reserved 1048576K

Heap Regions: E=young(eden), S=young(survivor), O=old, HS=humongous(starts), HC=humongous(continues), CS=collection set, F=free, TAMS=top-at-mark-start, PB=parsable bottom
|   0|0x00000000c0000000, 0x00000000c0100000, 0x00000000c0100000|100%|HS|  |TAMS 0x00000000c0000000| PB 0x00000000c0000000| Complete |  0
|   1|0x00000000c0100000, 0x00000000c0200000, 0x00000000c0200000|100%|HC|  |TAMS 0x00000000c0100000| PB 0x00000000c0100000| Complete |  0
|   2|0x00000000c0200000, 0x00000000c0300000, 0x00000000c0300000|100%|HC|  |TAMS 0x00000000c0200000| PB 0x00000000c0200000| Complete |  0
|   3|0x00000000c0300000, 0x00000000c0400000, 0x00000000c0400000|100%| O|  |TAMS 0x00000000c0300000| PB 0x00000000c0300000| Untracked |  0
|   4|0x00000000c0400000, 0x00000000c0500000, 0x00000000c0500000|100%| O|  |TAMS 0x00000000c0400000| PB 0x00000000c0400000| Untracked |  0
|   5|0x00000000c0500000, 0x00000000c0600000, 0x00000000c0600000|100%| O|  |TAMS 0x00000000c0500000| PB 0x00000000c0500000| Untracked |  0
|   6|0x00000000c0600000, 0x00000000c0700000, 0x00000000c0700000|100%| O|  |TAMS 0x00000000c0600000| PB 0x00000000c0600000| Untracked |  0
|   7|0x00000000c0700000, 0x00000000c0800000, 0x00000000c0800000|100%| O|  |TAMS 0x00000000c0700000| PB 0x00000000c0700000| Untracked |  0
|   8|0x00000000c0800000, 0x00000000c08bc8d0, 0x00000000c0900000| 73%| O|  |TAMS 0x00000000c0800000| PB 0x00000000c0800000| Untracked |  0
|   9|0x00000000c0900000, 0x00000000c0900000, 0x00000000c0a00000|  0%| F|  |TAMS 0x00000000c0900000| PB 0x00000000c0900000| Untracked |  0
|  10|0x00000000c0a00000, 0x00000000c0a00000, 0x00000000c0b00000|  0%| F|  |TAMS 0x00000000c0a00000| PB 0x00000000c0a00000| Untracked |  0
|  11|0x00000000c0b00000, 0x00000000c0b00000, 0x00000000c0c00000|  0%| F|  |TAMS 0x00000000c0b00000| PB 0x00000000c0b00000| Untracked |  0
|  12|0x00000000c0c00000, 0x00000000c0c00000, 0x00000000c0d00000|  0%| F|  |TAMS 0x00000000c0c00000| PB 0x00000000c0c00000| Untracked |  0
|  13|0x00000000c0d00000, 0x00000000c0d00000, 0x00000000c0e00000|  0%| F|  |TAMS 0x00000000c0d00000| PB 0x00000000c0d00000| Untracked |  0
|  14|0x00000000c0e00000, 0x00000000c0e00000, 0x00000000c0f00000|  0%| F|  |TAMS 0x00000000c0e00000| PB 0x00000000c0e00000| Untracked |  0
|  15|0x00000000c0f00000, 0x00000000c0f00000, 0x00000000c1000000|  0%| F|  |TAMS 0x00000000c0f00000| PB 0x00000000c0f00000| Untracked |  0
|  16|0x00000000c1000000, 0x00000000c1000000, 0x00000000c1100000|  0%| F|  |TAMS 0x00000000c1000000| PB 0x00000000c1000000| Untracked |  0
|  17|0x00000000c1100000, 0x00000000c1100000, 0x00000000c1200000|  0%| F|  |TAMS 0x00000000c1100000| PB 0x00000000c1100000| Untracked |  0
|  18|0x00000000c1200000, 0x00000000c1200000, 0x00000000c1300000|  0%| F|  |TAMS 0x00000000c1200000| PB 0x00000000c1200000| Untracked |  0
|  19|0x00000000c1300000, 0x00000000c1300000, 0x00000000c1400000|  0%| F|  |TAMS 0x00000000c1300000| PB 0x00000000c1300000| Untracked |  0
|  20|0x00000000c1400000, 0x00000000c1400000, 0x00000000c1500000|  0%| F|  |TAMS 0x00000000c1400000| PB 0x00000000c1400000| Untracked |  0
|  21|0x00000000c1500000, 0x00000000c1500000, 0x00000000c1600000|  0%| F|  |TAMS 0x00000000c1500000| PB 0x00000000c1500000| Untracked |  0
|  22|0x00000000c1600000, 0x00000000c1600000, 0x00000000c1700000|  0%| F|  |TAMS 0x00000000c1600000| PB 0x00000000c1600000| Untracked |  0
|  23|0x00000000c1700000, 0x00000000c1700000, 0x00000000c1800000|  0%| F|  |TAMS 0x00000000c1700000| PB 0x00000000c1700000| Untracked |  0
|  24|0x00000000c1800000, 0x00000000c1800000, 0x00000000c1900000|  0%| F|  |TAMS 0x00000000c1800000| PB 0x00000000c1800000| Untracked |  0
|  25|0x00000000c1900000, 0x00000000c1900000, 0x00000000c1a00000|  0%| F|  |TAMS 0x00000000c1900000| PB 0x00000000c1900000| Untracked |  0
|  26|0x00000000c1a00000, 0x00000000c1a00000, 0x00000000c1b00000|  0%| F|  |TAMS 0x00000000c1a00000| PB 0x00000000c1a00000| Untracked |  0
|  27|0x00000000c1b00000, 0x00000000c1b00000, 0x00000000c1c00000|  0%| F|  |TAMS 0x00000000c1b00000| PB 0x00000000c1b00000| Untracked |  0
|  28|0x00000000c1c00000, 0x00000000c1c00000, 0x00000000c1d00000|  0%| F|  |TAMS 0x00000000c1c00000| PB 0x00000000c1c00000| Untracked |  0
|  29|0x00000000c1d00000, 0x00000000c1d00000, 0x00000000c1e00000|  0%| F|  |TAMS 0x00000000c1d00000| PB 0x00000000c1d00000| Untracked |  0
|  30|0x00000000c1e00000, 0x00000000c1e00000, 0x00000000c1f00000|  0%| F|  |TAMS 0x00000000c1e00000| PB 0x00000000c1e00000| Untracked |  0
|  31|0x00000000c1f00000, 0x00000000c1f00000, 0x00000000c2000000|  0%| F|  |TAMS 0x00000000c1f00000| PB 0x00000000c1f00000| Untracked |  0
|  32|0x00000000c2000000, 0x00000000c2000000, 0x00000000c2100000|  0%| F|  |TAMS 0x00000000c2000000| PB 0x00000000c2000000| Untracked |  0
|  33|0x00000000c2100000, 0x00000000c2100000, 0x00000000c2200000|  0%| F|  |TAMS 0x00000000c2100000| PB 0x00000000c2100000| Untracked |  0
|  34|0x00000000c2200000, 0x00000000c2200000, 0x00000000c2300000|  0%| F|  |TAMS 0x00000000c2200000| PB 0x00000000c2200000| Untracked |  0
|  35|0x00000000c2300000, 0x00000000c2300000, 0x00000000c2400000|  0%| F|  |TAMS 0x00000000c2300000| PB 0x00000000c2300000| Untracked |  0
|  36|0x00000000c2400000, 0x00000000c2400000, 0x00000000c2500000|  0%| F|  |TAMS 0x00000000c2400000| PB 0x00000000c2400000| Untracked |  0
|  37|0x00000000c2500000, 0x00000000c2500000, 0x00000000c2600000|  0%| F|  |TAMS 0x00000000c2500000| PB 0x00000000c2500000| Untracked |  0
|  38|0x00000000c2600000, 0x00000000c2600000, 0x00000000c2700000|  0%| F|  |TAMS 0x00000000c2600000| PB 0x00000000c2600000| Untracked |  0
|  39|0x00000000c2700000, 0x00000000c2700000, 0x00000000c2800000|  0%| F|  |TAMS 0x00000000c2700000| PB 0x00000000c2700000| Untracked |  0
|  40|0x00000000c2800000, 0x00000000c2800000, 0x00000000c2900000|  0%| F|  |TAMS 0x00000000c2800000| PB 0x00000000c2800000| Untracked |  0
|  41|0x00000000c2900000, 0x00000000c2900000, 0x00000000c2a00000|  0%| F|  |TAMS 0x00000000c2900000| PB 0x00000000c2900000| Untracked |  0
|  42|0x00000000c2a00000, 0x00000000c2a00000, 0x00000000c2b00000|  0%| F|  |TAMS 0x00000000c2a00000| PB 0x00000000c2a00000| Untracked |  0
|  43|0x00000000c2b00000, 0x00000000c2b00000, 0x00000000c2c00000|  0%| F|  |TAMS 0x00000000c2b00000| PB 0x00000000c2b00000| Untracked |  0
|  44|0x00000000c2c00000, 0x00000000c2c00000, 0x00000000c2d00000|  0%| F|  |TAMS 0x00000000c2c00000| PB 0x00000000c2c00000| Untracked |  0
|  45|0x00000000c2d00000, 0x00000000c2d00000, 0x00000000c2e00000|  0%| F|  |TAMS 0x00000000c2d00000| PB 0x00000000c2d00000| Untracked |  0
|  46|0x00000000c2e00000, 0x00000000c2e00000, 0x00000000c2f00000|  0%| F|  |TAMS 0x00000000c2e00000| PB 0x00000000c2e00000| Untracked |  0
|  47|0x00000000c2f00000, 0x00000000c2f00000, 0x00000000c3000000|  0%| F|  |TAMS 0x00000000c2f00000| PB 0x00000000c2f00000| Untracked |  0
|  48|0x00000000c3000000, 0x00000000c30fcab0, 0x00000000c3100000| 98%| S|CS|TAMS 0x00000000c3000000| PB 0x00000000c3000000| Complete |  0
|  49|0x00000000c3100000, 0x00000000c3100000, 0x00000000c3200000|  0%| F|  |TAMS 0x00000000c3100000| PB 0x00000000c3100000| Untracked |  0
|  50|0x00000000c3200000, 0x00000000c3200000, 0x00000000c3300000|  0%| F|  |TAMS 0x00000000c3200000| PB 0x00000000c3200000| Untracked |  0
|  51|0x00000000c3300000, 0x00000000c3300000, 0x00000000c3400000|  0%| F|  |TAMS 0x00000000c3300000| PB 0x00000000c3300000| Untracked |  0
|  52|0x00000000c3400000, 0x00000000c3500000, 0x00000000c3500000|100%| S|CS|TAMS 0x00000000c3400000| PB 0x00000000c3400000| Complete |  0
|  53|0x00000000c3500000, 0x00000000c3600000, 0x00000000c3600000|100%| S|CS|TAMS 0x00000000c3500000| PB 0x00000000c3500000| Complete |  0
|  54|0x00000000c3600000, 0x00000000c3700000, 0x00000000c3700000|100%| S|CS|TAMS 0x00000000c3600000| PB 0x00000000c3600000| Complete |  0
|  55|0x00000000c3700000, 0x00000000c3700000, 0x00000000c3800000|  0%| F|  |TAMS 0x00000000c3700000| PB 0x00000000c3700000| Untracked |  0
|  56|0x00000000c3800000, 0x00000000c3800000, 0x00000000c3900000|  0%| F|  |TAMS 0x00000000c3800000| PB 0x00000000c3800000| Untracked |  0
|  57|0x00000000c3900000, 0x00000000c3900000, 0x00000000c3a00000|  0%| F|  |TAMS 0x00000000c3900000| PB 0x00000000c3900000| Untracked |  0
|  58|0x00000000c3a00000, 0x00000000c3a00000, 0x00000000c3b00000|  0%| F|  |TAMS 0x00000000c3a00000| PB 0x00000000c3a00000| Untracked |  0
|  59|0x00000000c3b00000, 0x00000000c3b00000, 0x00000000c3c00000|  0%| F|  |TAMS 0x00000000c3b00000| PB 0x00000000c3b00000| Untracked |  0
|  60|0x00000000c3c00000, 0x00000000c3c00000, 0x00000000c3d00000|  0%| F|  |TAMS 0x00000000c3c00000| PB 0x00000000c3c00000| Untracked |  0
|  61|0x00000000c3d00000, 0x00000000c3d00000, 0x00000000c3e00000|  0%| F|  |TAMS 0x00000000c3d00000| PB 0x00000000c3d00000| Untracked |  0
|  62|0x00000000c3e00000, 0x00000000c3e00000, 0x00000000c3f00000|  0%| F|  |TAMS 0x00000000c3e00000| PB 0x00000000c3e00000| Untracked |  0
|  63|0x00000000c3f00000, 0x00000000c3f00000, 0x00000000c4000000|  0%| F|  |TAMS 0x00000000c3f00000| PB 0x00000000c3f00000| Untracked |  0
|  64|0x00000000c4000000, 0x00000000c40d08a0, 0x00000000c4100000| 81%| E|  |TAMS 0x00000000c4000000| PB 0x00000000c4000000| Complete |  0
|  65|0x00000000c4100000, 0x00000000c4200000, 0x00000000c4200000|100%| E|CS|TAMS 0x00000000c4100000| PB 0x00000000c4100000| Complete |  0
|  66|0x00000000c4200000, 0x00000000c4300000, 0x00000000c4300000|100%| E|CS|TAMS 0x00000000c4200000| PB 0x00000000c4200000| Complete |  0
|  67|0x00000000c4300000, 0x00000000c4400000, 0x00000000c4400000|100%| E|CS|TAMS 0x00000000c4300000| PB 0x00000000c4300000| Complete |  0
|  68|0x00000000c4400000, 0x00000000c4500000, 0x00000000c4500000|100%| E|CS|TAMS 0x00000000c4400000| PB 0x00000000c4400000| Complete |  0
|  69|0x00000000c4500000, 0x00000000c4600000, 0x00000000c4600000|100%| E|CS|TAMS 0x00000000c4500000| PB 0x00000000c4500000| Complete |  0
|  70|0x00000000c4600000, 0x00000000c4700000, 0x00000000c4700000|100%| E|CS|TAMS 0x00000000c4600000| PB 0x00000000c4600000| Complete |  0
|  71|0x00000000c4700000, 0x00000000c4800000, 0x00000000c4800000|100%| E|CS|TAMS 0x00000000c4700000| PB 0x00000000c4700000| Complete |  0
|  72|0x00000000c4800000, 0x00000000c4900000, 0x00000000c4900000|100%| E|CS|TAMS 0x00000000c4800000| PB 0x00000000c4800000| Complete |  0
|  73|0x00000000c4900000, 0x00000000c4a00000, 0x00000000c4a00000|100%| E|CS|TAMS 0x00000000c4900000| PB 0x00000000c4900000| Complete |  0
|  74|0x00000000c4a00000, 0x00000000c4b00000, 0x00000000c4b00000|100%| E|CS|TAMS 0x00000000c4a00000| PB 0x00000000c4a00000| Complete |  0
|  75|0x00000000c4b00000, 0x00000000c4c00000, 0x00000000c4c00000|100%| E|CS|TAMS 0x00000000c4b00000| PB 0x00000000c4b00000| Complete |  0
|  76|0x00000000c4c00000, 0x00000000c4d00000, 0x00000000c4d00000|100%| E|CS|TAMS 0x00000000c4c00000| PB 0x00000000c4c00000| Complete |  0
|  77|0x00000000c4d00000, 0x00000000c4e00000, 0x00000000c4e00000|100%| E|CS|TAMS 0x00000000c4d00000| PB 0x00000000c4d00000| Complete |  0
|  78|0x00000000c4e00000, 0x00000000c4f00000, 0x00000000c4f00000|100%| E|CS|TAMS 0x00000000c4e00000| PB 0x00000000c4e00000| Complete |  0
|  79|0x00000000c4f00000, 0x00000000c5000000, 0x00000000c5000000|100%| E|CS|TAMS 0x00000000c4f00000| PB 0x00000000c4f00000| Complete |  0
|  80|0x00000000c5000000, 0x00000000c5100000, 0x00000000c5100000|100%| E|CS|TAMS 0x00000000c5000000| PB 0x00000000c5000000| Complete |  0
|  81|0x00000000c5100000, 0x00000000c5200000, 0x00000000c5200000|100%| E|CS|TAMS 0x00000000c5100000| PB 0x00000000c5100000| Complete |  0
|  82|0x00000000c5200000, 0x00000000c5300000, 0x00000000c5300000|100%| E|CS|TAMS 0x00000000c5200000| PB 0x00000000c5200000| Complete |  0
|  83|0x00000000c5300000, 0x00000000c5400000, 0x00000000c5400000|100%| E|CS|TAMS 0x00000000c5300000| PB 0x00000000c5300000| Complete |  0
|  84|0x00000000c5400000, 0x00000000c5500000, 0x00000000c5500000|100%| E|CS|TAMS 0x00000000c5400000| PB 0x00000000c5400000| Complete |  0
|  85|0x00000000c5500000, 0x00000000c5600000, 0x00000000c5600000|100%| E|CS|TAMS 0x00000000c5500000| PB 0x00000000c5500000| Complete |  0
|  86|0x00000000c5600000, 0x00000000c5700000, 0x00000000c5700000|100%| E|CS|TAMS 0x00000000c5600000| PB 0x00000000c5600000| Complete |  0
|  87|0x00000000c5700000, 0x00000000c5800000, 0x00000000c5800000|100%| E|CS|TAMS 0x00000000c5700000| PB 0x00000000c5700000| Complete |  0
|  88|0x00000000c5800000, 0x00000000c5900000, 0x00000000c5900000|100%| E|CS|TAMS 0x00000000c5800000| PB 0x00000000c5800000| Complete |  0
|  89|0x00000000c5900000, 0x00000000c5a00000, 0x00000000c5a00000|100%| E|CS|TAMS 0x00000000c5900000| PB 0x00000000c5900000| Complete |  0
|  90|0x00000000c5a00000, 0x00000000c5b00000, 0x00000000c5b00000|100%| E|CS|TAMS 0x00000000c5a00000| PB 0x00000000c5a00000| Complete |  0
|  91|0x00000000c5b00000, 0x00000000c5c00000, 0x00000000c5c00000|100%| E|CS|TAMS 0x00000000c5b00000| PB 0x00000000c5b00000| Complete |  0
|  92|0x00000000c5c00000, 0x00000000c5d00000, 0x00000000c5d00000|100%| E|CS|TAMS 0x00000000c5c00000| PB 0x00000000c5c00000| Complete |  0
|  93|0x00000000c5d00000, 0x00000000c5e00000, 0x00000000c5e00000|100%| E|CS|TAMS 0x00000000c5d00000| PB 0x00000000c5d00000| Complete |  0
|  94|0x00000000c5e00000, 0x00000000c5f00000, 0x00000000c5f00000|100%| E|CS|TAMS 0x00000000c5e00000| PB 0x00000000c5e00000| Complete |  0
|  95|0x00000000c5f00000, 0x00000000c6000000, 0x00000000c6000000|100%| E|CS|TAMS 0x00000000c5f00000| PB 0x00000000c5f00000| Complete |  0
|  96|0x00000000c6000000, 0x00000000c6100000, 0x00000000c6100000|100%| E|CS|TAMS 0x00000000c6000000| PB 0x00000000c6000000| Complete |  0
|  97|0x00000000c6100000, 0x00000000c6200000, 0x00000000c6200000|100%| E|CS|TAMS 0x00000000c6100000| PB 0x00000000c6100000| Complete |  0
|  98|0x00000000c6200000, 0x00000000c6300000, 0x00000000c6300000|100%| E|CS|TAMS 0x00000000c6200000| PB 0x00000000c6200000| Complete |  0
|  99|0x00000000c6300000, 0x00000000c6400000, 0x00000000c6400000|100%| E|CS|TAMS 0x00000000c6300000| PB 0x00000000c6300000| Complete |  0
| 100|0x00000000c6400000, 0x00000000c6500000, 0x00000000c6500000|100%| E|CS|TAMS 0x00000000c6400000| PB 0x00000000c6400000| Complete |  0
| 101|0x00000000c6500000, 0x00000000c6600000, 0x00000000c6600000|100%| E|CS|TAMS 0x00000000c6500000| PB 0x00000000c6500000| Complete |  0
| 102|0x00000000c6600000, 0x00000000c6700000, 0x00000000c6700000|100%| E|CS|TAMS 0x00000000c6600000| PB 0x00000000c6600000| Complete |  0
| 103|0x00000000c6700000, 0x00000000c6800000, 0x00000000c6800000|100%| E|CS|TAMS 0x00000000c6700000| PB 0x00000000c6700000| Complete |  0
| 104|0x00000000c6800000, 0x00000000c6900000, 0x00000000c6900000|100%| E|CS|TAMS 0x00000000c6800000| PB 0x00000000c6800000| Complete |  0
| 105|0x00000000c6900000, 0x00000000c6a00000, 0x00000000c6a00000|100%| E|CS|TAMS 0x00000000c6900000| PB 0x00000000c6900000| Complete |  0
| 106|0x00000000c6a00000, 0x00000000c6b00000, 0x00000000c6b00000|100%| E|CS|TAMS 0x00000000c6a00000| PB 0x00000000c6a00000| Complete |  0
| 107|0x00000000c6b00000, 0x00000000c6c00000, 0x00000000c6c00000|100%| E|CS|TAMS 0x00000000c6b00000| PB 0x00000000c6b00000| Complete |  0
| 108|0x00000000c6c00000, 0x00000000c6d00000, 0x00000000c6d00000|100%| E|CS|TAMS 0x00000000c6c00000| PB 0x00000000c6c00000| Complete |  0
| 109|0x00000000c6d00000, 0x00000000c6e00000, 0x00000000c6e00000|100%| E|CS|TAMS 0x00000000c6d00000| PB 0x00000000c6d00000| Complete |  0
| 110|0x00000000c6e00000, 0x00000000c6f00000, 0x00000000c6f00000|100%| E|CS|TAMS 0x00000000c6e00000| PB 0x00000000c6e00000| Complete |  0
| 111|0x00000000c6f00000, 0x00000000c7000000, 0x00000000c7000000|100%| E|CS|TAMS 0x00000000c6f00000| PB 0x00000000c6f00000| Complete |  0
| 112|0x00000000c7000000, 0x00000000c7100000, 0x00000000c7100000|100%| E|CS|TAMS 0x00000000c7000000| PB 0x00000000c7000000| Complete |  0
| 113|0x00000000c7100000, 0x00000000c7200000, 0x00000000c7200000|100%| E|CS|TAMS 0x00000000c7100000| PB 0x00000000c7100000| Complete |  0
| 114|0x00000000c7200000, 0x00000000c7300000, 0x00000000c7300000|100%| E|CS|TAMS 0x00000000c7200000| PB 0x00000000c7200000| Complete |  0
| 115|0x00000000c7300000, 0x00000000c7400000, 0x00000000c7400000|100%| E|CS|TAMS 0x00000000c7300000| PB 0x00000000c7300000| Complete |  0
| 116|0x00000000c7400000, 0x00000000c7500000, 0x00000000c7500000|100%| E|CS|TAMS 0x00000000c7400000| PB 0x00000000c7400000| Complete |  0
| 117|0x00000000c7500000, 0x00000000c7600000, 0x00000000c7600000|100%| E|CS|TAMS 0x00000000c7500000| PB 0x00000000c7500000| Complete |  0
| 118|0x00000000c7600000, 0x00000000c7700000, 0x00000000c7700000|100%| E|CS|TAMS 0x00000000c7600000| PB 0x00000000c7600000| Complete |  0
| 119|0x00000000c7700000, 0x00000000c7800000, 0x00000000c7800000|100%| E|CS|TAMS 0x00000000c7700000| PB 0x00000000c7700000| Complete |  0
| 120|0x00000000c7800000, 0x00000000c7900000, 0x00000000c7900000|100%| E|CS|TAMS 0x00000000c7800000| PB 0x00000000c7800000| Complete |  0
| 121|0x00000000c7900000, 0x00000000c7a00000, 0x00000000c7a00000|100%| E|CS|TAMS 0x00000000c7900000| PB 0x00000000c7900000| Complete |  0
| 122|0x00000000c7a00000, 0x00000000c7b00000, 0x00000000c7b00000|100%| E|CS|TAMS 0x00000000c7a00000| PB 0x00000000c7a00000| Complete |  0
| 123|0x00000000c7b00000, 0x00000000c7c00000, 0x00000000c7c00000|100%| E|CS|TAMS 0x00000000c7b00000| PB 0x00000000c7b00000| Complete |  0
| 124|0x00000000c7c00000, 0x00000000c7d00000, 0x00000000c7d00000|100%| E|CS|TAMS 0x00000000c7c00000| PB 0x00000000c7c00000| Complete |  0
| 125|0x00000000c7d00000, 0x00000000c7e00000, 0x00000000c7e00000|100%| E|CS|TAMS 0x00000000c7d00000| PB 0x00000000c7d00000| Complete |  0
| 126|0x00000000c7e00000, 0x00000000c7f00000, 0x00000000c7f00000|100%| E|CS|TAMS 0x00000000c7e00000| PB 0x00000000c7e00000| Complete |  0
| 127|0x00000000c7f00000, 0x00000000c8000000, 0x00000000c8000000|100%| E|CS|TAMS 0x00000000c7f00000| PB 0x00000000c7f00000| Complete |  0

Card table byte_map: [0x000001d1dae80000,0x000001d1db080000] _byte_map_base: 0x000001d1da880000

Marking Bits: (CMBitMap*) 0x000001d1c3638ae0
 Bits: [0x000001d1db080000, 0x000001d1dc080000)

Polling page: 0x000001d1c15d0000

Metaspace:

Usage:
  Non-class:     11.03 MB used.
      Class:      1.27 MB used.
       Both:     12.29 MB used.

Virtual space:
  Non-class space:       64.00 MB reserved,      11.31 MB ( 18%) committed,  1 nodes.
      Class space:        1.00 GB reserved,       1.44 MB ( <1%) committed,  1 nodes.
             Both:        1.06 GB reserved,      12.75 MB (  1%) committed. 

Chunk freelists:
   Non-Class:  4.05 MB
       Class:  14.41 MB
        Both:  18.45 MB

MaxMetaspaceSize: unlimited
CompressedClassSpaceSize: 1.00 GB
Initial GC threshold: 21.00 MB
Current GC threshold: 21.00 MB
CDS: on
 - commit_granule_bytes: 65536.
 - commit_granule_words: 8192.
 - virtual_space_node_default_size: 8388608.
 - enlarge_chunks_in_place: 1.
 - use_allocation_guard: 0.


Internal statistics:

num_allocs_failed_limit: 0.
num_arena_births: 510.
num_arena_deaths: 0.
num_vsnodes_births: 2.
num_vsnodes_deaths: 0.
num_space_committed: 204.
num_space_uncommitted: 0.
num_chunks_returned_to_freelist: 0.
num_chunks_taken_from_freelist: 846.
num_chunk_merges: 0.
num_chunk_splits: 526.
num_chunks_enlarged: 265.
num_inconsistent_stats: 0.

CodeHeap 'non-profiled nmethods': size=120000Kb used=2187Kb max_used=2187Kb free=117812Kb
 bounds [0x000001d1d3420000, 0x000001d1d3690000, 0x000001d1da950000]
CodeHeap 'profiled nmethods': size=120000Kb used=6881Kb max_used=6881Kb free=113118Kb
 bounds [0x000001d1cb950000, 0x000001d1cc010000, 0x000001d1d2e80000]
CodeHeap 'non-nmethods': size=5760Kb used=1529Kb max_used=1584Kb free=4231Kb
 bounds [0x000001d1d2e80000, 0x000001d1d30f0000, 0x000001d1d3420000]
 total_blobs=3968 nmethods=3365 adapters=507
 compilation: enabled
              stopped_count=0, restarted_count=0
 full_count=0

Compilation events (20 events):
Event: 90.174 Thread 0x000001d1dea9d4f0 3377       2       java.nio.CharBuffer::position (8 bytes)
Event: 90.175 Thread 0x000001d1dea9d4f0 nmethod 3377 0x000001d1cc006390 code [0x000001d1cc006520, 0x000001d1cc006650]
Event: 90.175 Thread 0x000001d1dea9d4f0 3378       3       java.io.ObjectOutputStream::writeString (74 bytes)
Event: 90.176 Thread 0x000001d1dea9d4f0 nmethod 3378 0x000001d1cc006710 code [0x000001d1cc006960, 0x000001d1cc006f60]
Event: 90.176 Thread 0x000001d1dea9d4f0 3379       3       java.io.ObjectOutputStream$BlockDataOutputStream::getUTFLength (124 bytes)
Event: 90.176 Thread 0x000001d1dea9d4f0 nmethod 3379 0x000001d1cc007290 code [0x000001d1cc007480, 0x000001d1cc007a28]
Event: 90.190 Thread 0x000001d225239ca0 nmethod 3338 0x000001d1d3635890 code [0x000001d1d3635cc0, 0x000001d1d3639ca8]
Event: 90.191 Thread 0x000001d225239ca0 3369       4       java.lang.StringUTF16::getChars (42 bytes)
Event: 90.204 Thread 0x000001d225239ca0 nmethod 3369 0x000001d1d363bc10 code [0x000001d1d363bda0, 0x000001d1d363c078]
Event: 90.205 Thread 0x000001d225239ca0 3368       4       java.io.ObjectOutputStream$BlockDataOutputStream::writeUTFBody (386 bytes)
Event: 90.252 Thread 0x000001d225239ca0 nmethod 3368 0x000001d1d363c290 code [0x000001d1d363c540, 0x000001d1d363dad8]
Event: 90.252 Thread 0x000001d225239ca0 3382 %     4       java.io.ObjectOutputStream$BlockDataOutputStream::getUTFLength @ 47 (124 bytes)
Event: 90.263 Thread 0x000001d225239ca0 nmethod 3382% 0x000001d1d363e990 code [0x000001d1d363eb60, 0x000001d1d363f230]
Event: 90.263 Thread 0x000001d225239ca0 3370       4       org.postgresql.jdbc.PgResultSetMetaData::populateFieldsWithMetadata (101 bytes)
Event: 90.301 Thread 0x000001d225239ca0 nmethod 3370 0x000001d1d363f790 code [0x000001d1d363fa00, 0x000001d1d36408e0]
Event: 90.302 Thread 0x000001d225239ca0 3374       4       java.lang.StackTraceElement::of (30 bytes)
Event: 90.329 Thread 0x000001d225239ca0 nmethod 3374 0x000001d1d3641390 code [0x000001d1d36415c0, 0x000001d1d3642178]
Event: 90.329 Thread 0x000001d225239ca0 3375       4       java.lang.StackTraceElement::of (39 bytes)
Event: 90.337 Thread 0x000001d225239ca0 nmethod 3375 0x000001d1d3642890 code [0x000001d1d3642a40, 0x000001d1d3642e08]
Event: 90.337 Thread 0x000001d225239ca0 3376       4       java.lang.Throwable::lockedPrintStackTrace (154 bytes)

GC Heap History (8 events):
Event: 1.351 GC heap before
{Heap before GC invocations=0 (full 0):
 garbage-first heap   total reserved 1048576K, committed 131072K, used 26624K [0x00000000c0000000, 0x0000000100000000)
  region size 1024K, 24 young (24576K), 0 survivors (0K)
 Metaspace       used 10141K, committed 10496K, reserved 1114112K
  class space    used 1121K, committed 1280K, reserved 1048576K
}
Event: 1.358 GC heap after
{Heap after GC invocations=1 (full 0):
 garbage-first heap   total reserved 1048576K, committed 131072K, used 8960K [0x00000000c0000000, 0x0000000100000000)
  region size 1024K, 3 young (3072K), 3 survivors (3072K)
 Metaspace       used 10141K, committed 10496K, reserved 1114112K
  class space    used 1121K, committed 1280K, reserved 1048576K
}
Event: 4.493 GC heap before
{Heap before GC invocations=1 (full 0):
 garbage-first heap   total reserved 1048576K, committed 131072K, used 38656K [0x00000000c0000000, 0x0000000100000000)
  region size 1024K, 33 young (33792K), 3 survivors (3072K)
 Metaspace       used 11705K, committed 12096K, reserved 1114112K
  class space    used 1237K, committed 1408K, reserved 1048576K
}
Event: 4.502 GC heap after
{Heap after GC invocations=2 (full 0):
 garbage-first heap   total reserved 1048576K, committed 131072K, used 10632K [0x00000000c0000000, 0x0000000100000000)
  region size 1024K, 2 young (2048K), 2 survivors (2048K)
 Metaspace       used 11705K, committed 12096K, reserved 1114112K
  class space    used 1237K, committed 1408K, reserved 1048576K
}
Event: 89.872 GC heap before
{Heap before GC invocations=2 (full 0):
 garbage-first heap   total reserved 1048576K, committed 131072K, used 86408K [0x00000000c0000000, 0x0000000100000000)
  region size 1024K, 76 young (77824K), 2 survivors (2048K)
 Metaspace       used 12584K, committed 13056K, reserved 1114112K
  class space    used 1295K, committed 1472K, reserved 1048576K
}
Event: 89.878 GC heap after
{Heap after GC invocations=3 (full 0):
 garbage-first heap   total reserved 1048576K, committed 131072K, used 11702K [0x00000000c0000000, 0x0000000100000000)
  region size 1024K, 3 young (3072K), 3 survivors (3072K)
 Metaspace       used 12584K, committed 13056K, reserved 1114112K
  class space    used 1295K, committed 1472K, reserved 1048576K
}
Event: 90.197 GC heap before
{Heap before GC invocations=3 (full 0):
 garbage-first heap   total reserved 1048576K, committed 131072K, used 86454K [0x00000000c0000000, 0x0000000100000000)
  region size 1024K, 76 young (77824K), 3 survivors (3072K)
 Metaspace       used 12587K, committed 13056K, reserved 1114112K
  class space    used 1295K, committed 1472K, reserved 1048576K
}
Event: 90.201 GC heap after
{Heap after GC invocations=4 (full 0):
 garbage-first heap   total reserved 1048576K, committed 131072K, used 13028K [0x00000000c0000000, 0x0000000100000000)
  region size 1024K, 4 young (4096K), 4 survivors (4096K)
 Metaspace       used 12587K, committed 13056K, reserved 1114112K
  class space    used 1295K, committed 1472K, reserved 1048576K
}

Dll operation events (11 events):
Event: 0.011 Loaded shared library C:\Program Files\Java\jdk-22\bin\java.dll
Event: 0.054 Loaded shared library C:\Program Files\Java\jdk-22\bin\jsvml.dll
Event: 0.098 Loaded shared library C:\Program Files\Java\jdk-22\bin\net.dll
Event: 0.101 Loaded shared library C:\Program Files\Java\jdk-22\bin\nio.dll
Event: 0.127 Loaded shared library C:\Program Files\Java\jdk-22\bin\zip.dll
Event: 0.138 Loaded shared library C:\Program Files\Java\jdk-22\bin\jimage.dll
Event: 0.218 Loaded shared library C:\Program Files\Java\jdk-22\bin\awt.dll
Event: 0.410 Loaded shared library C:\Program Files\Java\jdk-22\bin\extnet.dll
Event: 0.439 Loaded shared library C:\Program Files\Java\jdk-22\bin\rmi.dll
Event: 0.909 Loaded shared library C:\Program Files\Java\jdk-22\bin\management.dll
Event: 0.912 Loaded shared library C:\Program Files\Java\jdk-22\bin\management_ext.dll

Deoptimization events (20 events):
Event: 90.238 Thread 0x000001d2247679b0 DEOPT PACKING pc=0x000001d1cc00414e sp=0x00000028983fdf50
Event: 90.238 Thread 0x000001d2247679b0 DEOPT UNPACKING pc=0x000001d1d2ed4e42 sp=0x00000028983fd418 mode 0
Event: 90.239 Thread 0x000001d2247679b0 DEOPT PACKING pc=0x000001d1cc00414e sp=0x00000028983fdf50
Event: 90.239 Thread 0x000001d2247679b0 DEOPT UNPACKING pc=0x000001d1d2ed4e42 sp=0x00000028983fd418 mode 0
Event: 90.239 Thread 0x000001d2247679b0 DEOPT PACKING pc=0x000001d1cc00414e sp=0x00000028983fdf50
Event: 90.239 Thread 0x000001d2247679b0 DEOPT UNPACKING pc=0x000001d1d2ed4e42 sp=0x00000028983fd418 mode 0
Event: 90.240 Thread 0x000001d2247679b0 DEOPT PACKING pc=0x000001d1cc00414e sp=0x00000028983fdf50
Event: 90.240 Thread 0x000001d2247679b0 DEOPT UNPACKING pc=0x000001d1d2ed4e42 sp=0x00000028983fd418 mode 0
Event: 90.240 Thread 0x000001d2247679b0 DEOPT PACKING pc=0x000001d1cc00414e sp=0x00000028983fdf50
Event: 90.240 Thread 0x000001d2247679b0 DEOPT UNPACKING pc=0x000001d1d2ed4e42 sp=0x00000028983fd418 mode 0
Event: 90.240 Thread 0x000001d2247679b0 DEOPT PACKING pc=0x000001d1cc00414e sp=0x00000028983fdf50
Event: 90.240 Thread 0x000001d2247679b0 DEOPT UNPACKING pc=0x000001d1d2ed4e42 sp=0x00000028983fd418 mode 0
Event: 90.241 Thread 0x000001d2247679b0 DEOPT PACKING pc=0x000001d1cc00414e sp=0x00000028983fdf50
Event: 90.241 Thread 0x000001d2247679b0 DEOPT UNPACKING pc=0x000001d1d2ed4e42 sp=0x00000028983fd418 mode 0
Event: 90.241 Thread 0x000001d2247679b0 DEOPT PACKING pc=0x000001d1cc00414e sp=0x00000028983fdf50
Event: 90.241 Thread 0x000001d2247679b0 DEOPT UNPACKING pc=0x000001d1d2ed4e42 sp=0x00000028983fd418 mode 0
Event: 90.242 Thread 0x000001d2247679b0 DEOPT PACKING pc=0x000001d1cc00414e sp=0x00000028983fdf50
Event: 90.242 Thread 0x000001d2247679b0 DEOPT UNPACKING pc=0x000001d1d2ed4e42 sp=0x00000028983fd418 mode 0
Event: 90.242 Thread 0x000001d2247679b0 DEOPT PACKING pc=0x000001d1cc00414e sp=0x00000028983fdf50
Event: 90.242 Thread 0x000001d2247679b0 DEOPT UNPACKING pc=0x000001d1d2ed4e42 sp=0x00000028983fd418 mode 0

Classes loaded (20 events):
Event: 89.553 Loading class java/text/MessageFormat
Event: 89.554 Loading class java/text/MessageFormat done
Event: 89.555 Loading class java/text/MessageFormat$Field
Event: 89.555 Loading class java/text/MessageFormat$Field done
Event: 89.565 Loading class java/lang/StackTraceElement$HashedModules
Event: 89.566 Loading class java/lang/StackTraceElement$HashedModules done
Event: 89.566 Loading class java/lang/invoke/WrongMethodTypeException
Event: 89.567 Loading class java/lang/invoke/WrongMethodTypeException done
Event: 89.569 Loading class java/lang/Throwable$PrintStreamOrWriter
Event: 89.569 Loading class java/lang/Throwable$PrintStreamOrWriter done
Event: 89.580 Loading class java/lang/Throwable$WrappedPrintStream
Event: 89.580 Loading class java/lang/Throwable$WrappedPrintStream done
Event: 89.687 Loading class java/io/StringWriter
Event: 89.688 Loading class java/io/StringWriter done
Event: 89.689 Loading class java/io/PrintWriter$1
Event: 89.689 Loading class jdk/internal/access/JavaIOPrintWriterAccess
Event: 89.690 Loading class jdk/internal/access/JavaIOPrintWriterAccess done
Event: 89.690 Loading class java/io/PrintWriter$1 done
Event: 89.690 Loading class java/lang/Throwable$WrappedPrintWriter
Event: 89.690 Loading class java/lang/Throwable$WrappedPrintWriter done

Classes unloaded (0 events):
No events

Classes redefined (0 events):
No events

Internal exceptions (20 events):
Event: 69.816 Thread 0x000001d224765f70 Implicit null exception at 0x000001d1d354ba87 to 0x000001d1d354bc08
Event: 89.308 Thread 0x000001d2247679b0 Implicit null exception at 0x000001d1d352e5da to 0x000001d1d352f16c
Event: 89.309 Thread 0x000001d2247679b0 Implicit null exception at 0x000001d1d35f7d18 to 0x000001d1d35f8dc4
Event: 89.351 Thread 0x000001d2264cbb60 Implicit null exception at 0x000001d1d34ffa2d to 0x000001d1d34ffd40
Event: 89.403 Thread 0x000001d2264ce2c0 Implicit null exception at 0x000001d1d34e1385 to 0x000001d1d34e1430
Event: 89.517 Thread 0x000001d2264cfd00 Exception <a 'sun/net/ConnectionResetException'{0x00000000c473d778}: Connection reset> (0x00000000c473d778) 
thrown [s\open\src\hotspot\share\prims\jni.cpp, line 539]
Event: 89.521 Thread 0x000001d2264ce2c0 Exception <a 'sun/net/ConnectionResetException'{0x00000000c4aec858}: Connection reset> (0x00000000c4aec858) 
thrown [s\open\src\hotspot\share\prims\jni.cpp, line 539]
Event: 89.561 Thread 0x000001d2264cfd00 Implicit null exception at 0x000001d1d35bc48c to 0x000001d1d35bc954
Event: 89.561 Thread 0x000001d22435c3f0 Implicit null exception at 0x000001d1d35bc48c to 0x000001d1d35bc954
Event: 89.561 Thread 0x000001d2264ce2c0 Implicit null exception at 0x000001d1d35bc01a to 0x000001d1d35bc054
Event: 89.565 Thread 0x000001d22435c3f0 Exception <a 'java/lang/NoSuchMethodError'{0x00000000c48f93b0}: 'int java.lang.invoke.DirectMethodHandle$Holder.invokeVirtual(java.lang.Object, java.lang.Object)'> (0x00000000c48f93b0) 
thrown [s\open\src\hotspot\share\interpreter\linkResolver.cpp, line 774]
Event: 89.574 Thread 0x000001d2247679b0 Exception <a 'java/io/IOException'{0x00000000c47a3fd8}: Connection reset by peer> (0x00000000c47a3fd8) 
thrown [s\open\src\hotspot\share\prims\jni.cpp, line 539]
Event: 89.576 Thread 0x000001d2247679b0 Exception <a 'java/lang/NoSuchMethodError'{0x00000000c47ae1f0}: static [Ljava/lang/StackTraceElement;.<clinit>()V> (0x00000000c47ae1f0) 
thrown [s\open\src\hotspot\share\prims\jni.cpp, line 1111]
Event: 89.576 Thread 0x000001d2264ce2c0 Exception <a 'java/lang/NoSuchMethodError'{0x00000000c4689900}: static [Ljava/lang/StackTraceElement;.<clinit>()V> (0x00000000c4689900) 
thrown [s\open\src\hotspot\share\prims\jni.cpp, line 1111]
Event: 89.578 Thread 0x000001d224768040 Exception <a 'sun/net/ConnectionResetException'{0x00000000c47d5578}: Connection reset> (0x00000000c47d5578) 
thrown [s\open\src\hotspot\share\prims\jni.cpp, line 539]
Event: 89.591 Thread 0x000001d22435c3f0 Exception <a 'java/io/IOException'{0x00000000c46548a0}: Connection reset by peer> (0x00000000c46548a0) 
thrown [s\open\src\hotspot\share\prims\jni.cpp, line 539]
Event: 89.592 Thread 0x000001d22435c3f0 Implicit null exception at 0x000001d1d36060de to 0x000001d1d3606344
Event: 89.592 Thread 0x000001d2264cbb60 Exception <a 'sun/net/ConnectionResetException'{0x00000000c4616cc0}: Connection reset> (0x00000000c4616cc0) 
thrown [s\open\src\hotspot\share\prims\jni.cpp, line 539]
Event: 89.614 Thread 0x000001d2264d0a20 Exception <a 'sun/net/ConnectionResetException'{0x00000000c481b540}: Connection reset> (0x00000000c481b540) 
thrown [s\open\src\hotspot\share\prims\jni.cpp, line 539]
Event: 89.659 Thread 0x000001d224765f70 Exception <a 'sun/net/ConnectionResetException'{0x00000000c4974fe8}: Connection reset> (0x00000000c4974fe8) 
thrown [s\open\src\hotspot\share\prims\jni.cpp, line 539]

ZGC Phase Switch (0 events):
No events

VM Operations (20 events):
Event: 52.721 Executing VM operation: Cleanup
Event: 52.721 Executing VM operation: Cleanup done
Event: 60.157 Executing VM operation: HandshakeAllThreads (HandshakeForDeflation)
Event: 60.157 Executing VM operation: HandshakeAllThreads (HandshakeForDeflation) done
Event: 60.157 Executing VM operation: RendezvousGCThreads
Event: 60.157 Executing VM operation: RendezvousGCThreads done
Event: 64.158 Executing VM operation: Cleanup
Event: 64.158 Executing VM operation: Cleanup done
Event: 65.158 Executing VM operation: Cleanup
Event: 65.158 Executing VM operation: Cleanup done
Event: 70.161 Executing VM operation: Cleanup
Event: 70.161 Executing VM operation: Cleanup done
Event: 89.169 Executing VM operation: Cleanup
Event: 89.169 Executing VM operation: Cleanup done
Event: 89.567 Executing VM operation: HandshakeAllThreads (Deoptimize)
Event: 89.568 Executing VM operation: HandshakeAllThreads (Deoptimize) done
Event: 89.872 Executing VM operation: G1CollectForAllocation (G1 Evacuation Pause)
Event: 89.878 Executing VM operation: G1CollectForAllocation (G1 Evacuation Pause) done
Event: 90.197 Executing VM operation: G1CollectForAllocation (G1 Evacuation Pause)
Event: 90.201 Executing VM operation: G1CollectForAllocation (G1 Evacuation Pause) done

Events (20 events):
Event: 88.854 Thread 0x000001d2247679b0 Thread exited: 0x000001d2247679b0
Event: 88.854 Thread 0x000001d2264d1740 Thread added: 0x000001d2264d1740
Event: 88.854 Thread 0x000001d2264cc1f0 Thread exited: 0x000001d2264cc1f0
Event: 88.855 Thread 0x000001d2264d0390 Thread added: 0x000001d2264d0390
Event: 88.855 Thread 0x000001d2264cc880 Thread exited: 0x000001d2264cc880
Event: 88.855 Thread 0x000001d2264d0a20 Thread added: 0x000001d2264d0a20
Event: 88.855 Thread 0x000001d2264d1740 Thread exited: 0x000001d2264d1740
Event: 88.855 Thread 0x000001d2264d1dd0 Thread added: 0x000001d2264d1dd0
Event: 88.855 Thread 0x000001d2264d0390 Thread exited: 0x000001d2264d0390
Event: 88.855 Thread 0x000001d2264d0a20 Thread exited: 0x000001d2264d0a20
Event: 88.855 Thread 0x000001d2264d1dd0 Thread exited: 0x000001d2264d1dd0
Event: 89.157 Thread 0x000001d2252395d0 Thread exited: 0x000001d2252395d0
Event: 89.307 Thread 0x000001d2247679b0 Thread added: 0x000001d2247679b0
Event: 89.346 Thread 0x000001d2264cbb60 Thread added: 0x000001d2264cbb60
Event: 89.400 Thread 0x000001d2264ce2c0 Thread added: 0x000001d2264ce2c0
Event: 89.440 Thread 0x000001d2264d0a20 Thread added: 0x000001d2264d0a20
Event: 89.482 Thread 0x000001d2264cfd00 Thread added: 0x000001d2264cfd00
Event: 89.574 Thread 0x000001d2264ce950 Thread added: 0x000001d2264ce950
Event: 89.578 Thread 0x000001d22523aa40 Thread added: 0x000001d22523aa40
Event: 89.643 Thread 0x000001d225239ca0 Thread added: 0x000001d225239ca0


Dynamic libraries:
0x00007ff6657d0000 - 0x00007ff6657e0000 	C:\Program Files\Java\jdk-22\bin\java.exe
0x00007ffe4d610000 - 0x00007ffe4d808000 	C:\WINDOWS\SYSTEM32\ntdll.dll
0x00007ffe4c860000 - 0x00007ffe4c91d000 	C:\WINDOWS\System32\KERNEL32.DLL
0x00007ffe4acf0000 - 0x00007ffe4afe6000 	C:\WINDOWS\System32\KERNELBASE.dll
0x00007ffe4b370000 - 0x00007ffe4b470000 	C:\WINDOWS\System32\ucrtbase.dll
0x00007ffe44cd0000 - 0x00007ffe44ce7000 	C:\Program Files\Java\jdk-22\bin\jli.dll
0x00007ffe4b7d0000 - 0x00007ffe4b87f000 	C:\WINDOWS\System32\ADVAPI32.dll
0x00007ffe4d4d0000 - 0x00007ffe4d56e000 	C:\WINDOWS\System32\msvcrt.dll
0x00007ffe44870000 - 0x00007ffe4488b000 	C:\Program Files\Java\jdk-22\bin\VCRUNTIME140.dll
0x00007ffe4d180000 - 0x00007ffe4d21c000 	C:\WINDOWS\System32\sechost.dll
0x00007ffe4ca90000 - 0x00007ffe4cbb6000 	C:\WINDOWS\System32\RPCRT4.dll
0x00007ffe4c110000 - 0x00007ffe4c2ae000 	C:\WINDOWS\System32\USER32.dll
0x00007ffe4b470000 - 0x00007ffe4b492000 	C:\WINDOWS\System32\win32u.dll
0x00007ffe3aa30000 - 0x00007ffe3acca000 	C:\WINDOWS\WinSxS\amd64_microsoft.windows.common-controls_6595b64144ccf1df_6.0.19041.3636_none_60b6a03d71f818d5\COMCTL32.dll
0x00007ffe4cf90000 - 0x00007ffe4cfbc000 	C:\WINDOWS\System32\GDI32.dll
0x00007ffe4b0b0000 - 0x00007ffe4b1ca000 	C:\WINDOWS\System32\gdi32full.dll
0x00007ffe4b1d0000 - 0x00007ffe4b26d000 	C:\WINDOWS\System32\msvcp_win.dll
0x00007ffe43a80000 - 0x00007ffe43a8a000 	C:\WINDOWS\SYSTEM32\VERSION.dll
0x00007ffe4b690000 - 0x00007ffe4b6c0000 	C:\WINDOWS\System32\IMM32.DLL
0x00007ffe465e0000 - 0x00007ffe465ec000 	C:\Program Files\Java\jdk-22\bin\vcruntime140_1.dll
0x00007ffe31dc0000 - 0x00007ffe31e4e000 	C:\Program Files\Java\jdk-22\bin\msvcp140.dll
0x00007ffe18440000 - 0x00007ffe19187000 	C:\Program Files\Java\jdk-22\bin\server\jvm.dll
0x00007ffe4cbc0000 - 0x00007ffe4cc2b000 	C:\WINDOWS\System32\WS2_32.dll
0x00007ffe4ab50000 - 0x00007ffe4ab9b000 	C:\WINDOWS\SYSTEM32\POWRPROF.dll
0x00007ffe40a00000 - 0x00007ffe40a27000 	C:\WINDOWS\SYSTEM32\WINMM.dll
0x00007ffe4ab30000 - 0x00007ffe4ab42000 	C:\WINDOWS\SYSTEM32\UMPDC.dll
0x00007ffe49590000 - 0x00007ffe495a2000 	C:\WINDOWS\SYSTEM32\kernel.appcore.dll
0x00007ffe44d20000 - 0x00007ffe44d2a000 	C:\Program Files\Java\jdk-22\bin\jimage.dll
0x00007ffe48ff0000 - 0x00007ffe491d4000 	C:\WINDOWS\SYSTEM32\DBGHELP.DLL
0x00007ffe36db0000 - 0x00007ffe36de4000 	C:\WINDOWS\SYSTEM32\dbgcore.DLL
0x00007ffe4b020000 - 0x00007ffe4b0a2000 	C:\WINDOWS\System32\bcryptPrimitives.dll
0x00007ffe44cf0000 - 0x00007ffe44d0e000 	C:\Program Files\Java\jdk-22\bin\java.dll
0x00007ffe4b880000 - 0x00007ffe4bfc5000 	C:\WINDOWS\System32\SHELL32.dll
0x00007ffe4d3a0000 - 0x00007ffe4d4cb000 	C:\WINDOWS\System32\ole32.dll
0x00007ffe4cc30000 - 0x00007ffe4cf84000 	C:\WINDOWS\System32\combase.dll
0x00007ffe48780000 - 0x00007ffe48f1b000 	C:\WINDOWS\SYSTEM32\windows.storage.dll
0x00007ffe4a660000 - 0x00007ffe4a68d000 	C:\WINDOWS\SYSTEM32\Wldp.dll
0x00007ffe4b720000 - 0x00007ffe4b7cd000 	C:\WINDOWS\System32\SHCORE.dll
0x00007ffe4d340000 - 0x00007ffe4d395000 	C:\WINDOWS\System32\shlwapi.dll
0x00007ffe4ac20000 - 0x00007ffe4ac45000 	C:\WINDOWS\SYSTEM32\profapi.dll
0x00007ffe44120000 - 0x00007ffe441f7000 	C:\Program Files\Java\jdk-22\bin\jsvml.dll
0x00007ffe44cc0000 - 0x00007ffe44cd0000 	C:\Program Files\Java\jdk-22\bin\net.dll
0x00007ffe4a3c0000 - 0x00007ffe4a42a000 	C:\WINDOWS\system32\mswsock.dll
0x00007ffe44ca0000 - 0x00007ffe44cb6000 	C:\Program Files\Java\jdk-22\bin\nio.dll
0x00007ffe44c80000 - 0x00007ffe44c97000 	C:\Program Files\Java\jdk-22\bin\zip.dll
0x00007ffe42480000 - 0x00007ffe4260e000 	C:\Program Files\Java\jdk-22\bin\awt.dll
0x00007ffe4c9c0000 - 0x00007ffe4ca8d000 	C:\WINDOWS\System32\OLEAUT32.dll
0x00007ffe47f30000 - 0x00007ffe47fc0000 	C:\WINDOWS\SYSTEM32\apphelp.dll
0x00007ffe480d0000 - 0x00007ffe4816e000 	C:\WINDOWS\system32\uxtheme.dll
0x00007ffe4d220000 - 0x00007ffe4d334000 	C:\WINDOWS\System32\MSCTF.dll
0x00007ffe4a0b0000 - 0x00007ffe4a0eb000 	C:\WINDOWS\SYSTEM32\IPHLPAPI.DLL
0x00007ffe4cfc0000 - 0x00007ffe4cfc8000 	C:\WINDOWS\System32\NSI.dll
0x00007ffe4a5b0000 - 0x00007ffe4a5c8000 	C:\WINDOWS\SYSTEM32\CRYPTSP.dll
0x00007ffe49cf0000 - 0x00007ffe49d24000 	C:\WINDOWS\system32\rsaenh.dll
0x00007ffe4aff0000 - 0x00007ffe4b017000 	C:\WINDOWS\System32\bcrypt.dll
0x00007ffe4aba0000 - 0x00007ffe4abce000 	C:\WINDOWS\SYSTEM32\USERENV.dll
0x00007ffe4a5d0000 - 0x00007ffe4a5dc000 	C:\WINDOWS\SYSTEM32\CRYPTBASE.dll
0x00007ffe44890000 - 0x00007ffe44899000 	C:\Program Files\Java\jdk-22\bin\extnet.dll
0x00007ffe44030000 - 0x00007ffe44037000 	C:\Program Files\Java\jdk-22\bin\rmi.dll
0x00007ffe4a0f0000 - 0x00007ffe4a1ba000 	C:\WINDOWS\SYSTEM32\DNSAPI.dll
0x0000000063560000 - 0x0000000063569000 	C:\Program Files\National Instruments\Shared\mDNS Responder\nimdnsNSP.dll
0x0000000063550000 - 0x000000006355e000 	C:\WINDOWS\SYSTEM32\nimdnsResponder.dll
0x0000000076170000 - 0x0000000076213000 	C:\WINDOWS\WinSxS\amd64_microsoft.vc90.crt_1fc8b3b9a1e18e3b_9.0.30729.9625_none_08e1c10da83fbc83\MSVCR90.dll
0x00007ffe382b0000 - 0x00007ffe382ba000 	C:\Windows\System32\rasadhlp.dll
0x00007ffe38c80000 - 0x00007ffe38d00000 	C:\WINDOWS\System32\fwpuclnt.dll
0x00007ffe44c70000 - 0x00007ffe44c7a000 	C:\Program Files\Java\jdk-22\bin\management.dll
0x00007ffe44c60000 - 0x00007ffe44c6b000 	C:\Program Files\Java\jdk-22\bin\management_ext.dll
0x00007ffe4c100000 - 0x00007ffe4c108000 	C:\WINDOWS\System32\PSAPI.DLL

dbghelp: loaded successfully - version: 4.0.5 - missing functions: none
symbol engine: initialized successfully - sym options: 0x614 - pdb path: .;C:\Program Files\Java\jdk-22\bin;C:\WINDOWS\SYSTEM32;C:\WINDOWS\WinSxS\amd64_microsoft.windows.common-controls_6595b64144ccf1df_6.0.19041.3636_none_60b6a03d71f818d5;C:\Program Files\Java\jdk-22\bin\server;C:\Program Files\National Instruments\Shared\mDNS Responder;C:\WINDOWS\WinSxS\amd64_microsoft.vc90.crt_1fc8b3b9a1e18e3b_9.0.30729.9625_none_08e1c10da83fbc83

VM Arguments:
jvm_args: -Djava.rmi.server.hostname=127.0.0.1 -Duser.timezone=UTC -Xmx1024m -Xms128m -Djdbc.classpath=C:\Users\79033\AppData\Local\Programs\IntelliJ IDEA Ultimate\plugins\DatabaseTools\lib\jdbc-console.jar;C:\Users\79033\AppData\Roaming\JetBrains\IntelliJIdea2024.1\jdbc-drivers\PostgreSQL\42.6.0\org\postgresql\postgresql\42.6.0\postgresql-42.6.0.jar;C:\Users\79033\AppData\Roaming\JetBrains\IntelliJIdea2024.1\jdbc-drivers\PostgreSQL\42.6.0\org\checkerframework\checker-qual\3.31.0\checker-qual-3.31.0.jar;C:\Users\79033\AppData\Roaming\JetBrains\IntelliJIdea2024.1\jdbc-drivers\PostgreSQL\42.6.0\com\github\waffle\waffle-jna\1.9.1\waffle-jna-1.9.1.jar;C:\Users\79033\AppData\Roaming\JetBrains\IntelliJIdea2024.1\jdbc-drivers\PostgreSQL\42.6.0\net\java\dev\jna\jna\4.5.1\jna-4.5.1.jar;C:\Users\79033\AppData\Roaming\JetBrains\IntelliJIdea2024.1\jdbc-drivers\PostgreSQL\42.6.0\net\java\dev\jna\jna-platform\4.5.1\jna-platform-4.5.1.jar;C:\Users\79033\AppData\Roaming\JetBrains\IntelliJIdea2024.1\jdbc-drivers\PostgreSQL\42.6.0\org\slf4j\jcl-over-slf4j\1.7.25\jcl-over-slf4j-1.7.25.jar;C:\Users\79033\AppData\Roaming\JetBrains\IntelliJIdea2024.1\jdbc-drivers\PostgreSQL\42.6.0\org\slf4j\slf4j-api\1.7.25\slf4j-api-1.7.25.jar;C:\Users\79033\AppData\Roaming\JetBrains\IntelliJIdea2024.1\jdbc-drivers\PostgreSQL\42.6.0\com\github\ben-manes\caffeine\caffeine\2.6.2\caffeine-2.6.2.jar --add-exports=java.desktop/sun.awt=ALL-UNNAMED --add-exports=java.desktop/java.awt.peer=ALL-UNNAMED --add-opens=java.desktop/java.awt=ALL-UNNAMED --add-opens=jdk.unsupported/sun.misc=ALL-UNNAMED --add-opens=java.base/java.nio=ALL-UNNAMED --add-opens=java.base/java.util=ALL-UNNAMED -Dfile.encoding=UTF-8 -Dsun.stdout.encoding=UTF-8 -Dsun.stderr.encoding=UTF-8 
java_command: com.intellij.database.remote.RemoteJdbcServer org.postgresql.Driver
java_class_path (initial): C:\Users\79033\AppData\Local\Programs\IntelliJ IDEA Ultimate\lib\util_rt.jar;C:\Users\79033\AppData\Local\Programs\IntelliJ IDEA Ultimate\lib\util-8.jar;C:\Users\79033\AppData\Local\Programs\IntelliJ IDEA Ultimate\lib\groovy.jar;C:\Users\79033\AppData\Local\Programs\IntelliJ IDEA Ultimate\plugins\DatabaseTools\lib\jdbc-console.jar;C:\Users\79033\AppData\Local\Programs\IntelliJ IDEA Ultimate\plugins\grid-core-impl\lib\jdbc-console-types.jar;C:\Users\79033\AppData\Local\Programs\IntelliJ IDEA Ultimate\lib\util.jar
Launcher Type: SUN_STANDARD

[Global flags]
     intx CICompilerCount                          = 4                                         {product} {ergonomic}
     uint ConcGCThreads                            = 2                                         {product} {ergonomic}
     uint G1ConcRefinementThreads                  = 8                                         {product} {ergonomic}
   size_t G1HeapRegionSize                         = 1048576                                   {product} {ergonomic}
   size_t InitialHeapSize                          = 134217728                                 {product} {command line}
   size_t MarkStackSize                            = 4194304                                   {product} {ergonomic}
   size_t MaxHeapSize                              = 1073741824                                {product} {command line}
   size_t MaxNewSize                               = 643825664                                 {product} {ergonomic}
   size_t MinHeapDeltaBytes                        = 1048576                                   {product} {ergonomic}
   size_t MinHeapSize                              = 134217728                                 {product} {command line}
    uintx NonNMethodCodeHeapSize                   = 5839372                                {pd product} {ergonomic}
    uintx NonProfiledCodeHeapSize                  = 122909434                              {pd product} {ergonomic}
    uintx ProfiledCodeHeapSize                     = 122909434                              {pd product} {ergonomic}
    uintx ReservedCodeCacheSize                    = 251658240                              {pd product} {ergonomic}
     bool SegmentedCodeCache                       = true                                      {product} {ergonomic}
   size_t SoftMaxHeapSize                          = 1073741824                             {manageable} {ergonomic}
     bool UseCompressedOops                        = true                           {product lp64_product} {ergonomic}
     bool UseG1GC                                  = true                                      {product} {ergonomic}
     bool UseLargePagesIndividualAllocation        = false                                  {pd product} {ergonomic}

Logging:
Log output configuration:
 #0: stdout all=warning uptime,level,tags foldmultilines=false
 #1: stderr all=off uptime,level,tags foldmultilines=false

Environment Variables:
JAVA_HOME=C:\Program Files\Java\jdk-22
CLASSPATH=C:\Users\79033\NIR\antlr-4.13.1-complete.jar;%CLASSPATH%;D:\grammatica\;D:\grammatica\test\;
PATH=C:\Program Files\Common Files\Oracle\Java\javapath;C:\Program Files (x86)\Common Files\Oracle\Java\javapath;C:\Program Files\Java\jdk-22\bin;C:\Program Files (x86)\Embarcadero\Studio\22.0\bin;C:\Users\Public\Documents\Embarcadero\Studio\22.0\Bpl;C:\Program Files (x86)\Embarcadero\Studio\22.0\bin64;C:\Users\Public\Documents\Embarcadero\Studio\22.0\Bpl\Win64;C:\Program Files (x86)\Embarcadero\Studio\21.0\bin;C:\Users\Public\Documents\Embarcadero\Studio\21.0\Bpl;C:\Program Files (x86)\Embarcadero\Studio\21.0\bin64;C:\Users\Public\Documents\Embarcadero\Studio\21.0\Bpl\Win64;C:\WINDOWS\system32;C:\WINDOWS;C:\WINDOWS\System32\Wbem;C:\WINDOWS\System32\WindowsPowerShell\v1.0\;C:\WINDOWS\System32\OpenSSH\;D:\matlast\runtime\win64;D:\mattlab\runtime\win64;D:\mattlab\bin;D:\runtime\win64;D:\bin;D:\polyspace\bin;D:\mattlab\polyspace\bin;D:\matlast\polyspace\bin;C:\Program Files\Microsoft SQL Server\150\Tools\Binn\;D:\path\;C:\Program Files\NASM;C:\Program Files\Golink;C:\Program Files (x86)\Windows Kits\10\Windows Performance Toolkit\;C:\Program Files\WireGuard\;C:\Program Files\Git\cmd;C:\Program Files\Java\jdk-22\bin;C:\Users\79033\AppData\Local\Microsoft\WindowsApps;D:\pac\PyCharm 2022.1.3\bin;D:\cilionnn\CLion 2022.2.3\bin;D:\IDEFORJAVA\IntelliJ IDEA 2023.2.4\bin;C:\Users\79033\AppData\Local\JetBrains\Toolbox\scripts;
USERNAME=79033
OS=Windows_NT
PROCESSOR_IDENTIFIER=AMD64 Family 23 Model 24 Stepping 1, AuthenticAMD
TMP=C:\Users\79033\AppData\Local\Temp
TEMP=C:\Users\79033\AppData\Local\Temp




Periodic native trim disabled

---------------  S Y S T E M  ---------------

OS:
 Windows 10 , 64 bit Build 19041 (10.0.19041.3636)
OS uptime: 0 days 2:44 hours

CPU: total 8 (initial active 8) (8 cores per cpu, 2 threads per core) family 23 model 24 stepping 1 microcode 0x0, cx8, cmov, fxsr, ht, mmx, 3dnowpref, sse, sse2, sse3, ssse3, sse4a, sse4.1, sse4.2, popcnt, lzcnt, tsc, tscinvbit, avx, avx2, aes, clmul, bmi1, bmi2, adx, sha, fma, vzeroupper, clflush, clflushopt, rdtscp, f16c
Processor Information for all 8 processors :
  Max Mhz: 2100, Current Mhz: 2100, Mhz Limit: 2100

Memory: 4k page, system-wide physical 7103M (1038M free)
TotalPageFile size 9257M (AvailPageFile size 178M)
current process WorkingSet (physical memory assigned to process): 198M, peak: 199M
current process commit charge ("private bytes"): 278M, peak: 279M

vm_info: Java HotSpot(TM) 64-Bit Server VM (22.0.1+8-16) for windows-amd64 JRE (22.0.1+8-16), built on 2024-03-12T10:33:16Z by "mach5one" with MS VC++ 17.6 (VS2022)

END.
