#
# There is insufficient memory for the Java Runtime Environment to continue.
# Native memory allocation (mmap) failed to map 65536 bytes. Error detail: Failed to commit metaspace.
# Possible reasons:
#   The system is out of physical RAM or swap space
#   This process is running with CompressedOops enabled, and the Java Heap may be blocking the growth of the native heap
# Possible solutions:
#   Reduce memory load on the system
#   Increase physical memory or swap space
#   Check if swap backing store is full
#   Decrease Java heap size (-Xmx/-Xms)
#   Decrease number of Java threads
#   Decrease Java thread stack sizes (-Xss)
#   Set larger code cache with -XX:ReservedCodeCacheSize=
#   JVM is running with Unscaled Compressed Oops mode in which the Java heap is
#     placed in the first 4GB address space. The Java Heap base address is the
#     maximum limit for the native heap growth. Please use -XX:HeapBaseMinAddress
#     to set the Java Heap base and to place the Java Heap above 4GB virtual address.
# This output file may be truncated or incomplete.
#
#  Out of Memory Error (virtualSpaceNode.cpp:112), pid=2228, tid=13332
#
# JRE version: Java(TM) SE Runtime Environment (22.0.1+8) (build 22.0.1+8-16)
# Java VM: Java HotSpot(TM) 64-Bit Server VM (22.0.1+8-16, mixed mode, emulated-client, sharing, tiered, compressed oops, compressed class ptrs, g1 gc, windows-amd64)
# No core dump will be written. Minidumps are not enabled by default on client versions of Windows
#

---------------  S U M M A R Y ------------

Command Line: -XX:TieredStopAtLevel=1 -Dspring.output.ansi.enabled=always -Dcom.sun.management.jmxremote -Dspring.jmx.enabled=true -Dspring.liveBeansView.mbeanDomain -Dspring.application.admin.enabled=true -Dmanagement.endpoints.jmx.exposure.include=* -javaagent:C:\Users\79033\AppData\Local\Programs\IntelliJ IDEA Ultimate\lib\idea_rt.jar=50627:C:\Users\79033\AppData\Local\Programs\IntelliJ IDEA Ultimate\bin -Dfile.encoding=UTF-8 -Dsun.stdout.encoding=UTF-8 -Dsun.stderr.encoding=UTF-8 com.example.demo.DemoApplication

Host: AMD Ryzen 5 3500U with Radeon Vega Mobile Gfx  , 8 cores, 6G,  Windows 10 , 64 bit Build 19041 (10.0.19041.3636)
Time: Thu May  1 21:31:45 2025 RTZ 2 (s 10 , 64 bit Build 19041 (10.0.19041.3636) elapsed time: 0.917639 seconds (0d 0h 0m 0s)

---------------  T H R E A D  ---------------

Current thread (0x000001c120031940):  JavaThread "main"             [_thread_in_vm, id=13332, stack(0x0000007f46900000,0x0000007f46a00000) (1024K)]

Stack: [0x0000007f46900000,0x0000007f46a00000]
Native frames: (J=compiled Java code, j=interpreted, Vv=VM code, C=native code)
V  [jvm.dll+0x6e2279]  (no source info available)
V  [jvm.dll+0x874e33]  (no source info available)
V  [jvm.dll+0x87725e]  (no source info available)
V  [jvm.dll+0x877933]  (no source info available)
V  [jvm.dll+0x27fd76]  (no source info available)
V  [jvm.dll+0x870a7e]  (no source info available)
V  [jvm.dll+0x6852e5]  (no source info available)
V  [jvm.dll+0x68534a]  (no source info available)
V  [jvm.dll+0x687b8a]  (no source info available)
V  [jvm.dll+0x2250ac]  (no source info available)
V  [jvm.dll+0x685cfe]  (no source info available)
V  [jvm.dll+0x26b190]  (no source info available)
V  [jvm.dll+0x215cf7]  (no source info available)
V  [jvm.dll+0x20b4ee]  (no source info available)
V  [jvm.dll+0x5c462f]  (no source info available)
V  [jvm.dll+0x21cc6a]  (no source info available)
V  [jvm.dll+0x7eb6dc]  (no source info available)
V  [jvm.dll+0x7ec776]  (no source info available)
V  [jvm.dll+0x7ecd84]  (no source info available)
V  [jvm.dll+0x7eca08]  (no source info available)
V  [jvm.dll+0x26d79b]  (no source info available)
V  [jvm.dll+0x26d9ca]  (no source info available)
V  [jvm.dll+0x5e7c21]  (no source info available)
V  [jvm.dll+0x5ea274]  (no source info available)
V  [jvm.dll+0x3dd40a]  (no source info available)
V  [jvm.dll+0x3dce90]  (no source info available)
C  0x000001c12a476a31  (no source info available)

The last pc belongs to getstatic (printed below).
Java frames: (J=compiled Java code, j=interpreted, Vv=VM code)
j  jdk.internal.misc.VM.getBufferPools()Ljava/util/List;+0 java.base@22.0.1
j  sun.management.ManagementFactoryHelper.getBufferPoolMXBeans()Ljava/util/List;+17 java.management@22.0.1
j  java.lang.management.DefaultPlatformMBeanProvider$10.nameToMBeanMap()Ljava/util/Map;+0 java.management@22.0.1
j  java.lang.management.ManagementFactory.lambda$getPlatformMBeanServer$0(Lsun/management/spi/PlatformMBeanProvider$PlatformComponent;)Ljava/util/stream/Stream;+1 java.management@22.0.1
j  java.lang.management.ManagementFactory$$Lambda+0x000001c1340643b0.apply(Ljava/lang/Object;)Ljava/lang/Object;+4 java.management@22.0.1
j  java.util.stream.ReferencePipeline$7$1.accept(Ljava/lang/Object;)V+8 java.base@22.0.1
j  java.util.stream.ReferencePipeline$2$1.accept(Ljava/lang/Object;)V+21 java.base@22.0.1
j  java.util.HashMap$ValueSpliterator.forEachRemaining(Ljava/util/function/Consumer;)V+145 java.base@22.0.1
j  java.util.stream.AbstractPipeline.copyInto(Ljava/util/stream/Sink;Ljava/util/Spliterator;)V+32 java.base@22.0.1
j  java.util.stream.AbstractPipeline.wrapAndCopyInto(Ljava/util/stream/Sink;Ljava/util/Spliterator;)Ljava/util/stream/Sink;+13 java.base@22.0.1
j  java.util.stream.ForEachOps$ForEachOp.evaluateSequential(Ljava/util/stream/PipelineHelper;Ljava/util/Spliterator;)Ljava/lang/Void;+3 java.base@22.0.1
j  java.util.stream.ForEachOps$ForEachOp$OfRef.evaluateSequential(Ljava/util/stream/PipelineHelper;Ljava/util/Spliterator;)Ljava/lang/Object;+3 java.base@22.0.1
j  java.util.stream.AbstractPipeline.evaluate(Ljava/util/stream/TerminalOp;)Ljava/lang/Object;+88 java.base@22.0.1
j  java.util.stream.ReferencePipeline.forEach(Ljava/util/function/Consumer;)V+6 java.base@22.0.1
j  java.lang.management.ManagementFactory.getPlatformMBeanServer()Ljavax/management/MBeanServer;+68 java.management@22.0.1
j  sun.management.jmxremote.ConnectorBootstrap.startLocalConnectorServer()Ljavax/management/remote/JMXConnectorServer;+88 jdk.management.agent@22.0.1
j  jdk.internal.agent.Agent.startLocalManagementAgent()V+13 jdk.management.agent@22.0.1
j  jdk.internal.agent.Agent.startAgent(Ljava/util/Properties;)V+58 jdk.management.agent@22.0.1
j  jdk.internal.agent.Agent.startAgent()V+20 jdk.management.agent@22.0.1
v  ~StubRoutines::call_stub 0x000001c12a46100d
getstatic  178 getstatic  [0x000001c12a476980, 0x000001c12a476b80]  512 bytes
[MachCode]
  0x000001c12a476980: 4883 ec08 | c5fa 1104 | 24eb 1f48 | 83ec 10c5 | fb11 0424 | eb14 4883 | ec10 4889 | 0424 48c7 
  0x000001c12a4769a0: 4424 0800 | 0000 00eb | 0150 488b | 4dd0 410f | b755 0148 | 8b49 286b | d218 488d | 4c11 080f 
  0x000001c12a4769c0: b659 1281 | fbb2 0000 | 000f 84bd | 0000 00bb | b200 0000 | e805 0000 | 00e9 9900 | 0000 488b 
  0x000001c12a4769e0: d348 8d44 | 2408 4c89 | 6dc0 498b | cfc5 f877 | 4989 afb0 | 0300 0049 | 8987 a003 | 0000 4883 
  0x000001c12a476a00: ec20 40f6 | c40f 0f84 | 1900 0000 | 4883 ec08 | 48b8 30ce | f933 f97f | 0000 ffd0 | 4883 c408 
  0x000001c12a476a20: e90c 0000 | 0048 b830 | cef9 33f9 | 7f00 00ff | d048 83c4 | 2049 c787 | a003 0000 | 0000 0000 
  0x000001c12a476a40: 49c7 87b0 | 0300 0000 | 0000 0049 | c787 a803 | 0000 0000 | 0000 c5f8 | 7749 837f | 0800 0f84 
  0x000001c12a476a60: 0500 0000 | e997 a4fe | ff4c 8b6d | c04c 8b75 | c84e 8d74 | f500 c348 | 8b4d d041 | 0fb7 5501 
  0x000001c12a476a80: 488b 4928 | 6bd2 1848 | 8d4c 1108 | 8b59 080f | b651 110f | b641 104c | 8b09 4d8b | 4970 4d8b 
  0x000001c12a476aa0: 0985 c00f | 850b 0000 | 0041 0fbe | 0419 50e9 | b100 0000 | 83f8 010f | 850b 0000 | 0041 0fb6 
  0x000001c12a476ac0: 0419 50e9 | 9d00 0000 | 83f8 080f | 850a 0000 | 0041 8b04 | 1950 e98a | 0000 0083 | f804 0f85 
  0x000001c12a476ae0: 0a00 0000 | 418b 0419 | 50e9 7700 | 0000 83f8 | 020f 850b | 0000 0041 | 0fb7 0419 | 50e9 6300 
  0x000001c12a476b00: 0000 83f8 | 030f 850b | 0000 0041 | 0fbf 0419 | 50e9 4f00 | 0000 83f8 | 050f 851a | 0000 0049 
  0x000001c12a476b20: 8b04 1948 | 83ec 1048 | 8904 2448 | c744 2408 | 0000 0000 | e92c 0000 | 0083 f806 | 0f85 1400 
  0x000001c12a476b40: 0000 c4c1 | 7a10 0419 | 4883 ec08 | c5fa 1104 | 24e9 0f00 | 0000 c4c1 | 7b10 0419 | 4883 ec10 
  0x000001c12a476b60: c5fb 1104 | 2441 0fb6 | 5d03 4983 | c503 49ba | f001 8434 | f97f 0000 | 41ff 24da | 0f1f 4000 
[/MachCode]

---------------  P R O C E S S  ---------------

Threads class SMR info:
_java_thread_list=0x000001c1781beba0, length=13, elements={
0x000001c120031940, 0x000001c1322c5700, 0x000001c1322c65d0, 0x000001c1322c9b50,
0x000001c1322cb8d0, 0x000001c1322cc4e0, 0x000001c1322ccf40, 0x000001c1322da470,
0x000001c1322983f0, 0x000001c1324dfe70, 0x000001c1780bfa10, 0x000001c1780c0480,
0x000001c178222a80
}

Java Threads: ( => current thread )
=>0x000001c120031940 JavaThread "main"                              [_thread_in_vm, id=13332, stack(0x0000007f46900000,0x0000007f46a00000) (1024K)]
  0x000001c1322c5700 JavaThread "Reference Handler"          daemon [_thread_blocked, id=10136, stack(0x0000007f47100000,0x0000007f47200000) (1024K)]
  0x000001c1322c65d0 JavaThread "Finalizer"                  daemon [_thread_blocked, id=3608, stack(0x0000007f47200000,0x0000007f47300000) (1024K)]
  0x000001c1322c9b50 JavaThread "Signal Dispatcher"          daemon [_thread_blocked, id=13152, stack(0x0000007f47300000,0x0000007f47400000) (1024K)]
  0x000001c1322cb8d0 JavaThread "Attach Listener"            daemon [_thread_blocked, id=11848, stack(0x0000007f47400000,0x0000007f47500000) (1024K)]
  0x000001c1322cc4e0 JavaThread "Service Thread"             daemon [_thread_blocked, id=12916, stack(0x0000007f47500000,0x0000007f47600000) (1024K)]
  0x000001c1322ccf40 JavaThread "Monitor Deflation Thread"   daemon [_thread_blocked, id=1216, stack(0x0000007f47600000,0x0000007f47700000) (1024K)]
  0x000001c1322da470 JavaThread "C1 CompilerThread0"         daemon [_thread_blocked, id=13768, stack(0x0000007f47700000,0x0000007f47800000) (1024K)]
  0x000001c1322983f0 JavaThread "Common-Cleaner"             daemon [_thread_blocked, id=12884, stack(0x0000007f47800000,0x0000007f47900000) (1024K)]
  0x000001c1324dfe70 JavaThread "C1 CompilerThread1"         daemon [_thread_blocked, id=5976, stack(0x0000007f47900000,0x0000007f47a00000) (1024K)]
  0x000001c1780bfa10 JavaThread "Monitor Ctrl-Break"         daemon [_thread_in_native, id=14236, stack(0x0000007f47a00000,0x0000007f47b00000) (1024K)]
  0x000001c1780c0480 JavaThread "Notification Thread"        daemon [_thread_blocked, id=6708, stack(0x0000007f47b00000,0x0000007f47c00000) (1024K)]
  0x000001c178222a80 JavaThread "C1 CompilerThread2"         daemon [_thread_blocked, id=8504, stack(0x0000007f47c00000,0x0000007f47d00000) (1024K)]
Total: 13

Other Threads:
  0x000001c1322aa350 VMThread "VM Thread"                           [id=14272, stack(0x0000007f47000000,0x0000007f47100000) (1024K)]
  0x000001c1322951d0 WatcherThread "VM Periodic Task Thread"        [id=3864, stack(0x0000007f46f00000,0x0000007f47000000) (1024K)]
  0x000001c122168f90 WorkerThread "GC Thread#0"                     [id=11536, stack(0x0000007f46a00000,0x0000007f46b00000) (1024K)]
  0x000001c12217a660 ConcurrentGCThread "G1 Main Marker"            [id=10628, stack(0x0000007f46b00000,0x0000007f46c00000) (1024K)]
  0x000001c12217b820 WorkerThread "G1 Conc#0"                       [id=13624, stack(0x0000007f46c00000,0x0000007f46d00000) (1024K)]
  0x000001c1221de9b0 ConcurrentGCThread "G1 Refine#0"               [id=9132, stack(0x0000007f46d00000,0x0000007f46e00000) (1024K)]
  0x000001c132167650 ConcurrentGCThread "G1 Service"                [id=13684, stack(0x0000007f46e00000,0x0000007f46f00000) (1024K)]
Total: 7

Threads with active compile tasks:
Total: 0

VM state: not at safepoint (normal execution)

VM Mutex/Monitor currently owned by a thread:  ([mutex/lock_event])
[0x00007ff934829b38] Metaspace_lock - owner thread: 0x000001c120031940

Heap address: 0x0000000091000000, size: 1776 MB, Compressed Oops mode: 32-bit

CDS archive(s) mapped at: [0x000001c133000000-0x000001c133c60000-0x000001c133c60000), size 12976128, SharedBaseAddress: 0x000001c133000000, ArchiveRelocationMode: 1.
Compressed class space mapped at: 0x000001c134000000-0x000001c174000000, reserved size: 1073741824
Narrow klass base: 0x000001c133000000, Narrow klass shift: 0, Narrow klass range: 0x41000000

GC Precious Log:
 CardTable entry size: 512
 Card Set container configuration: InlinePtr #cards 5 size 8 Array Of Cards #cards 12 size 40 Howl #buckets 4 coarsen threshold 1843 Howl Bitmap #cards 512 size 80 coarsen threshold 460 Card regions per heap region 1 cards per card region 2048
 CPUs: 8 total, 8 available
 Memory: 7103M
 Large Page Support: Disabled
 NUMA Support: Disabled
 Compressed Oops: Enabled (32-bit)
 Heap Region Size: 1M
 Heap Min Capacity: 8M
 Heap Initial Capacity: 112M
 Heap Max Capacity: 1776M
 Pre-touch: Disabled
 Parallel Workers: 8
 Concurrent Workers: 2
 Concurrent Refinement Workers: 8
 Periodic GC: Disabled

Heap:
 garbage-first heap   total reserved 1818624K, committed 114688K, used 13312K [0x0000000091000000, 0x0000000100000000)
  region size 1024K, 14 young (14336K), 0 survivors (0K)
 Metaspace       used 3268K, committed 3392K, reserved 1114112K
  class space    used 383K, committed 448K, reserved 1048576K

Heap Regions: E=young(eden), S=young(survivor), O=old, HS=humongous(starts), HC=humongous(continues), CS=collection set, F=free, TAMS=top-at-mark-start, PB=parsable bottom
|   0|0x0000000091000000, 0x0000000091100000, 0x0000000091100000|100%|HS|  |TAMS 0x0000000091000000| PB 0x0000000091000000| Complete |  0
|   1|0x0000000091100000, 0x0000000091100000, 0x0000000091200000|  0%| F|  |TAMS 0x0000000091100000| PB 0x0000000091100000| Untracked |  0
|   2|0x0000000091200000, 0x0000000091200000, 0x0000000091300000|  0%| F|  |TAMS 0x0000000091200000| PB 0x0000000091200000| Untracked |  0
|   3|0x0000000091300000, 0x0000000091300000, 0x0000000091400000|  0%| F|  |TAMS 0x0000000091300000| PB 0x0000000091300000| Untracked |  0
|   4|0x0000000091400000, 0x0000000091400000, 0x0000000091500000|  0%| F|  |TAMS 0x0000000091400000| PB 0x0000000091400000| Untracked |  0
|   5|0x0000000091500000, 0x0000000091500000, 0x0000000091600000|  0%| F|  |TAMS 0x0000000091500000| PB 0x0000000091500000| Untracked |  0
|   6|0x0000000091600000, 0x0000000091600000, 0x0000000091700000|  0%| F|  |TAMS 0x0000000091600000| PB 0x0000000091600000| Untracked |  0
|   7|0x0000000091700000, 0x0000000091700000, 0x0000000091800000|  0%| F|  |TAMS 0x0000000091700000| PB 0x0000000091700000| Untracked |  0
|   8|0x0000000091800000, 0x0000000091800000, 0x0000000091900000|  0%| F|  |TAMS 0x0000000091800000| PB 0x0000000091800000| Untracked |  0
|   9|0x0000000091900000, 0x0000000091900000, 0x0000000091a00000|  0%| F|  |TAMS 0x0000000091900000| PB 0x0000000091900000| Untracked |  0
|  10|0x0000000091a00000, 0x0000000091a00000, 0x0000000091b00000|  0%| F|  |TAMS 0x0000000091a00000| PB 0x0000000091a00000| Untracked |  0
|  11|0x0000000091b00000, 0x0000000091b00000, 0x0000000091c00000|  0%| F|  |TAMS 0x0000000091b00000| PB 0x0000000091b00000| Untracked |  0
|  12|0x0000000091c00000, 0x0000000091c00000, 0x0000000091d00000|  0%| F|  |TAMS 0x0000000091c00000| PB 0x0000000091c00000| Untracked |  0
|  13|0x0000000091d00000, 0x0000000091d00000, 0x0000000091e00000|  0%| F|  |TAMS 0x0000000091d00000| PB 0x0000000091d00000| Untracked |  0
|  14|0x0000000091e00000, 0x0000000091e00000, 0x0000000091f00000|  0%| F|  |TAMS 0x0000000091e00000| PB 0x0000000091e00000| Untracked |  0
|  15|0x0000000091f00000, 0x0000000091f00000, 0x0000000092000000|  0%| F|  |TAMS 0x0000000091f00000| PB 0x0000000091f00000| Untracked |  0
|  16|0x0000000092000000, 0x0000000092000000, 0x0000000092100000|  0%| F|  |TAMS 0x0000000092000000| PB 0x0000000092000000| Untracked |  0
|  17|0x0000000092100000, 0x0000000092100000, 0x0000000092200000|  0%| F|  |TAMS 0x0000000092100000| PB 0x0000000092100000| Untracked |  0
|  18|0x0000000092200000, 0x0000000092200000, 0x0000000092300000|  0%| F|  |TAMS 0x0000000092200000| PB 0x0000000092200000| Untracked |  0
|  19|0x0000000092300000, 0x0000000092300000, 0x0000000092400000|  0%| F|  |TAMS 0x0000000092300000| PB 0x0000000092300000| Untracked |  0
|  20|0x0000000092400000, 0x0000000092400000, 0x0000000092500000|  0%| F|  |TAMS 0x0000000092400000| PB 0x0000000092400000| Untracked |  0
|  21|0x0000000092500000, 0x0000000092500000, 0x0000000092600000|  0%| F|  |TAMS 0x0000000092500000| PB 0x0000000092500000| Untracked |  0
|  22|0x0000000092600000, 0x0000000092600000, 0x0000000092700000|  0%| F|  |TAMS 0x0000000092600000| PB 0x0000000092600000| Untracked |  0
|  23|0x0000000092700000, 0x0000000092700000, 0x0000000092800000|  0%| F|  |TAMS 0x0000000092700000| PB 0x0000000092700000| Untracked |  0
|  24|0x0000000092800000, 0x0000000092800000, 0x0000000092900000|  0%| F|  |TAMS 0x0000000092800000| PB 0x0000000092800000| Untracked |  0
|  25|0x0000000092900000, 0x0000000092900000, 0x0000000092a00000|  0%| F|  |TAMS 0x0000000092900000| PB 0x0000000092900000| Untracked |  0
|  26|0x0000000092a00000, 0x0000000092a00000, 0x0000000092b00000|  0%| F|  |TAMS 0x0000000092a00000| PB 0x0000000092a00000| Untracked |  0
|  27|0x0000000092b00000, 0x0000000092b00000, 0x0000000092c00000|  0%| F|  |TAMS 0x0000000092b00000| PB 0x0000000092b00000| Untracked |  0
|  28|0x0000000092c00000, 0x0000000092c00000, 0x0000000092d00000|  0%| F|  |TAMS 0x0000000092c00000| PB 0x0000000092c00000| Untracked |  0
|  29|0x0000000092d00000, 0x0000000092d00000, 0x0000000092e00000|  0%| F|  |TAMS 0x0000000092d00000| PB 0x0000000092d00000| Untracked |  0
|  30|0x0000000092e00000, 0x0000000092e00000, 0x0000000092f00000|  0%| F|  |TAMS 0x0000000092e00000| PB 0x0000000092e00000| Untracked |  0
|  31|0x0000000092f00000, 0x0000000092f00000, 0x0000000093000000|  0%| F|  |TAMS 0x0000000092f00000| PB 0x0000000092f00000| Untracked |  0
|  32|0x0000000093000000, 0x0000000093000000, 0x0000000093100000|  0%| F|  |TAMS 0x0000000093000000| PB 0x0000000093000000| Untracked |  0
|  33|0x0000000093100000, 0x0000000093100000, 0x0000000093200000|  0%| F|  |TAMS 0x0000000093100000| PB 0x0000000093100000| Untracked |  0
|  34|0x0000000093200000, 0x0000000093200000, 0x0000000093300000|  0%| F|  |TAMS 0x0000000093200000| PB 0x0000000093200000| Untracked |  0
|  35|0x0000000093300000, 0x0000000093300000, 0x0000000093400000|  0%| F|  |TAMS 0x0000000093300000| PB 0x0000000093300000| Untracked |  0
|  36|0x0000000093400000, 0x0000000093400000, 0x0000000093500000|  0%| F|  |TAMS 0x0000000093400000| PB 0x0000000093400000| Untracked |  0
|  37|0x0000000093500000, 0x0000000093500000, 0x0000000093600000|  0%| F|  |TAMS 0x0000000093500000| PB 0x0000000093500000| Untracked |  0
|  38|0x0000000093600000, 0x0000000093600000, 0x0000000093700000|  0%| F|  |TAMS 0x0000000093600000| PB 0x0000000093600000| Untracked |  0
|  39|0x0000000093700000, 0x0000000093700000, 0x0000000093800000|  0%| F|  |TAMS 0x0000000093700000| PB 0x0000000093700000| Untracked |  0
|  40|0x0000000093800000, 0x0000000093800000, 0x0000000093900000|  0%| F|  |TAMS 0x0000000093800000| PB 0x0000000093800000| Untracked |  0
|  41|0x0000000093900000, 0x0000000093900000, 0x0000000093a00000|  0%| F|  |TAMS 0x0000000093900000| PB 0x0000000093900000| Untracked |  0
|  42|0x0000000093a00000, 0x0000000093a00000, 0x0000000093b00000|  0%| F|  |TAMS 0x0000000093a00000| PB 0x0000000093a00000| Untracked |  0
|  43|0x0000000093b00000, 0x0000000093b00000, 0x0000000093c00000|  0%| F|  |TAMS 0x0000000093b00000| PB 0x0000000093b00000| Untracked |  0
|  44|0x0000000093c00000, 0x0000000093c00000, 0x0000000093d00000|  0%| F|  |TAMS 0x0000000093c00000| PB 0x0000000093c00000| Untracked |  0
|  45|0x0000000093d00000, 0x0000000093d00000, 0x0000000093e00000|  0%| F|  |TAMS 0x0000000093d00000| PB 0x0000000093d00000| Untracked |  0
|  46|0x0000000093e00000, 0x0000000093e00000, 0x0000000093f00000|  0%| F|  |TAMS 0x0000000093e00000| PB 0x0000000093e00000| Untracked |  0
|  47|0x0000000093f00000, 0x0000000093f00000, 0x0000000094000000|  0%| F|  |TAMS 0x0000000093f00000| PB 0x0000000093f00000| Untracked |  0
|  48|0x0000000094000000, 0x0000000094000000, 0x0000000094100000|  0%| F|  |TAMS 0x0000000094000000| PB 0x0000000094000000| Untracked |  0
|  49|0x0000000094100000, 0x0000000094100000, 0x0000000094200000|  0%| F|  |TAMS 0x0000000094100000| PB 0x0000000094100000| Untracked |  0
|  50|0x0000000094200000, 0x0000000094200000, 0x0000000094300000|  0%| F|  |TAMS 0x0000000094200000| PB 0x0000000094200000| Untracked |  0
|  51|0x0000000094300000, 0x0000000094300000, 0x0000000094400000|  0%| F|  |TAMS 0x0000000094300000| PB 0x0000000094300000| Untracked |  0
|  52|0x0000000094400000, 0x0000000094400000, 0x0000000094500000|  0%| F|  |TAMS 0x0000000094400000| PB 0x0000000094400000| Untracked |  0
|  53|0x0000000094500000, 0x0000000094500000, 0x0000000094600000|  0%| F|  |TAMS 0x0000000094500000| PB 0x0000000094500000| Untracked |  0
|  54|0x0000000094600000, 0x0000000094600000, 0x0000000094700000|  0%| F|  |TAMS 0x0000000094600000| PB 0x0000000094600000| Untracked |  0
|  55|0x0000000094700000, 0x0000000094700000, 0x0000000094800000|  0%| F|  |TAMS 0x0000000094700000| PB 0x0000000094700000| Untracked |  0
|  56|0x0000000094800000, 0x0000000094800000, 0x0000000094900000|  0%| F|  |TAMS 0x0000000094800000| PB 0x0000000094800000| Untracked |  0
|  57|0x0000000094900000, 0x0000000094900000, 0x0000000094a00000|  0%| F|  |TAMS 0x0000000094900000| PB 0x0000000094900000| Untracked |  0
|  58|0x0000000094a00000, 0x0000000094a00000, 0x0000000094b00000|  0%| F|  |TAMS 0x0000000094a00000| PB 0x0000000094a00000| Untracked |  0
|  59|0x0000000094b00000, 0x0000000094b00000, 0x0000000094c00000|  0%| F|  |TAMS 0x0000000094b00000| PB 0x0000000094b00000| Untracked |  0
|  60|0x0000000094c00000, 0x0000000094c00000, 0x0000000094d00000|  0%| F|  |TAMS 0x0000000094c00000| PB 0x0000000094c00000| Untracked |  0
|  61|0x0000000094d00000, 0x0000000094d00000, 0x0000000094e00000|  0%| F|  |TAMS 0x0000000094d00000| PB 0x0000000094d00000| Untracked |  0
|  62|0x0000000094e00000, 0x0000000094e00000, 0x0000000094f00000|  0%| F|  |TAMS 0x0000000094e00000| PB 0x0000000094e00000| Untracked |  0
|  63|0x0000000094f00000, 0x0000000094f00000, 0x0000000095000000|  0%| F|  |TAMS 0x0000000094f00000| PB 0x0000000094f00000| Untracked |  0
|  64|0x0000000095000000, 0x0000000095000000, 0x0000000095100000|  0%| F|  |TAMS 0x0000000095000000| PB 0x0000000095000000| Untracked |  0
|  65|0x0000000095100000, 0x0000000095100000, 0x0000000095200000|  0%| F|  |TAMS 0x0000000095100000| PB 0x0000000095100000| Untracked |  0
|  66|0x0000000095200000, 0x0000000095200000, 0x0000000095300000|  0%| F|  |TAMS 0x0000000095200000| PB 0x0000000095200000| Untracked |  0
|  67|0x0000000095300000, 0x0000000095300000, 0x0000000095400000|  0%| F|  |TAMS 0x0000000095300000| PB 0x0000000095300000| Untracked |  0
|  68|0x0000000095400000, 0x0000000095400000, 0x0000000095500000|  0%| F|  |TAMS 0x0000000095400000| PB 0x0000000095400000| Untracked |  0
|  69|0x0000000095500000, 0x0000000095500000, 0x0000000095600000|  0%| F|  |TAMS 0x0000000095500000| PB 0x0000000095500000| Untracked |  0
|  70|0x0000000095600000, 0x0000000095600000, 0x0000000095700000|  0%| F|  |TAMS 0x0000000095600000| PB 0x0000000095600000| Untracked |  0
|  71|0x0000000095700000, 0x0000000095700000, 0x0000000095800000|  0%| F|  |TAMS 0x0000000095700000| PB 0x0000000095700000| Untracked |  0
|  72|0x0000000095800000, 0x0000000095800000, 0x0000000095900000|  0%| F|  |TAMS 0x0000000095800000| PB 0x0000000095800000| Untracked |  0
|  73|0x0000000095900000, 0x0000000095900000, 0x0000000095a00000|  0%| F|  |TAMS 0x0000000095900000| PB 0x0000000095900000| Untracked |  0
|  74|0x0000000095a00000, 0x0000000095a00000, 0x0000000095b00000|  0%| F|  |TAMS 0x0000000095a00000| PB 0x0000000095a00000| Untracked |  0
|  75|0x0000000095b00000, 0x0000000095b00000, 0x0000000095c00000|  0%| F|  |TAMS 0x0000000095b00000| PB 0x0000000095b00000| Untracked |  0
|  76|0x0000000095c00000, 0x0000000095c00000, 0x0000000095d00000|  0%| F|  |TAMS 0x0000000095c00000| PB 0x0000000095c00000| Untracked |  0
|  77|0x0000000095d00000, 0x0000000095d00000, 0x0000000095e00000|  0%| F|  |TAMS 0x0000000095d00000| PB 0x0000000095d00000| Untracked |  0
|  78|0x0000000095e00000, 0x0000000095e00000, 0x0000000095f00000|  0%| F|  |TAMS 0x0000000095e00000| PB 0x0000000095e00000| Untracked |  0
|  79|0x0000000095f00000, 0x0000000095f00000, 0x0000000096000000|  0%| F|  |TAMS 0x0000000095f00000| PB 0x0000000095f00000| Untracked |  0
|  80|0x0000000096000000, 0x0000000096000000, 0x0000000096100000|  0%| F|  |TAMS 0x0000000096000000| PB 0x0000000096000000| Untracked |  0
|  81|0x0000000096100000, 0x0000000096100000, 0x0000000096200000|  0%| F|  |TAMS 0x0000000096100000| PB 0x0000000096100000| Untracked |  0
|  82|0x0000000096200000, 0x0000000096200000, 0x0000000096300000|  0%| F|  |TAMS 0x0000000096200000| PB 0x0000000096200000| Untracked |  0
|  83|0x0000000096300000, 0x0000000096300000, 0x0000000096400000|  0%| F|  |TAMS 0x0000000096300000| PB 0x0000000096300000| Untracked |  0
|  84|0x0000000096400000, 0x0000000096400000, 0x0000000096500000|  0%| F|  |TAMS 0x0000000096400000| PB 0x0000000096400000| Untracked |  0
|  85|0x0000000096500000, 0x0000000096500000, 0x0000000096600000|  0%| F|  |TAMS 0x0000000096500000| PB 0x0000000096500000| Untracked |  0
|  86|0x0000000096600000, 0x0000000096600000, 0x0000000096700000|  0%| F|  |TAMS 0x0000000096600000| PB 0x0000000096600000| Untracked |  0
|  87|0x0000000096700000, 0x0000000096700000, 0x0000000096800000|  0%| F|  |TAMS 0x0000000096700000| PB 0x0000000096700000| Untracked |  0
|  88|0x0000000096800000, 0x0000000096800000, 0x0000000096900000|  0%| F|  |TAMS 0x0000000096800000| PB 0x0000000096800000| Untracked |  0
|  89|0x0000000096900000, 0x0000000096900000, 0x0000000096a00000|  0%| F|  |TAMS 0x0000000096900000| PB 0x0000000096900000| Untracked |  0
|  90|0x0000000096a00000, 0x0000000096a00000, 0x0000000096b00000|  0%| F|  |TAMS 0x0000000096a00000| PB 0x0000000096a00000| Untracked |  0
|  91|0x0000000096b00000, 0x0000000096b00000, 0x0000000096c00000|  0%| F|  |TAMS 0x0000000096b00000| PB 0x0000000096b00000| Untracked |  0
|  92|0x0000000096c00000, 0x0000000096c00000, 0x0000000096d00000|  0%| F|  |TAMS 0x0000000096c00000| PB 0x0000000096c00000| Untracked |  0
|  93|0x0000000096d00000, 0x0000000096d00000, 0x0000000096e00000|  0%| F|  |TAMS 0x0000000096d00000| PB 0x0000000096d00000| Untracked |  0
|  94|0x0000000096e00000, 0x0000000096e00000, 0x0000000096f00000|  0%| F|  |TAMS 0x0000000096e00000| PB 0x0000000096e00000| Untracked |  0
|  95|0x0000000096f00000, 0x0000000096f00000, 0x0000000097000000|  0%| F|  |TAMS 0x0000000096f00000| PB 0x0000000096f00000| Untracked |  0
|  96|0x0000000097000000, 0x0000000097000000, 0x0000000097100000|  0%| F|  |TAMS 0x0000000097000000| PB 0x0000000097000000| Untracked |  0
|  97|0x0000000097100000, 0x0000000097100000, 0x0000000097200000|  0%| F|  |TAMS 0x0000000097100000| PB 0x0000000097100000| Untracked |  0
|  98|0x0000000097200000, 0x00000000972f5c70, 0x0000000097300000| 96%| E|  |TAMS 0x0000000097200000| PB 0x0000000097200000| Complete |  0
|  99|0x0000000097300000, 0x0000000097400000, 0x0000000097400000|100%| E|CS|TAMS 0x0000000097300000| PB 0x0000000097300000| Complete |  0
| 100|0x0000000097400000, 0x0000000097500000, 0x0000000097500000|100%| E|CS|TAMS 0x0000000097400000| PB 0x0000000097400000| Complete |  0
| 101|0x0000000097500000, 0x0000000097600000, 0x0000000097600000|100%| E|CS|TAMS 0x0000000097500000| PB 0x0000000097500000| Complete |  0
| 102|0x0000000097600000, 0x0000000097700000, 0x0000000097700000|100%| E|CS|TAMS 0x0000000097600000| PB 0x0000000097600000| Complete |  0
| 103|0x0000000097700000, 0x0000000097800000, 0x0000000097800000|100%| E|CS|TAMS 0x0000000097700000| PB 0x0000000097700000| Complete |  0
| 104|0x0000000097800000, 0x0000000097900000, 0x0000000097900000|100%| E|CS|TAMS 0x0000000097800000| PB 0x0000000097800000| Complete |  0
| 105|0x0000000097900000, 0x0000000097a00000, 0x0000000097a00000|100%| E|CS|TAMS 0x0000000097900000| PB 0x0000000097900000| Complete |  0
| 106|0x0000000097a00000, 0x0000000097b00000, 0x0000000097b00000|100%| E|CS|TAMS 0x0000000097a00000| PB 0x0000000097a00000| Complete |  0
| 107|0x0000000097b00000, 0x0000000097c00000, 0x0000000097c00000|100%| E|  |TAMS 0x0000000097b00000| PB 0x0000000097b00000| Complete |  0
| 108|0x0000000097c00000, 0x0000000097d00000, 0x0000000097d00000|100%| E|CS|TAMS 0x0000000097c00000| PB 0x0000000097c00000| Complete |  0
| 109|0x0000000097d00000, 0x0000000097e00000, 0x0000000097e00000|100%| E|CS|TAMS 0x0000000097d00000| PB 0x0000000097d00000| Complete |  0
| 110|0x0000000097e00000, 0x0000000097f00000, 0x0000000097f00000|100%| E|CS|TAMS 0x0000000097e00000| PB 0x0000000097e00000| Complete |  0
| 111|0x0000000097f00000, 0x0000000098000000, 0x0000000098000000|100%| E|CS|TAMS 0x0000000097f00000| PB 0x0000000097f00000| Complete |  0

Card table byte_map: [0x000001c12d8f0000,0x000001c12dc70000] _byte_map_base: 0x000001c12d468000

Marking Bits: (CMBitMap*) 0x000001c12216b5c0
 Bits: [0x000001c12dc70000, 0x000001c12f830000)

Polling page: 0x000001c120290000

Metaspace:

Usage:
  Non-class:      2.82 MB used.
      Class:    383.20 KB used.
       Both:      3.19 MB used.

Virtual space:
  Non-class space:       64.00 MB reserved,       2.88 MB (  4%) committed,  1 nodes.
      Class space:        1.00 GB reserved,     448.00 KB ( <1%) committed,  1 nodes.
             Both:        1.06 GB reserved,       3.31 MB ( <1%) committed. 

Chunk freelists:
   Non-Class:  11.90 MB
       Class:  15.58 MB
        Both:  27.48 MB

MaxMetaspaceSize: unlimited
CompressedClassSpaceSize: 1.00 GB
Initial GC threshold: 21.00 MB
Current GC threshold: 21.00 MB
CDS: on
 - commit_granule_bytes: 65536.
 - commit_granule_words: 8192.
 - virtual_space_node_default_size: 8388608.
 - enlarge_chunks_in_place: 1.
 - use_allocation_guard: 0.


Internal statistics:

num_allocs_failed_limit: 0.
num_arena_births: 94.
num_arena_deaths: 0.
num_vsnodes_births: 2.
num_vsnodes_deaths: 0.
num_space_committed: 53.
num_space_uncommitted: 0.
num_chunks_returned_to_freelist: 0.
num_chunks_taken_from_freelist: 99.
num_chunk_merges: 0.
num_chunk_splits: 70.
num_chunks_enlarged: 44.
num_inconsistent_stats: 0.

CodeCache: size=49152Kb used=3450Kb max_used=3450Kb free=45701Kb
 bounds [0x000001c12a460000, 0x000001c12a800000, 0x000001c12d460000]
 total_blobs=1268 nmethods=816 adapters=375
 compilation: disabled (not enough contiguous free space left)
              stopped_count=1, restarted_count=0
 full_count=1

Compilation events (20 events):
Event: 0.870 Thread 0x000001c1324dfe70  807       1       java.util.ImmutableCollections$AbstractImmutableList::iterator (13 bytes)
Event: 0.870 Thread 0x000001c1322da470  808       1       java.util.ImmutableCollections$ListItr::<init> (25 bytes)
Event: 0.870 Thread 0x000001c1322da470 nmethod 808 0x000001c12a72c590 code [0x000001c12a72c720, 0x000001c12a72c840]
Event: 0.870 Thread 0x000001c1324dfe70 nmethod 807 0x000001c12a72c890 code [0x000001c12a72ca40, 0x000001c12a72cc10]
Event: 0.870 Thread 0x000001c1324dfe70  815       1       java.lang.Class::arrayContentsEq (70 bytes)
Event: 0.870 Thread 0x000001c1322da470  809       1       java.lang.reflect.AccessibleObject::verifyAccess (55 bytes)
Event: 0.870 Thread 0x000001c1324dfe70 nmethod 815 0x000001c12a72cc90 code [0x000001c12a72ce40, 0x000001c12a72d060]
Event: 0.870 Thread 0x000001c1324dfe70  810       1       java.lang.reflect.AccessibleObject::isAccessChecked (25 bytes)
Event: 0.871 Thread 0x000001c1324dfe70 nmethod 810 0x000001c12a7b9f10 code [0x000001c12a7ba0c0, 0x000001c12a7ba268]
Event: 0.871 Thread 0x000001c1322da470 nmethod 809 0x000001c12a7ba390 code [0x000001c12a7ba580, 0x000001c12a7ba9e8]
Event: 0.871 Thread 0x000001c1322da470  811       1       java.lang.reflect.AccessibleObject::slowVerifyAccess (67 bytes)
Event: 0.871 Thread 0x000001c178222a80  823       1       jdk.jfr.internal.jfc.model.Parser$ConfigurationHandler::addAttributes (37 bytes)
Event: 0.871 Thread 0x000001c1324dfe70  813   !   1       jdk.internal.reflect.DirectConstructorHandleAccessor::newInstance (130 bytes)
Event: 0.871 Thread 0x000001c1322da470 nmethod 811 0x000001c12a7bac10 code [0x000001c12a7bade0, 0x000001c12a7bb1b8]
Event: 0.871 Thread 0x000001c1322da470  814       1       jdk.internal.reflect.DirectConstructorHandleAccessor::invokeImpl (103 bytes)
Event: 0.872 Thread 0x000001c178222a80 nmethod 823 0x000001c12a7bb290 code [0x000001c12a7bb460, 0x000001c12a7bb880]
Event: 0.872 Thread 0x000001c178222a80  816       1       jdk.internal.reflect.ReflectionFactory::copyConstructor (11 bytes)
Event: 0.872 Thread 0x000001c178222a80 nmethod 816 0x000001c12a7bbb90 code [0x000001c12a7bbd40, 0x000001c12a7bbe70]
Event: 0.872 Thread 0x000001c1322da470 nmethod 814 0x000001c12a7bbf90 code [0x000001c12a7bc1e0, 0x000001c12a7bc680]
Event: 0.873 Thread 0x000001c1324dfe70 nmethod 813 0x000001c12a7bca90 code [0x000001c12a7bce00, 0x000001c12a7bd9e8]

GC Heap History (0 events):
No events

Dll operation events (11 events):
Event: 0.020 Loaded shared library C:\Program Files\Java\jdk-22\bin\java.dll
Event: 0.269 Loaded shared library C:\Program Files\Java\jdk-22\bin\zip.dll
Event: 0.278 Loaded shared library C:\Program Files\Java\jdk-22\bin\instrument.dll
Event: 0.287 Loaded shared library C:\Program Files\Java\jdk-22\bin\net.dll
Event: 0.291 Loaded shared library C:\Program Files\Java\jdk-22\bin\nio.dll
Event: 0.300 Loaded shared library C:\Program Files\Java\jdk-22\bin\zip.dll
Event: 0.563 Loaded shared library C:\Users\79033\AppData\Local\Programs\IntelliJ IDEA Ultimate\bin\breakgen64.dll
Event: 0.577 Loaded shared library C:\Program Files\Java\jdk-22\bin\jimage.dll
Event: 0.586 Loaded shared library C:\Program Files\Java\jdk-22\bin\extnet.dll
Event: 0.616 Loaded shared library C:\Program Files\Java\jdk-22\bin\management.dll
Event: 0.637 Loaded shared library C:\Program Files\Java\jdk-22\bin\management_ext.dll

Deoptimization events (0 events):
No events

Classes loaded (20 events):
Event: 0.877 Loading class jdk/jfr/internal/jfc/model/XmlAnd done
Event: 0.877 Loading class jdk/jfr/internal/jfc/model/XmlTest
Event: 0.877 Loading class jdk/jfr/internal/jfc/model/XmlTest done
Event: 0.877 Loading class jdk/jfr/internal/jfc/model/XmlNot
Event: 0.877 Loading class jdk/jfr/internal/jfc/model/XmlNot done
Event: 0.911 Loading class com/sun/management/GcInfo
Event: 0.911 Loading class javax/management/openmbean/CompositeDataView
Event: 0.911 Loading class javax/management/openmbean/CompositeDataView done
Event: 0.911 Loading class com/sun/management/GcInfo done
Event: 0.913 Loading class com/sun/management/internal/HotSpotDiagnostic
Event: 0.913 Loading class com/sun/management/HotSpotDiagnosticMXBean
Event: 0.914 Loading class com/sun/management/HotSpotDiagnosticMXBean done
Event: 0.914 Loading class com/sun/management/internal/HotSpotDiagnostic done
Event: 0.914 Loading class com/sun/management/HotSpotDiagnosticMXBean$ThreadDumpFormat
Event: 0.914 Loading class com/sun/management/HotSpotDiagnosticMXBean$ThreadDumpFormat done
Event: 0.914 Loading class com/sun/management/VMOption
Event: 0.914 Loading class com/sun/management/VMOption done
Event: 0.914 Loading class com/sun/management/VMOption$Origin
Event: 0.914 Loading class com/sun/management/VMOption$Origin done
Event: 0.916 Loading class jdk/internal/misc/VM$BufferPoolsHolder

Classes unloaded (0 events):
No events

Classes redefined (0 events):
No events

Internal exceptions (7 events):
Event: 0.544 Thread 0x000001c120031940 Exception <a 'java/lang/NoSuchMethodError'{0x0000000097753328}: 'void java.lang.invoke.DirectMethodHandle$Holder.invokeStatic(java.lang.Object, java.lang.Object, java.lang.Object)'> (0x0000000097753328) 
thrown [s\open\src\hotspot\share\interpreter\linkResolver.cpp, line 774]
Event: 0.552 Thread 0x000001c120031940 Exception <a 'java/lang/NoSuchMethodError'{0x000000009776adc0}: 'java.lang.Object java.lang.invoke.Invokers$Holder.invokeExact_MT(java.lang.Object, java.lang.Object, java.lang.Object, java.lang.Object, java.lang.Object)'> (0x000000009776adc0) 
thrown [s\open\src\hotspot\share\interpreter\linkResolver.cpp, line 774]
Event: 0.590 Thread 0x000001c1780bfa10 Exception <a 'java/lang/NoSuchMethodError'{0x00000000977b9fd8}: 'void java.lang.invoke.DirectMethodHandle$Holder.invokeStatic(java.lang.Object, java.lang.Object)'> (0x00000000977b9fd8) 
thrown [s\open\src\hotspot\share\interpreter\linkResolver.cpp, line 774]
Event: 0.643 Thread 0x000001c120031940 Exception <a 'java/lang/NoSuchMethodError'{0x0000000097601250}: 'int java.lang.invoke.DirectMethodHandle$Holder.invokeInterface(java.lang.Object, java.lang.Object)'> (0x0000000097601250) 
thrown [s\open\src\hotspot\share\interpreter\linkResolver.cpp, line 774]
Event: 0.644 Thread 0x000001c120031940 Exception <a 'java/lang/IncompatibleClassChangeError'{0x0000000097604578}: Found class java.lang.Object, but interface was expected> (0x0000000097604578) 
thrown [s\open\src\hotspot\share\interpreter\linkResolver.cpp, line 841]
Event: 0.744 Thread 0x000001c120031940 Exception <a 'java/lang/NoSuchMethodError'{0x00000000976ce478}: 'int java.lang.invoke.DirectMethodHandle$Holder.invokeSpecial(java.lang.Object, java.lang.Object, java.lang.Object)'> (0x00000000976ce478) 
thrown [s\open\src\hotspot\share\interpreter\linkResolver.cpp, line 774]
Event: 0.815 Thread 0x000001c120031940 Exception <a 'java/lang/NoSuchMethodError'{0x00000000974223f8}: 'java.lang.Object java.lang.invoke.DirectMethodHandle$Holder.invokeStaticInit(java.lang.Object, java.lang.Object, java.lang.Object)'> (0x00000000974223f8) 
thrown [s\open\src\hotspot\share\interpreter\linkResolver.cpp, line 774]

ZGC Phase Switch (0 events):
No events

VM Operations (4 events):
Event: 0.241 Executing VM operation: HandshakeAllThreads (Deoptimize)
Event: 0.241 Executing VM operation: HandshakeAllThreads (Deoptimize) done
Event: 0.651 Executing VM operation: HandshakeAllThreads (Deoptimize)
Event: 0.651 Executing VM operation: HandshakeAllThreads (Deoptimize) done

Events (15 events):
Event: 0.050 Thread 0x000001c120031940 Thread added: 0x000001c120031940
Event: 0.077 Thread 0x000001c1322c5700 Thread added: 0x000001c1322c5700
Event: 0.077 Thread 0x000001c1322c65d0 Thread added: 0x000001c1322c65d0
Event: 0.078 Thread 0x000001c1322c9b50 Thread added: 0x000001c1322c9b50
Event: 0.078 Thread 0x000001c1322cb8d0 Thread added: 0x000001c1322cb8d0
Event: 0.078 Thread 0x000001c1322cc4e0 Thread added: 0x000001c1322cc4e0
Event: 0.078 Thread 0x000001c1322ccf40 Thread added: 0x000001c1322ccf40
Event: 0.078 Thread 0x000001c1322da470 Thread added: 0x000001c1322da470
Event: 0.225 Thread 0x000001c1322983f0 Thread added: 0x000001c1322983f0
Event: 0.240 Thread 0x000001c1324dfe70 Thread added: 0x000001c1324dfe70
Event: 0.564 Thread 0x000001c1780bfa10 Thread added: 0x000001c1780bfa10
Event: 0.564 Thread 0x000001c1780c0480 Thread added: 0x000001c1780c0480
Event: 0.870 Thread 0x000001c178222a80 Thread added: 0x000001c178222a80
Event: 0.871 Thread 0x000001c178223de0 Thread added: 0x000001c178223de0
Event: 0.872 Thread 0x000001c178223de0 Thread exited: 0x000001c178223de0


Dynamic libraries:
0x00007ff69aae0000 - 0x00007ff69aaf0000 	C:\Program Files\Java\jdk-22\bin\java.exe
0x00007ff97c550000 - 0x00007ff97c748000 	C:\WINDOWS\SYSTEM32\ntdll.dll
0x00007ff97c450000 - 0x00007ff97c50d000 	C:\WINDOWS\System32\KERNEL32.DLL
0x00007ff979d50000 - 0x00007ff97a046000 	C:\WINDOWS\System32\KERNELBASE.dll
0x00007ff97a340000 - 0x00007ff97a440000 	C:\WINDOWS\System32\ucrtbase.dll
0x00007ff974260000 - 0x00007ff974277000 	C:\Program Files\Java\jdk-22\bin\jli.dll
0x00007ff97c3a0000 - 0x00007ff97c44f000 	C:\WINDOWS\System32\ADVAPI32.dll
0x00007ff97b530000 - 0x00007ff97b5ce000 	C:\WINDOWS\System32\msvcrt.dll
0x00007ff97a970000 - 0x00007ff97aa0c000 	C:\WINDOWS\System32\sechost.dll
0x00007ff9753c0000 - 0x00007ff9753db000 	C:\Program Files\Java\jdk-22\bin\VCRUNTIME140.dll
0x00007ff97c1d0000 - 0x00007ff97c2f6000 	C:\WINDOWS\System32\RPCRT4.dll
0x00007ff97c030000 - 0x00007ff97c1ce000 	C:\WINDOWS\System32\USER32.dll
0x00007ff97a440000 - 0x00007ff97a462000 	C:\WINDOWS\System32\win32u.dll
0x00007ff968c70000 - 0x00007ff968f0a000 	C:\WINDOWS\WinSxS\amd64_microsoft.windows.common-controls_6595b64144ccf1df_6.0.19041.3636_none_60b6a03d71f818d5\COMCTL32.dll
0x00007ff97ab80000 - 0x00007ff97abac000 	C:\WINDOWS\System32\GDI32.dll
0x00007ff979c30000 - 0x00007ff979d4a000 	C:\WINDOWS\System32\gdi32full.dll
0x00007ff97a110000 - 0x00007ff97a1ad000 	C:\WINDOWS\System32\msvcp_win.dll
0x00007ff971160000 - 0x00007ff97116a000 	C:\WINDOWS\SYSTEM32\VERSION.dll
0x00007ff97ab50000 - 0x00007ff97ab80000 	C:\WINDOWS\System32\IMM32.DLL
0x00007ff9753f0000 - 0x00007ff9753fc000 	C:\Program Files\Java\jdk-22\bin\vcruntime140_1.dll
0x00007ff957f20000 - 0x00007ff957fae000 	C:\Program Files\Java\jdk-22\bin\msvcp140.dll
0x00007ff933bc0000 - 0x00007ff934907000 	C:\Program Files\Java\jdk-22\bin\server\jvm.dll
0x00007ff97b5d0000 - 0x00007ff97b63b000 	C:\WINDOWS\System32\WS2_32.dll
0x00007ff979a90000 - 0x00007ff979adb000 	C:\WINDOWS\SYSTEM32\POWRPROF.dll
0x00007ff96e220000 - 0x00007ff96e247000 	C:\WINDOWS\SYSTEM32\WINMM.dll
0x00007ff979a70000 - 0x00007ff979a82000 	C:\WINDOWS\SYSTEM32\UMPDC.dll
0x00007ff978440000 - 0x00007ff978452000 	C:\WINDOWS\SYSTEM32\kernel.appcore.dll
0x00007ff933bb0000 - 0x00007ff933bba000 	C:\Program Files\Java\jdk-22\bin\jimage.dll
0x00007ff977ef0000 - 0x00007ff9780d4000 	C:\WINDOWS\SYSTEM32\DBGHELP.DLL
0x00007ff964660000 - 0x00007ff964694000 	C:\WINDOWS\SYSTEM32\dbgcore.DLL
0x00007ff97a470000 - 0x00007ff97a4f2000 	C:\WINDOWS\System32\bcryptPrimitives.dll
0x00007ff9742a0000 - 0x00007ff9742af000 	C:\Program Files\Java\jdk-22\bin\instrument.dll
0x00007ff974280000 - 0x00007ff97429e000 	C:\Program Files\Java\jdk-22\bin\java.dll
0x00007ff97b8e0000 - 0x00007ff97c025000 	C:\WINDOWS\System32\SHELL32.dll
0x00007ff97b650000 - 0x00007ff97b77b000 	C:\WINDOWS\System32\ole32.dll
0x00007ff97a5b0000 - 0x00007ff97a904000 	C:\WINDOWS\System32\combase.dll
0x00007ff977740000 - 0x00007ff977edb000 	C:\WINDOWS\SYSTEM32\windows.storage.dll
0x00007ff9795a0000 - 0x00007ff9795cd000 	C:\WINDOWS\SYSTEM32\Wldp.dll
0x00007ff97b830000 - 0x00007ff97b8dd000 	C:\WINDOWS\System32\SHCORE.dll
0x00007ff97b4d0000 - 0x00007ff97b525000 	C:\WINDOWS\System32\shlwapi.dll
0x00007ff979b60000 - 0x00007ff979b85000 	C:\WINDOWS\SYSTEM32\profapi.dll
0x00007ff974210000 - 0x00007ff974227000 	C:\Program Files\Java\jdk-22\bin\zip.dll
0x00007ff974250000 - 0x00007ff974260000 	C:\Program Files\Java\jdk-22\bin\net.dll
0x00007ff9792e0000 - 0x00007ff97934a000 	C:\WINDOWS\system32\mswsock.dll
0x00007ff974230000 - 0x00007ff974246000 	C:\Program Files\Java\jdk-22\bin\nio.dll
0x00007ff972a10000 - 0x00007ff972a2a000 	C:\Users\79033\AppData\Local\Programs\IntelliJ IDEA Ultimate\bin\breakgen64.dll
0x00007ff972870000 - 0x00007ff972879000 	C:\Program Files\Java\jdk-22\bin\extnet.dll
0x00007ff979000000 - 0x00007ff9790ca000 	C:\WINDOWS\SYSTEM32\DNSAPI.dll
0x00007ff978fc0000 - 0x00007ff978ffb000 	C:\WINDOWS\SYSTEM32\IPHLPAPI.DLL
0x00007ff97b640000 - 0x00007ff97b648000 	C:\WINDOWS\System32\NSI.dll
0x0000000063560000 - 0x0000000063569000 	C:\Program Files\National Instruments\Shared\mDNS Responder\nimdnsNSP.dll
0x0000000063550000 - 0x000000006355e000 	C:\WINDOWS\SYSTEM32\nimdnsResponder.dll
0x000000005eb10000 - 0x000000005ebb3000 	C:\WINDOWS\WinSxS\amd64_microsoft.vc90.crt_1fc8b3b9a1e18e3b_9.0.30729.9625_none_08e1c10da83fbc83\MSVCR90.dll
0x00007ff967e90000 - 0x00007ff967e9a000 	C:\Windows\System32\rasadhlp.dll
0x00007ff969400000 - 0x00007ff969480000 	C:\WINDOWS\System32\fwpuclnt.dll
0x00007ff97a1b0000 - 0x00007ff97a1d7000 	C:\WINDOWS\System32\bcrypt.dll
0x00007ff9741d0000 - 0x00007ff9741da000 	C:\Program Files\Java\jdk-22\bin\management.dll
0x00007ff9741c0000 - 0x00007ff9741cb000 	C:\Program Files\Java\jdk-22\bin\management_ext.dll
0x00007ff97c390000 - 0x00007ff97c398000 	C:\WINDOWS\System32\PSAPI.DLL

dbghelp: loaded successfully - version: 4.0.5 - missing functions: none
symbol engine: initialized successfully - sym options: 0x614 - pdb path: .;C:\Program Files\Java\jdk-22\bin;C:\WINDOWS\SYSTEM32;C:\WINDOWS\WinSxS\amd64_microsoft.windows.common-controls_6595b64144ccf1df_6.0.19041.3636_none_60b6a03d71f818d5;C:\Program Files\Java\jdk-22\bin\server;C:\Users\79033\AppData\Local\Programs\IntelliJ IDEA Ultimate\bin;C:\Program Files\National Instruments\Shared\mDNS Responder;C:\WINDOWS\WinSxS\amd64_microsoft.vc90.crt_1fc8b3b9a1e18e3b_9.0.30729.9625_none_08e1c10da83fbc83

VM Arguments:
jvm_args: -XX:TieredStopAtLevel=1 -Dspring.output.ansi.enabled=always -Dcom.sun.management.jmxremote -Dspring.jmx.enabled=true -Dspring.liveBeansView.mbeanDomain -Dspring.application.admin.enabled=true -Dmanagement.endpoints.jmx.exposure.include=* -javaagent:C:\Users\79033\AppData\Local\Programs\IntelliJ IDEA Ultimate\lib\idea_rt.jar=50627:C:\Users\79033\AppData\Local\Programs\IntelliJ IDEA Ultimate\bin -Dfile.encoding=UTF-8 -Dsun.stdout.encoding=UTF-8 -Dsun.stderr.encoding=UTF-8 
java_command: com.example.demo.DemoApplication
java_class_path (initial): D:\Spring\demoWithFlayway\target\classes;C:\Users\79033\.m2\repository\org\springframework\boot\spring-boot-starter-data-jpa\3.3.5\spring-boot-starter-data-jpa-3.3.5.jar;C:\Users\79033\.m2\repository\org\springframework\boot\spring-boot-starter-aop\3.3.5\spring-boot-starter-aop-3.3.5.jar;C:\Users\79033\.m2\repository\org\aspectj\aspectjweaver\1.9.22.1\aspectjweaver-1.9.22.1.jar;C:\Users\79033\.m2\repository\org\springframework\boot\spring-boot-starter-jdbc\3.3.5\spring-boot-starter-jdbc-3.3.5.jar;C:\Users\79033\.m2\repository\com\zaxxer\HikariCP\5.1.0\HikariCP-5.1.0.jar;C:\Users\79033\.m2\repository\org\springframework\spring-jdbc\6.1.14\spring-jdbc-6.1.14.jar;C:\Users\79033\.m2\repository\org\hibernate\orm\hibernate-core\6.5.3.Final\hibernate-core-6.5.3.Final.jar;C:\Users\79033\.m2\repository\jakarta\persistence\jakarta.persistence-api\3.1.0\jakarta.persistence-api-3.1.0.jar;C:\Users\79033\.m2\repository\jakarta\transaction\jakarta.transaction-api\2.0.1\jakarta.transaction-api-2.0.1.jar;C:\Users\79033\.m2\repository\org\jboss\logging\jboss-logging\3.5.3.Final\jboss-logging-3.5.3.Final.jar;C:\Users\79033\.m2\repository\org\hibernate\common\hibernate-commons-annotations\6.0.6.Final\hibernate-commons-annotations-6.0.6.Final.jar;C:\Users\79033\.m2\repository\io\smallrye\jandex\3.1.2\jandex-3.1.2.jar;C:\Users\79033\.m2\repository\com\fasterxml\classmate\1.7.0\classmate-1.7.0.jar;C:\Users\79033\.m2\repository\net\bytebuddy\byte-buddy\1.14.19\byte-buddy-1.14.19.jar;C:\Users\79033\.m2\repository\org\glassfish\jaxb\jaxb-runtime\4.0.5\jaxb-runtime-4.0.5.jar;C:\Users\79033\.m2\repository\org\glassfish\jaxb\jaxb-core\4.0.5\jaxb-core-4.0.5.jar;C:\Users\79033\.m2\repository\org\eclipse\angus\angus-activation\2.0.2\angus-activation-2.0.2.jar;C:\Users\79033\.m2\repository\org\glassfish\jaxb\txw2\4.0.5\txw2-4.0.5.jar;C:\Users\79033\.m2\repository\com\sun\istack\istack-commons-runtime\4.1.2\istack-commons-runtime-4.1.2.jar;C:\Users\79033\.m2\repository\jakarta\inject\jakarta.inject-api\2.0.1\jakarta.inject-api-2.0.1.jar;C:\Users\79033\.m2\repository\org\antlr\antlr4-runtime\4.13.0\antlr4-runtime-4.13.0.jar;C:\Users\79033\.m2\repository\org\springframework\data\spring-data-jpa\3.3.5\spring-data-jpa-3.3.5.jar;C:\Users\79033\.m2\repository\org\springframework\data\spring-data-commons\3.3.5\spring-data-commons-3.3.5.jar;C:\Users\79033\.m2\repository\org\springframework\spring-orm\6.1.14\spring-orm-6.1.14.jar;C:\Users\79033\.m2\repository\org\springframework\spring-context\6.1.14\spring-context-6.1.14.jar;C:\Users\79033\.m2\repository\org\springframework\spring-tx\6.1.14\spring-tx-6.1.14.jar;C:\Users\79033\.m2\repository\org\springframework\spring-beans\6.1.14\spring-beans-6.1.14.jar;C:\Users\79033\.m2\repository\jakarta\annotation\jakarta.annotation-api\2.1.1\jakarta.annotation-api-2.1.1.jar;C:\Users\79033\.m2\repository\org\springframework\spring-aspects\6.1.14\spring-aspects-6.1.14.jar;C:\Users\79033\.m2\repository\org\springframework\boot\spring-boot-starter-thymeleaf\3.3.5\spring-boot-starter-thymeleaf-3.3.5.jar;C:\Users\79033\.m2\repository\org\springframework\boot\spring-boot-starter\3.3.5\spring-boot-starter-3.3.5.jar;C:\Users\79033\.m2\repository\org\springframework\boot\spring-boot\3.3.5\spring-boot-3.3.5.jar;C:\Users\79033\.m2\repository\org\springframework\boot\spring-boot-autoconfigure\3.3.5\spring-boot-autoconfigure-3.3.5.jar;C:\Users\79033\.m2\repository\org\springframework\boot\spring-boot-starter-logging\3.3.5\spring-boot-starter-logging-3.3.5.jar;C:\Users\79033\.m2\repository\ch\qos\logback\logback-classic\1.5.11\logback-classic-1.5.11.jar;C:\Users\79033\.m2\repository\ch\qos\logback\logback-core\1.5.11\logback-core-1.5.11.jar;C:\Users\79033\.m2\repository\org\apache\logging\log4j\log4j-to-slf4j\2.23.1\log4j-to-slf4j-2.23.1.jar;C:\Users\79033\.m2\repository\org\apache\logging\log4j\log4j-api\2.23.1\log4j-api-2.23.1.jar;C:\Users\79033\.m2\repository\org\slf4j\jul-to-slf4j\2.0.16\jul-to-slf4j-2.0.16.jar;C:\Users\79033\.m2\repository\org\yaml\snakeyaml\2.2\snakeyaml-2.2.jar;C:\Users\79033\.m2\repository\org\thymeleaf\thymeleaf-spring6\3.1.2.RELEASE\thymeleaf-spring6-3.1.2.RELEASE.jar;C:\Users\79033\.m2\repository\org\thymeleaf\thymeleaf\3.1.2.RELEASE\thymeleaf-3.1.2.RELEASE.jar;C:\Users\79033\.m2\repository\org\attoparser\attoparser\2.0.7.RELEASE\attoparser-2.0.7.RELEASE.jar;C:\Users\79033\.m2\repository\org\unbescape\unbescape\1.1.6.RELEASE\unbescape-1.1.6.RELEASE.jar;C:\Users\79033\.m2\repository\org\springframework\boot\spring-boot-starter-web\3.3.5\spring-boot-starter-web-3.3.5.jar;C:\Users\79033\.m2\repository\org\springframework\boot\spring-boot-starter-json\3.3.5\spring-boot-starter-json-3.3.5.jar;C:\Users\79033\.m2\repository\com\fasterxml\jackson\core\jackson-databind\2.17.2\jackson-databind-2.17.2.jar;C:\Users\79033\.m2\repository\com\fasterxml\jackson\datatype\jackson-datatype-jdk8\2.17.2\jackson-datatype-jdk8-2.17.2.jar;C:\Users\79033\.m2\repository\com\fasterxml\jackson\module\jackson-module-parameter-names\2.17.2\jackson-module-parameter-names-2.17.2.jar;C:\Users\79033\.m2\repository\org\springframework\boot\spring-boot-starter-tomcat\3.3.5\spring-boot-starter-tomcat-3.3.5.jar;C:\Users\79033\.m2\repository\org\apache\tomcat\embed\tomcat-embed-core\10.1.31\tomcat-embed-core-10.1.31.jar;C:\Users\79033\.m2\repository\org\apache\tomcat\embed\tomcat-embed-el\10.1.31\tomcat-embed-el-10.1.31.jar;C:\Users\79033\.m2\repository\org\apache\tomcat\embed\tomcat-embed-websocket\10.1.31\tomcat-embed-websocket-10.1.31.jar;C:\Users\79033\.m2\repository\org\springframework\spring-web\6.1.14\spring-web-6.1.14.jar;C:\Users\79033\.m2\repository\io\micrometer\micrometer-observation\1.13.6\micrometer-observation-1.13.6.jar;C:\Users\79033\.m2\repository\io\micrometer\micrometer-commons\1.13.6\micrometer-commons-1.13.6.jar;C:\Users\79033\.m2\repository\org\springframework\spring-webmvc\6.1.14\spring-webmvc-6.1.14.jar;C:\Users\79033\.m2\repository\org\springframework\spring-expression\6.1.14\spring-expression-6.1.14.jar;C:\Users\79033\.m2\repository\org\flywaydb\flyway-core\11.0.1\flyway-core-11.0.1.jar;C:\Users\79033\.m2\repository\com\fasterxml\jackson\dataformat\jackson-dataformat-toml\2.17.2\jackson-dataformat-toml-2.17.2.jar;C:\Users\79033\.m2\repository\com\fasterxml\jackson\core\jackson-core\2.17.2\jackson-core-2.17.2.jar;C:\Users\79033\.m2\repository\com\fasterxml\jackson\datatype\jackson-datatype-jsr310\2.17.2\jackson-datatype-jsr310-2.17.2.jar;C:\Users\79033\.m2\repository\com\fasterxml\jackson\core\jackson-annotations\2.17.2\jackson-annotations-2.17.2.jar;C:\Users\79033\.m2\repository\org\flywaydb\flyway-database-postgresql\11.0.1\flyway-database-postgresql-11.0.1.jar;C:\Users\79033\.m2\repository\org\postgresql\postgresql\42.7.4\postgresql-42.7.4.jar;C:\Users\79033\.m2\repository\org\checkerframework\checker-qual\3.42.0\checker-qual-3.42.0.jar;C:\Users\79033\.m2\repository\jakarta\xml\bind\jakarta.xml.bind-api\4.0.2\jakarta.xml.bind-api-4.0.2.jar;C:\Users\79033\.m2\repository\jakarta\activation\jakarta.activation-api\2.1.3\jakarta.activation-api-2.1.3.jar;C:\Users\79033\.m2\repository\org\springframework\spring-core\6.1.14\spring-core-6.1.14.jar;C:\Users\79033\.m2\repository\org\springframework\spring-jcl\6.1.14\spring-jcl-6.1.14.jar;C:\Users\79033\.m2\repository\org\projectlombok\lombok\1.18.34\lombok-1.18.34.jar;C:\Users\79033\.m2\repository\org\springframework\boot\spring-boot-starter-security\3.3.5\spring-boot-starter-security-3.3.5.jar;C:\Users\79033\.m2\repository\org\springframework\spring-aop\6.1.14\spring-aop-6.1.14.jar;C:\Users\79033\.m2\repository\org\springframework\security\spring-security-config\6.3.4\spring-security-config-6.3.4.jar;C:\Users\79033\.m2\repository\org\springframework\security\spring-security-web\6.3.4\spring-security-web-6.3.4.jar;C:\Users\79033\.m2\repository\org\thymeleaf\extras\thymeleaf-extras-springsecurity6\3.1.1.RELEASE\thymeleaf-extras-springsecurity6-3.1.1.RELEASE.jar;C:\Users\79033\.m2\repository\org\slf4j\slf4j-api\2.0.16\slf4j-api-2.0.16.jar;C:\Users\79033\.m2\repository\org\springframework\security\spring-security-core\6.3.4\spring-security-core-6.3.4.jar;C:\Users\79033\.m2\repository\org\springframework\security\spring-security-crypto\6.3.4\spring-security-crypto-6.3.4.jar;C:\Users\79033\.m2\repository\org\eclipse\jgit\org.eclipse.jgit\7.2.0.202503040940-r\org.eclipse.jgit-7.2.0.202503040940-r.jar;C:\Users\79033\.m2\repository\com\googlecode\javaewah\JavaEWAH\1.2.3\JavaEWAH-1.2.3.jar;C:\Users\79033\.m2\repository\commons-codec\commons-codec\1.16.1\commons-codec-1.16.1.jar
Launcher Type: SUN_STANDARD

[Global flags]
     intx CICompilerCount                          = 4                                         {product} {ergonomic}
     uint ConcGCThreads                            = 2                                         {product} {ergonomic}
     uint G1ConcRefinementThreads                  = 8                                         {product} {ergonomic}
   size_t G1HeapRegionSize                         = 1048576                                   {product} {ergonomic}
   size_t InitialHeapSize                          = 117440512                                 {product} {ergonomic}
     bool ManagementServer                         = true                                      {product} {command line}
   size_t MarkStackSize                            = 4194304                                   {product} {ergonomic}
   size_t MaxHeapSize                              = 1862270976                                {product} {ergonomic}
   size_t MaxNewSize                               = 1116733440                                {product} {ergonomic}
   size_t MinHeapDeltaBytes                        = 1048576                                   {product} {ergonomic}
   size_t MinHeapSize                              = 8388608                                   {product} {ergonomic}
    uintx NonNMethodCodeHeapSize                   = 4096                                   {pd product} {ergonomic}
    uintx NonProfiledCodeHeapSize                  = 0                                      {pd product} {ergonomic}
     bool ProfileInterpreter                       = false                                  {pd product} {command line}
    uintx ProfiledCodeHeapSize                     = 0                                      {pd product} {ergonomic}
   size_t SoftMaxHeapSize                          = 1862270976                             {manageable} {ergonomic}
     intx TieredStopAtLevel                        = 1                                         {product} {command line}
     bool UseCompressedOops                        = true                           {product lp64_product} {ergonomic}
     bool UseG1GC                                  = true                                      {product} {ergonomic}
     bool UseLargePagesIndividualAllocation        = false                                  {pd product} {ergonomic}

Logging:
Log output configuration:
 #0: stdout all=warning uptime,level,tags foldmultilines=false
 #1: stderr all=off uptime,level,tags foldmultilines=false

Environment Variables:
JAVA_HOME=C:\Program Files\Java\jdk-22
CLASSPATH=C:\Users\79033\NIR\antlr-4.13.1-complete.jar;%CLASSPATH%;D:\grammatica\;D:\grammatica\test\;
PATH=C:\Program Files\Common Files\Oracle\Java\javapath;C:\Program Files (x86)\Common Files\Oracle\Java\javapath;C:\Program Files\Java\jdk-22\bin;C:\Program Files (x86)\Embarcadero\Studio\22.0\bin;C:\Users\Public\Documents\Embarcadero\Studio\22.0\Bpl;C:\Program Files (x86)\Embarcadero\Studio\22.0\bin64;C:\Users\Public\Documents\Embarcadero\Studio\22.0\Bpl\Win64;C:\Program Files (x86)\Embarcadero\Studio\21.0\bin;C:\Users\Public\Documents\Embarcadero\Studio\21.0\Bpl;C:\Program Files (x86)\Embarcadero\Studio\21.0\bin64;C:\Users\Public\Documents\Embarcadero\Studio\21.0\Bpl\Win64;C:\WINDOWS\system32;C:\WINDOWS;C:\WINDOWS\System32\Wbem;C:\WINDOWS\System32\WindowsPowerShell\v1.0\;C:\WINDOWS\System32\OpenSSH\;D:\matlast\runtime\win64;D:\mattlab\runtime\win64;D:\mattlab\bin;D:\runtime\win64;D:\bin;D:\polyspace\bin;D:\mattlab\polyspace\bin;D:\matlast\polyspace\bin;C:\Program Files\Microsoft SQL Server\150\Tools\Binn\;D:\path\;C:\Program Files\NASM;C:\Program Files\Golink;C:\Program Files\WireGuard\;C:\Program Files\Git\cmd;C:\Program Files\nodejs\;C:\Program Files\Docker\Docker\resources\bin;C:\Program Files\Microsoft SQL Server\Client SDK\ODBC\170\Tools\Binn\;C:\Program Files\dotnet\;C:\Program Files\Java\jdk-22\bin;C:\Users\79033\AppData\Local\Microsoft\WindowsApps;D:\pac\PyCharm 2022.1.3\bin;D:\cilionnn\CLion 2022.2.3\bin;D:\IDEFORJAVA\IntelliJ IDEA 2023.2.4\bin;C:\Users\79033\AppData\Local\JetBrains\Toolbox\scripts;D:\Microsoft VS Code\bin;C:\Users\79033\AppData\Roaming\npm;C:\Users\79033\.dotnet\tools
USERNAME=79033
OS=Windows_NT
PROCESSOR_IDENTIFIER=AMD64 Family 23 Model 24 Stepping 1, AuthenticAMD
TMP=C:\Users\79033\AppData\Local\Temp
TEMP=C:\Users\79033\AppData\Local\Temp




Periodic native trim disabled

---------------  S Y S T E M  ---------------

OS:
 Windows 10 , 64 bit Build 19041 (10.0.19041.3636)
OS uptime: 0 days 2:42 hours
Hyper-V role detected

CPU: total 8 (initial active 8) (8 cores per cpu, 2 threads per core) family 23 model 24 stepping 1 microcode 0x0, cx8, cmov, fxsr, ht, mmx, 3dnowpref, sse, sse2, sse3, ssse3, sse4a, sse4.1, sse4.2, popcnt, lzcnt, tsc, tscinvbit, avx, avx2, aes, clmul, bmi1, bmi2, adx, sha, fma, vzeroupper, clflush, clflushopt, hv, rdtscp, f16c
Processor Information for all 8 processors :
  Max Mhz: 2100, Current Mhz: 2100, Mhz Limit: 2100

Memory: 4k page, system-wide physical 7103M (999M free)
TotalPageFile size 11281M (AvailPageFile size 2M)
current process WorkingSet (physical memory assigned to process): 55M, peak: 55M
current process commit charge ("private bytes"): 196M, peak: 196M

vm_info: Java HotSpot(TM) 64-Bit Server VM (22.0.1+8-16) for windows-amd64 JRE (22.0.1+8-16), built on 2024-03-12T10:33:16Z by "mach5one" with MS VC++ 17.6 (VS2022)

END.
