This is pdfTeX, Version 3.141592653-2.6-1.40.27 (TeX Live 2025) (preloaded format=pdflatex 2025.3.30)  22 APR 2025 09:00
entering extended mode
 restricted \write18 enabled.
 %&-line parsing enabled.
**/data/98/main.tex
(/data/98/main.tex
LaTeX2e <2024-11-01> patch level 2
L3 programming layer <2025-01-18>
(/usr/local/texlive/2025/texmf-dist/tex/latex/base/article.cls
Document Class: article 2024/06/29 v1.4n Standard LaTeX document class
(/usr/local/texlive/2025/texmf-dist/tex/latex/base/size12.clo
File: size12.clo 2024/06/29 v1.4n Standard LaTeX file (size option)
)
\c@part=\count196
\c@section=\count197
\c@subsection=\count198
\c@subsubsection=\count199
\c@paragraph=\count266
\c@subparagraph=\count267
\c@figure=\count268
\c@table=\count269
\abovecaptionskip=\skip49
\belowcaptionskip=\skip50
\bibindent=\dimen141
)

! LaTeX Error: Unicode character –æ (U+043E)
               not set up for use with LaTeX.

See the LaTeX manual or LaTeX Companion for explanation.
Type  H <return>  for immediate help.
 ...                                              
                                                  
l.2 –æ
       –¥–æ–∫—É–º–µ–Ω—Ç–∞ –Ω–∞ \LaTeX. –ó–¥–µ—Å—å –º–æ–∂–Ω–æ –ø–∏—Å–∞—Ç—å —Ç...

You may provide a definition with
\DeclareUnicodeCharacter 


! LaTeX Error: Unicode character –¥ (U+0434)
               not set up for use with LaTeX.

See the LaTeX manual or LaTeX Companion for explanation.
Type  H <return>  for immediate help.
 ...                                              
                                                  
l.2 –æ –¥
         –æ–∫—É–º–µ–Ω—Ç–∞ –Ω–∞ \LaTeX. –ó–¥–µ—Å—å –º–æ–∂–Ω–æ –ø–∏—Å–∞—Ç—å —Ç...

You may provide a definition with
\DeclareUnicodeCharacter 


! LaTeX Error: Unicode character –æ (U+043E)
               not set up for use with LaTeX.

See the LaTeX manual or LaTeX Companion for explanation.
Type  H <return>  for immediate help.
 ...                                              
                                                  
l.2 –æ –¥–æ
           –∫—É–º–µ–Ω—Ç–∞ –Ω–∞ \LaTeX. –ó–¥–µ—Å—å –º–æ–∂–Ω–æ –ø–∏—Å–∞—Ç—å —Ç...

You may provide a definition with
\DeclareUnicodeCharacter 


! LaTeX Error: Unicode character –∫ (U+043A)
               not set up for use with LaTeX.

See the LaTeX manual or LaTeX Companion for explanation.
Type  H <return>  for immediate help.
 ...                                              
                                                  
l.2 –æ –¥–æ–∫
             —É–º–µ–Ω—Ç–∞ –Ω–∞ \LaTeX. –ó–¥–µ—Å—å –º–æ–∂–Ω–æ –ø–∏—Å–∞—Ç—å —Ç...

You may provide a definition with
\DeclareUnicodeCharacter 


! LaTeX Error: Unicode character —É (U+0443)
               not set up for use with LaTeX.

See the LaTeX manual or LaTeX Companion for explanation.
Type  H <return>  for immediate help.
 ...                                              
                                                  
l.2 –æ –¥–æ–∫—É
               –º–µ–Ω—Ç–∞ –Ω–∞ \LaTeX. –ó–¥–µ—Å—å –º–æ–∂–Ω–æ –ø–∏—Å–∞—Ç—å —Ç...

You may provide a definition with
\DeclareUnicodeCharacter 


! LaTeX Error: Unicode character –º (U+043C)
               not set up for use with LaTeX.

See the LaTeX manual or LaTeX Companion for explanation.
Type  H <return>  for immediate help.
 ...                                              
                                                  
l.2 –æ –¥–æ–∫—É–º
                 –µ–Ω—Ç–∞ –Ω–∞ \LaTeX. –ó–¥–µ—Å—å –º–æ–∂–Ω–æ –ø–∏—Å–∞—Ç—å —Ç...

You may provide a definition with
\DeclareUnicodeCharacter 


! LaTeX Error: Unicode character –µ (U+0435)
               not set up for use with LaTeX.

See the LaTeX manual or LaTeX Companion for explanation.
Type  H <return>  for immediate help.
 ...                                              
                                                  
l.2 –æ –¥–æ–∫—É–º–µ
                   –Ω—Ç–∞ –Ω–∞ \LaTeX. –ó–¥–µ—Å—å –º–æ–∂–Ω–æ –ø–∏—Å–∞—Ç—å —Ç...

You may provide a definition with
\DeclareUnicodeCharacter 


! LaTeX Error: Unicode character –Ω (U+043D)
               not set up for use with LaTeX.

See the LaTeX manual or LaTeX Companion for explanation.
Type  H <return>  for immediate help.
 ...                                              
                                                  
l.2 –æ –¥–æ–∫—É–º–µ–Ω
                     —Ç–∞ –Ω–∞ \LaTeX. –ó–¥–µ—Å—å –º–æ–∂–Ω–æ –ø–∏—Å–∞—Ç—å —Ç...

You may provide a definition with
\DeclareUnicodeCharacter 


! LaTeX Error: Unicode character —Ç (U+0442)
               not set up for use with LaTeX.

See the LaTeX manual or LaTeX Companion for explanation.
Type  H <return>  for immediate help.
 ...                                              
                                                  
l.2 –æ –¥–æ–∫—É–º–µ–Ω—Ç
                       –∞ –Ω–∞ \LaTeX. –ó–¥–µ—Å—å –º–æ–∂–Ω–æ –ø–∏—Å–∞—Ç—å —Ç...

You may provide a definition with
\DeclareUnicodeCharacter 


! LaTeX Error: Unicode character –∞ (U+0430)
               not set up for use with LaTeX.

See the LaTeX manual or LaTeX Companion for explanation.
Type  H <return>  for immediate help.
 ...                                              
                                                  
l.2 –æ –¥–æ–∫—É–º–µ–Ω—Ç–∞
                          –Ω–∞ \LaTeX. –ó–¥–µ—Å—å –º–æ–∂–Ω–æ –ø–∏—Å–∞—Ç—å —Ç...

You may provide a definition with
\DeclareUnicodeCharacter 


! LaTeX Error: Unicode character –Ω (U+043D)
               not set up for use with LaTeX.

See the LaTeX manual or LaTeX Companion for explanation.
Type  H <return>  for immediate help.
 ...                                              
                                                  
l.2 –æ –¥–æ–∫—É–º–µ–Ω—Ç–∞ –Ω
                            –∞ \LaTeX. –ó–¥–µ—Å—å –º–æ–∂–Ω–æ –ø–∏—Å–∞—Ç—å —Ç...

You may provide a definition with
\DeclareUnicodeCharacter 


! LaTeX Error: Unicode character –∞ (U+0430)
               not set up for use with LaTeX.

See the LaTeX manual or LaTeX Companion for explanation.
Type  H <return>  for immediate help.
 ...                                              
                                                  
l.2 –æ –¥–æ–∫—É–º–µ–Ω—Ç–∞ –Ω–∞
                               \LaTeX. –ó–¥–µ—Å—å –º–æ–∂–Ω–æ –ø–∏—Å–∞—Ç—å —Ç...

You may provide a definition with
\DeclareUnicodeCharacter 


! LaTeX Error: Missing \begin{document}.

See the LaTeX manual or LaTeX Companion for explanation.
Type  H <return>  for immediate help.
 ...                                              
                                                  
l.2 –æ –¥–æ–∫—É–º–µ–Ω—Ç–∞ –Ω–∞ \LaTeX
                                     . –ó–¥–µ—Å—å –º–æ–∂–Ω–æ –ø–∏—Å–∞—Ç—å —Ç...

You're in trouble here.  Try typing  <return>  to proceed.
If that doesn't work, type  X <return>  to quit.

LaTeX Font Info:    External font `cmex10' loaded for size
(Font)              <12> on input line 2.
LaTeX Font Info:    External font `cmex10' loaded for size
(Font)              <8> on input line 2.
LaTeX Font Info:    External font `cmex10' loaded for size
(Font)              <6> on input line 2.

! LaTeX Error: Unicode character –ó (U+0417)
               not set up for use with LaTeX.

See the LaTeX manual or LaTeX Companion for explanation.
Type  H <return>  for immediate help.
 ...                                              
                                                  
l.2 –æ –¥–æ–∫—É–º–µ–Ω—Ç–∞ –Ω–∞ \LaTeX. –ó
                                         –¥–µ—Å—å –º–æ–∂–Ω–æ –ø–∏—Å–∞—Ç—å —Ç...

You may provide a definition with
\DeclareUnicodeCharacter 


! LaTeX Error: Unicode character –¥ (U+0434)
               not set up for use with LaTeX.

See the LaTeX manual or LaTeX Companion for explanation.
Type  H <return>  for immediate help.
 ...                                              
                                                  
l.2 –æ –¥–æ–∫—É–º–µ–Ω—Ç–∞ –Ω–∞ \LaTeX. –ó–¥
                                           –µ—Å—å –º–æ–∂–Ω–æ –ø–∏—Å–∞—Ç—å —Ç...

You may provide a definition with
\DeclareUnicodeCharacter 


! LaTeX Error: Unicode character –µ (U+0435)
               not set up for use with LaTeX.

See the LaTeX manual or LaTeX Companion for explanation.
Type  H <return>  for immediate help.
 ...                                              
                                                  
l.2 –æ –¥–æ–∫—É–º–µ–Ω—Ç–∞ –Ω–∞ \LaTeX. –ó–¥–µ
                                             —Å—å –º–æ–∂–Ω–æ –ø–∏—Å–∞—Ç—å —Ç...

You may provide a definition with
\DeclareUnicodeCharacter 


! LaTeX Error: Unicode character —Å (U+0441)
               not set up for use with LaTeX.

See the LaTeX manual or LaTeX Companion for explanation.
Type  H <return>  for immediate help.
 ...                                              
                                                  
l.2 –æ –¥–æ–∫—É–º–µ–Ω—Ç–∞ –Ω–∞ \LaTeX. –ó–¥–µ—Å
                                               —å –º–æ–∂–Ω–æ –ø–∏—Å–∞—Ç—å —Ç...

You may provide a definition with
\DeclareUnicodeCharacter 


! LaTeX Error: Unicode character —å (U+044C)
               not set up for use with LaTeX.

See the LaTeX manual or LaTeX Companion for explanation.
Type  H <return>  for immediate help.
 ...                                              
                                                  
l.2 –æ –¥–æ–∫—É–º–µ–Ω—Ç–∞ –Ω–∞ \LaTeX. –ó–¥–µ—Å—å
                                                  –º–æ–∂–Ω–æ –ø–∏—Å–∞—Ç—å —Ç...

You may provide a definition with
\DeclareUnicodeCharacter 


! LaTeX Error: Unicode character –º (U+043C)
               not set up for use with LaTeX.

See the LaTeX manual or LaTeX Companion for explanation.
Type  H <return>  for immediate help.
 ...                                              
                                                  
l.2 ...–æ–∫—É–º–µ–Ω—Ç–∞ –Ω–∞ \LaTeX. –ó–¥–µ—Å—å –º
                                                  –æ–∂–Ω–æ –ø–∏—Å–∞—Ç—å —Ç–µ...

You may provide a definition with
\DeclareUnicodeCharacter 


! LaTeX Error: Unicode character –æ (U+043E)
               not set up for use with LaTeX.

See the LaTeX manual or LaTeX Companion for explanation.
Type  H <return>  for immediate help.
 ...                                              
                                                  
l.2 ...–∫—É–º–µ–Ω—Ç–∞ –Ω–∞ \LaTeX. –ó–¥–µ—Å—å –º–æ
                                                  –∂–Ω–æ –ø–∏—Å–∞—Ç—å —Ç–µ–∫...

You may provide a definition with
\DeclareUnicodeCharacter 


! LaTeX Error: Unicode character –∂ (U+0436)
               not set up for use with LaTeX.

See the LaTeX manual or LaTeX Companion for explanation.
Type  H <return>  for immediate help.
 ...                                              
                                                  
l.2 ...—É–º–µ–Ω—Ç–∞ –Ω–∞ \LaTeX. –ó–¥–µ—Å—å –º–æ–∂
                                                  –Ω–æ –ø–∏—Å–∞—Ç—å —Ç–µ–∫—Å...

You may provide a definition with
\DeclareUnicodeCharacter 


! LaTeX Error: Unicode character –Ω (U+043D)
               not set up for use with LaTeX.

See the LaTeX manual or LaTeX Companion for explanation.
Type  H <return>  for immediate help.
 ...                                              
                                                  
l.2 ...–º–µ–Ω—Ç–∞ –Ω–∞ \LaTeX. –ó–¥–µ—Å—å –º–æ–∂–Ω
                                                  –æ –ø–∏—Å–∞—Ç—å —Ç–µ–∫—Å—Ç...

You may provide a definition with
\DeclareUnicodeCharacter 


! LaTeX Error: Unicode character –æ (U+043E)
               not set up for use with LaTeX.

See the LaTeX manual or LaTeX Companion for explanation.
Type  H <return>  for immediate help.
 ...                                              
                                                  
l.2 ...–µ–Ω—Ç–∞ –Ω–∞ \LaTeX. –ó–¥–µ—Å—å –º–æ–∂–Ω–æ
                                                   –ø–∏—Å–∞—Ç—å —Ç–µ–∫—Å—Ç, ...

You may provide a definition with
\DeclareUnicodeCharacter 


! LaTeX Error: Unicode character –ø (U+043F)
               not set up for use with LaTeX.

See the LaTeX manual or LaTeX Companion for explanation.
Type  H <return>  for immediate help.
 ...                                              
                                                  
l.2 ...Ω—Ç–∞ –Ω–∞ \LaTeX. –ó–¥–µ—Å—å –º–æ–∂–Ω–æ –ø
                                                  –∏—Å–∞—Ç—å —Ç–µ–∫—Å—Ç, –∏—...

You may provide a definition with
\DeclareUnicodeCharacter 


! LaTeX Error: Unicode character –∏ (U+0438)
               not set up for use with LaTeX.

See the LaTeX manual or LaTeX Companion for explanation.
Type  H <return>  for immediate help.
 ...                                              
                                                  
l.2 ...Ç–∞ –Ω–∞ \LaTeX. –ó–¥–µ—Å—å –º–æ–∂–Ω–æ –ø–∏
                                                  —Å–∞—Ç—å —Ç–µ–∫—Å—Ç, –∏—Å–...

You may provide a definition with
\DeclareUnicodeCharacter 


! LaTeX Error: Unicode character —Å (U+0441)
               not set up for use with LaTeX.

See the LaTeX manual or LaTeX Companion for explanation.
Type  H <return>  for immediate help.
 ...                                              
                                                  
l.2 ...∞ –Ω–∞ \LaTeX. –ó–¥–µ—Å—å –º–æ–∂–Ω–æ –ø–∏—Å
                                                  –∞—Ç—å —Ç–µ–∫—Å—Ç, –∏—Å–ø–...

You may provide a definition with
\DeclareUnicodeCharacter 


! LaTeX Error: Unicode character –∞ (U+0430)
               not set up for use with LaTeX.

See the LaTeX manual or LaTeX Companion for explanation.
Type  H <return>  for immediate help.
 ...                                              
                                                  
l.2 ...–Ω–∞ \LaTeX. –ó–¥–µ—Å—å –º–æ–∂–Ω–æ –ø–∏—Å–∞
                                                  —Ç—å —Ç–µ–∫—Å—Ç, –∏—Å–ø–æ–...

You may provide a definition with
\DeclareUnicodeCharacter 


! LaTeX Error: Unicode character —Ç (U+0442)
               not set up for use with LaTeX.

See the LaTeX manual or LaTeX Companion for explanation.
Type  H <return>  for immediate help.
 ...                                              
                                                  
l.2 ...–∞ \LaTeX. –ó–¥–µ—Å—å –º–æ–∂–Ω–æ –ø–∏—Å–∞—Ç
                                                  —å —Ç–µ–∫—Å—Ç, –∏—Å–ø–æ–ª—...

You may provide a definition with
\DeclareUnicodeCharacter 


! LaTeX Error: Unicode character —å (U+044C)
               not set up for use with LaTeX.

See the LaTeX manual or LaTeX Companion for explanation.
Type  H <return>  for immediate help.
 ...                                              
                                                  
l.2 ... \LaTeX. –ó–¥–µ—Å—å –º–æ–∂–Ω–æ –ø–∏—Å–∞—Ç—å
                                                   —Ç–µ–∫—Å—Ç, –∏—Å–ø–æ–ª—å–...

You may provide a definition with
\DeclareUnicodeCharacter 


! LaTeX Error: Unicode character —Ç (U+0442)
               not set up for use with LaTeX.

See the LaTeX manual or LaTeX Companion for explanation.
Type  H <return>  for immediate help.
 ...                                              
                                                  
l.2 ...aTeX. –ó–¥–µ—Å—å –º–æ–∂–Ω–æ –ø–∏—Å–∞—Ç—å —Ç
                                                  –µ–∫—Å—Ç, –∏—Å–ø–æ–ª—å–∑–æ...

You may provide a definition with
\DeclareUnicodeCharacter 


! LaTeX Error: Unicode character –µ (U+0435)
               not set up for use with LaTeX.

See the LaTeX manual or LaTeX Companion for explanation.
Type  H <return>  for immediate help.
 ...                                              
                                                  
l.2 ...eX. –ó–¥–µ—Å—å –º–æ–∂–Ω–æ –ø–∏—Å–∞—Ç—å —Ç–µ
                                                  –∫—Å—Ç, –∏—Å–ø–æ–ª—å–∑–æ–≤...

You may provide a definition with
\DeclareUnicodeCharacter 


! LaTeX Error: Unicode character –∫ (U+043A)
               not set up for use with LaTeX.

See the LaTeX manual or LaTeX Companion for explanation.
Type  H <return>  for immediate help.
 ...                                              
                                                  
l.2 .... –ó–¥–µ—Å—å –º–æ–∂–Ω–æ –ø–∏—Å–∞—Ç—å —Ç–µ–∫
                                                  —Å—Ç, –∏—Å–ø–æ–ª—å–∑–æ–≤–∞...

You may provide a definition with
\DeclareUnicodeCharacter 


! LaTeX Error: Unicode character —Å (U+0441)
               not set up for use with LaTeX.

See the LaTeX manual or LaTeX Companion for explanation.
Type  H <return>  for immediate help.
 ...                                              
                                                  
l.2 ...–ó–¥–µ—Å—å –º–æ–∂–Ω–æ –ø–∏—Å–∞—Ç—å —Ç–µ–∫—Å
                                                  —Ç, –∏—Å–ø–æ–ª—å–∑–æ–≤–∞—Ç...

You may provide a definition with
\DeclareUnicodeCharacter 


! LaTeX Error: Unicode character —Ç (U+0442)
               not set up for use with LaTeX.

See the LaTeX manual or LaTeX Companion for explanation.
Type  H <return>  for immediate help.
 ...                                              
                                                  
l.2 ...–¥–µ—Å—å –º–æ–∂–Ω–æ –ø–∏—Å–∞—Ç—å —Ç–µ–∫—Å—Ç
                                                  , –∏—Å–ø–æ–ª—å–∑–æ–≤–∞—Ç—å...

You may provide a definition with
\DeclareUnicodeCharacter 


! LaTeX Error: Unicode character –∏ (U+0438)
               not set up for use with LaTeX.

See the LaTeX manual or LaTeX Companion for explanation.
Type  H <return>  for immediate help.
 ...                                              
                                                  
l.2 ...—Å—å –º–æ–∂–Ω–æ –ø–∏—Å–∞—Ç—å —Ç–µ–∫—Å—Ç, –∏
                                                  —Å–ø–æ–ª—å–∑–æ–≤–∞—Ç—å —Ñ–...

You may provide a definition with
\DeclareUnicodeCharacter 


! LaTeX Error: Unicode character —Å (U+0441)
               not set up for use with LaTeX.

See the LaTeX manual or LaTeX Companion for explanation.
Type  H <return>  for immediate help.
 ...                                              
                                                  
l.2 ...—å –º–æ–∂–Ω–æ –ø–∏—Å–∞—Ç—å —Ç–µ–∫—Å—Ç, –∏—Å
                                                  –ø–æ–ª—å–∑–æ–≤–∞—Ç—å —Ñ–æ—...

You may provide a definition with
\DeclareUnicodeCharacter 


! LaTeX Error: Unicode character –ø (U+043F)
               not set up for use with LaTeX.

See the LaTeX manual or LaTeX Companion for explanation.
Type  H <return>  for immediate help.
 ...                                              
                                                  
l.2 ... –º–æ–∂–Ω–æ –ø–∏—Å–∞—Ç—å —Ç–µ–∫—Å—Ç, –∏—Å–ø
                                                  –æ–ª—å–∑–æ–≤–∞—Ç—å —Ñ–æ—Ä–...

You may provide a definition with
\DeclareUnicodeCharacter 


! LaTeX Error: Unicode character –æ (U+043E)
               not set up for use with LaTeX.

See the LaTeX manual or LaTeX Companion for explanation.
Type  H <return>  for immediate help.
 ...                                              
                                                  
l.2 ...º–æ–∂–Ω–æ –ø–∏—Å–∞—Ç—å —Ç–µ–∫—Å—Ç, –∏—Å–ø–æ
                                                  –ª—å–∑–æ–≤–∞—Ç—å —Ñ–æ—Ä–º—...

You may provide a definition with
\DeclareUnicodeCharacter 


! LaTeX Error: Unicode character –ª (U+043B)
               not set up for use with LaTeX.

See the LaTeX manual or LaTeX Companion for explanation.
Type  H <return>  for immediate help.
 ...                                              
                                                  
l.2 ...æ–∂–Ω–æ –ø–∏—Å–∞—Ç—å —Ç–µ–∫—Å—Ç, –∏—Å–ø–æ–ª
                                                  —å–∑–æ–≤–∞—Ç—å —Ñ–æ—Ä–º—É–...

You may provide a definition with
\DeclareUnicodeCharacter 


! LaTeX Error: Unicode character —å (U+044C)
               not set up for use with LaTeX.

See the LaTeX manual or LaTeX Companion for explanation.
Type  H <return>  for immediate help.
 ...                                              
                                                  
l.2 ...∂–Ω–æ –ø–∏—Å–∞—Ç—å —Ç–µ–∫—Å—Ç, –∏—Å–ø–æ–ª—å
                                                  –∑–æ–≤–∞—Ç—å —Ñ–æ—Ä–º—É–ª—...

You may provide a definition with
\DeclareUnicodeCharacter 


! LaTeX Error: Unicode character –∑ (U+0437)
               not set up for use with LaTeX.

See the LaTeX manual or LaTeX Companion for explanation.
Type  H <return>  for immediate help.
 ...                                              
                                                  
l.2 ...Ω–æ –ø–∏—Å–∞—Ç—å —Ç–µ–∫—Å—Ç, –∏—Å–ø–æ–ª—å–∑
                                                  –æ–≤–∞—Ç—å —Ñ–æ—Ä–º—É–ª—ã,...

You may provide a definition with
\DeclareUnicodeCharacter 


! LaTeX Error: Unicode character –æ (U+043E)
               not set up for use with LaTeX.

See the LaTeX manual or LaTeX Companion for explanation.
Type  H <return>  for immediate help.
 ...                                              
                                                  
l.2 ...æ –ø–∏—Å–∞—Ç—å —Ç–µ–∫—Å—Ç, –∏—Å–ø–æ–ª—å–∑–æ
                                                  –≤–∞—Ç—å —Ñ–æ—Ä–º—É–ª—ã, —...

You may provide a definition with
\DeclareUnicodeCharacter 


! LaTeX Error: Unicode character –≤ (U+0432)
               not set up for use with LaTeX.

See the LaTeX manual or LaTeX Companion for explanation.
Type  H <return>  for immediate help.
 ...                                              
                                                  
l.2 ...–ø–∏—Å–∞—Ç—å —Ç–µ–∫—Å—Ç, –∏—Å–ø–æ–ª—å–∑–æ–≤
                                                  –∞—Ç—å —Ñ–æ—Ä–º—É–ª—ã, —Ç–...

You may provide a definition with
\DeclareUnicodeCharacter 


! LaTeX Error: Unicode character –∞ (U+0430)
               not set up for use with LaTeX.

See the LaTeX manual or LaTeX Companion for explanation.
Type  H <return>  for immediate help.
 ...                                              
                                                  
l.2 ...–∏—Å–∞—Ç—å —Ç–µ–∫—Å—Ç, –∏—Å–ø–æ–ª—å–∑–æ–≤–∞
                                                  —Ç—å —Ñ–æ—Ä–º—É–ª—ã, —Ç–∞–...

You may provide a definition with
\DeclareUnicodeCharacter 


! LaTeX Error: Unicode character —Ç (U+0442)
               not set up for use with LaTeX.

See the LaTeX manual or LaTeX Companion for explanation.
Type  H <return>  for immediate help.
 ...                                              
                                                  
l.2 ...—Å–∞—Ç—å —Ç–µ–∫—Å—Ç, –∏—Å–ø–æ–ª—å–∑–æ–≤–∞—Ç
                                                  —å —Ñ–æ—Ä–º—É–ª—ã, —Ç–∞–±–...

You may provide a definition with
\DeclareUnicodeCharacter 


! LaTeX Error: Unicode character —å (U+044C)
               not set up for use with LaTeX.

See the LaTeX manual or LaTeX Companion for explanation.
Type  H <return>  for immediate help.
 ...                                              
                                                  
l.2 ...–∞—Ç—å —Ç–µ–∫—Å—Ç, –∏—Å–ø–æ–ª—å–∑–æ–≤–∞—Ç—å
                                                   —Ñ–æ—Ä–º—É–ª—ã, —Ç–∞–±–ª–...

You may provide a definition with
\DeclareUnicodeCharacter 


! LaTeX Error: Unicode character —Ñ (U+0444)
               not set up for use with LaTeX.

See the LaTeX manual or LaTeX Companion for explanation.
Type  H <return>  for immediate help.
 ...                                              
                                                  
l.2 ...Ç—å —Ç–µ–∫—Å—Ç, –∏—Å–ø–æ–ª—å–∑–æ–≤–∞—Ç—å —Ñ
                                                  –æ—Ä–º—É–ª—ã, —Ç–∞–±–ª–∏—Ü...

You may provide a definition with
\DeclareUnicodeCharacter 


! LaTeX Error: Unicode character –æ (U+043E)
               not set up for use with LaTeX.

See the LaTeX manual or LaTeX Companion for explanation.
Type  H <return>  for immediate help.
 ...                                              
                                                  
l.2 ...å —Ç–µ–∫—Å—Ç, –∏—Å–ø–æ–ª—å–∑–æ–≤–∞—Ç—å —Ñ–æ
                                                  —Ä–º—É–ª—ã, —Ç–∞–±–ª–∏—Ü—ã...

You may provide a definition with
\DeclareUnicodeCharacter 


! LaTeX Error: Unicode character —Ä (U+0440)
               not set up for use with LaTeX.

See the LaTeX manual or LaTeX Companion for explanation.
Type  H <return>  for immediate help.
 ...                                              
                                                  
l.2 ...—Ç–µ–∫—Å—Ç, –∏—Å–ø–æ–ª—å–∑–æ–≤–∞—Ç—å —Ñ–æ—Ä
                                                  –º—É–ª—ã, —Ç–∞–±–ª–∏—Ü—ã –...

You may provide a definition with
\DeclareUnicodeCharacter 


! LaTeX Error: Unicode character –º (U+043C)
               not set up for use with LaTeX.

See the LaTeX manual or LaTeX Companion for explanation.
Type  H <return>  for immediate help.
 ...                                              
                                                  
l.2 ...–µ–∫—Å—Ç, –∏—Å–ø–æ–ª—å–∑–æ–≤–∞—Ç—å —Ñ–æ—Ä–º
                                                  —É–ª—ã, —Ç–∞–±–ª–∏—Ü—ã –∏ ...

You may provide a definition with
\DeclareUnicodeCharacter 


! LaTeX Error: Unicode character —É (U+0443)
               not set up for use with LaTeX.

See the LaTeX manual or LaTeX Companion for explanation.
Type  H <return>  for immediate help.
 ...                                              
                                                  
l.2 ...–∫—Å—Ç, –∏—Å–ø–æ–ª—å–∑–æ–≤–∞—Ç—å —Ñ–æ—Ä–º—É
                                                  –ª—ã, —Ç–∞–±–ª–∏—Ü—ã –∏ –∏...

You may provide a definition with
\DeclareUnicodeCharacter 


! LaTeX Error: Unicode character –ª (U+043B)
               not set up for use with LaTeX.

See the LaTeX manual or LaTeX Companion for explanation.
Type  H <return>  for immediate help.
 ...                                              
                                                  
l.2 ...—Å—Ç, –∏—Å–ø–æ–ª—å–∑–æ–≤–∞—Ç—å —Ñ–æ—Ä–º—É–ª
                                                  —ã, —Ç–∞–±–ª–∏—Ü—ã –∏ –∏–∑...

You may provide a definition with
\DeclareUnicodeCharacter 


! LaTeX Error: Unicode character —ã (U+044B)
               not set up for use with LaTeX.

See the LaTeX manual or LaTeX Companion for explanation.
Type  H <return>  for immediate help.
 ...                                              
                                                  
l.2 ...—Ç, –∏—Å–ø–æ–ª—å–∑–æ–≤–∞—Ç—å —Ñ–æ—Ä–º—É–ª—ã
                                                  , —Ç–∞–±–ª–∏—Ü—ã –∏ –∏–∑–æ...

You may provide a definition with
\DeclareUnicodeCharacter 


! LaTeX Error: Unicode character —Ç (U+0442)
               not set up for use with LaTeX.

See the LaTeX manual or LaTeX Companion for explanation.
Type  H <return>  for immediate help.
 ...                                              
                                                  
l.2 ...–∏—Å–ø–æ–ª—å–∑–æ–≤–∞—Ç—å —Ñ–æ—Ä–º—É–ª—ã, —Ç
                                                  –∞–±–ª–∏—Ü—ã –∏ –∏–∑–æ–±—Ä...

You may provide a definition with
\DeclareUnicodeCharacter 


! LaTeX Error: Unicode character –∞ (U+0430)
               not set up for use with LaTeX.

See the LaTeX manual or LaTeX Companion for explanation.
Type  H <return>  for immediate help.
 ...                                              
                                                  
l.2 ...—Å–ø–æ–ª—å–∑–æ–≤–∞—Ç—å —Ñ–æ—Ä–º—É–ª—ã, —Ç–∞
                                                  –±–ª–∏—Ü—ã –∏ –∏–∑–æ–±—Ä–∞...

You may provide a definition with
\DeclareUnicodeCharacter 


! LaTeX Error: Unicode character –± (U+0431)
               not set up for use with LaTeX.

See the LaTeX manual or LaTeX Companion for explanation.
Type  H <return>  for immediate help.
 ...                                              
                                                  
l.2 ...–ø–æ–ª—å–∑–æ–≤–∞—Ç—å —Ñ–æ—Ä–º—É–ª—ã, —Ç–∞–±
                                                  –ª–∏—Ü—ã –∏ –∏–∑–æ–±—Ä–∞–∂...

You may provide a definition with
\DeclareUnicodeCharacter 


! LaTeX Error: Unicode character –ª (U+043B)
               not set up for use with LaTeX.

See the LaTeX manual or LaTeX Companion for explanation.
Type  H <return>  for immediate help.
 ...                                              
                                                  
l.2 ...–æ–ª—å–∑–æ–≤–∞—Ç—å —Ñ–æ—Ä–º—É–ª—ã, —Ç–∞–±–ª
                                                  –∏—Ü—ã –∏ –∏–∑–æ–±—Ä–∞–∂–µ...

You may provide a definition with
\DeclareUnicodeCharacter 


! LaTeX Error: Unicode character –∏ (U+0438)
               not set up for use with LaTeX.

See the LaTeX manual or LaTeX Companion for explanation.
Type  H <return>  for immediate help.
 ...                                              
                                                  
l.2 ...–ª—å–∑–æ–≤–∞—Ç—å —Ñ–æ—Ä–º—É–ª—ã, —Ç–∞–±–ª–∏
                                                  —Ü—ã –∏ –∏–∑–æ–±—Ä–∞–∂–µ–Ω...

You may provide a definition with
\DeclareUnicodeCharacter 


! LaTeX Error: Unicode character —Ü (U+0446)
               not set up for use with LaTeX.

See the LaTeX manual or LaTeX Companion for explanation.
Type  H <return>  for immediate help.
 ...                                              
                                                  
l.2 ...—å–∑–æ–≤–∞—Ç—å —Ñ–æ—Ä–º—É–ª—ã, —Ç–∞–±–ª–∏—Ü
                                                  —ã –∏ –∏–∑–æ–±—Ä–∞–∂–µ–Ω–∏—è.

You may provide a definition with
\DeclareUnicodeCharacter 


! LaTeX Error: Unicode character —ã (U+044B)
               not set up for use with LaTeX.

See the LaTeX manual or LaTeX Companion for explanation.
Type  H <return>  for immediate help.
 ...                                              
                                                  
l.2 ...–∑–æ–≤–∞—Ç—å —Ñ–æ—Ä–º—É–ª—ã, —Ç–∞–±–ª–∏—Ü—ã
                                                   –∏ –∏–∑–æ–±—Ä–∞–∂–µ–Ω–∏—è.
You may provide a definition with
\DeclareUnicodeCharacter 


! LaTeX Error: Unicode character –∏ (U+0438)
               not set up for use with LaTeX.

See the LaTeX manual or LaTeX Companion for explanation.
Type  H <return>  for immediate help.
 ...                                              
                                                  
l.2 ...æ–≤–∞—Ç—å —Ñ–æ—Ä–º—É–ª—ã, —Ç–∞–±–ª–∏—Ü—ã –∏
                                                   –∏–∑–æ–±—Ä–∞–∂–µ–Ω–∏—è.
You may provide a definition with
\DeclareUnicodeCharacter 


! LaTeX Error: Unicode character –∏ (U+0438)
               not set up for use with LaTeX.

See the LaTeX manual or LaTeX Companion for explanation.
Type  H <return>  for immediate help.
 ...                                              
                                                  
l.2 ...–∞—Ç—å —Ñ–æ—Ä–º—É–ª—ã, —Ç–∞–±–ª–∏—Ü—ã –∏ –∏
                                                  –∑–æ–±—Ä–∞–∂–µ–Ω–∏—è.
You may provide a definition with
\DeclareUnicodeCharacter 


! LaTeX Error: Unicode character –∑ (U+0437)
               not set up for use with LaTeX.

See the LaTeX manual or LaTeX Companion for explanation.
Type  H <return>  for immediate help.
 ...                                              
                                                  
l.2 ...—Ç—å —Ñ–æ—Ä–º—É–ª—ã, —Ç–∞–±–ª–∏—Ü—ã –∏ –∏–∑
                                                  –æ–±—Ä–∞–∂–µ–Ω–∏—è.
You may provide a definition with
\DeclareUnicodeCharacter 


! LaTeX Error: Unicode character –æ (U+043E)
               not set up for use with LaTeX.

See the LaTeX manual or LaTeX Companion for explanation.
Type  H <return>  for immediate help.
 ...                                              
                                                  
l.2 ...—å —Ñ–æ—Ä–º—É–ª—ã, —Ç–∞–±–ª–∏—Ü—ã –∏ –∏–∑–æ
                                                  –±—Ä–∞–∂–µ–Ω–∏—è.
You may provide a definition with
\DeclareUnicodeCharacter 


! LaTeX Error: Unicode character –± (U+0431)
               not set up for use with LaTeX.

See the LaTeX manual or LaTeX Companion for explanation.
Type  H <return>  for immediate help.
 ...                                              
                                                  
l.2 ... —Ñ–æ—Ä–º—É–ª—ã, —Ç–∞–±–ª–∏—Ü—ã –∏ –∏–∑–æ–±
                                                  —Ä–∞–∂–µ–Ω–∏—è.
You may provide a definition with
\DeclareUnicodeCharacter 


! LaTeX Error: Unicode character —Ä (U+0440)
               not set up for use with LaTeX.

See the LaTeX manual or LaTeX Companion for explanation.
Type  H <return>  for immediate help.
 ...                                              
                                                  
l.2 ...Ñ–æ—Ä–º—É–ª—ã, —Ç–∞–±–ª–∏—Ü—ã –∏ –∏–∑–æ–±—Ä
                                                  –∞–∂–µ–Ω–∏—è.
You may provide a definition with
\DeclareUnicodeCharacter 


! LaTeX Error: Unicode character –∞ (U+0430)
               not set up for use with LaTeX.

See the LaTeX manual or LaTeX Companion for explanation.
Type  H <return>  for immediate help.
 ...                                              
                                                  
l.2 ...æ—Ä–º—É–ª—ã, —Ç–∞–±–ª–∏—Ü—ã –∏ –∏–∑–æ–±—Ä–∞
                                                  –∂–µ–Ω–∏—è.
You may provide a definition with
\DeclareUnicodeCharacter 


! LaTeX Error: Unicode character –∂ (U+0436)
               not set up for use with LaTeX.

See the LaTeX manual or LaTeX Companion for explanation.
Type  H <return>  for immediate help.
 ...                                              
                                                  
l.2 ...Ä–º—É–ª—ã, —Ç–∞–±–ª–∏—Ü—ã –∏ –∏–∑–æ–±—Ä–∞–∂
                                                  –µ–Ω–∏—è.
You may provide a definition with
\DeclareUnicodeCharacter 


! LaTeX Error: Unicode character –µ (U+0435)
               not set up for use with LaTeX.

See the LaTeX manual or LaTeX Companion for explanation.
Type  H <return>  for immediate help.
 ...                                              
                                                  
l.2 ...º—É–ª—ã, —Ç–∞–±–ª–∏—Ü—ã –∏ –∏–∑–æ–±—Ä–∞–∂–µ
                                                  –Ω–∏—è.
You may provide a definition with
\DeclareUnicodeCharacter 


! LaTeX Error: Unicode character –Ω (U+043D)
               not set up for use with LaTeX.

See the LaTeX manual or LaTeX Companion for explanation.
Type  H <return>  for immediate help.
 ...                                              
                                                  
l.2 ...É–ª—ã, —Ç–∞–±–ª–∏—Ü—ã –∏ –∏–∑–æ–±—Ä–∞–∂–µ–Ω
                                                  –∏—è.
You may provide a definition with
\DeclareUnicodeCharacter 


! LaTeX Error: Unicode character –∏ (U+0438)
               not set up for use with LaTeX.

See the LaTeX manual or LaTeX Companion for explanation.
Type  H <return>  for immediate help.
 ...                                              
                                                  
l.2 ...ª—ã, —Ç–∞–±–ª–∏—Ü—ã –∏ –∏–∑–æ–±—Ä–∞–∂–µ–Ω–∏
                                                  —è.
You may provide a definition with
\DeclareUnicodeCharacter 


! LaTeX Error: Unicode character —è (U+044F)
               not set up for use with LaTeX.

See the LaTeX manual or LaTeX Companion for explanation.
Type  H <return>  for immediate help.
 ...                                              
                                                  
l.2 ...ã, —Ç–∞–±–ª–∏—Ü—ã –∏ –∏–∑–æ–±—Ä–∞–∂–µ–Ω–∏—è
                                                  .
You may provide a definition with
\DeclareUnicodeCharacter 

)
! Emergency stop.
<*> /data/98/main.tex
                     
*** (job aborted, no legal \end found)

 
Here is how much of TeX's memory you used:
 276 strings out of 473190
 3194 string characters out of 5715806
 391984 words of memory out of 5000000
 23612 multiletter control sequences out of 15000+600000
 561573 words of font info for 45 fonts, out of 8000000 for 9000
 1141 hyphenation exceptions out of 8191
 35i,3n,38p,294b,73s stack positions out of 10000i,1000n,20000p,200000b,200000s
!  ==> Fatal error occurred, no output PDF file produced!
