This is pdfTeX, Version 3.141592653-2.6-1.40.27 (TeX Live 2025) (preloaded format=pdflatex 2025.3.30)  17 JUN 2025 17:36
entering extended mode
 restricted \write18 enabled.
 %&-line parsing enabled.
**/data/197/main.tex
(/data/197/main.tex
LaTeX2e <2024-11-01> patch level 2
L3 programming layer <2025-01-18>
(/usr/local/texlive/2025/texmf-dist/tex/latex/base/article.cls
Document Class: article 2024/06/29 v1.4n Standard LaTeX document class
(/usr/local/texlive/2025/texmf-dist/tex/latex/base/size10.clo
File: size10.clo 2024/06/29 v1.4n Standard LaTeX file (size option)
)
\c@part=\count196
\c@section=\count197
\c@subsection=\count198
\c@subsubsection=\count199
\c@paragraph=\count266
\c@subparagraph=\count267
\c@figure=\count268
\c@table=\count269
\abovecaptionskip=\skip49
\belowcaptionskip=\skip50
\bibindent=\dimen141
)
(/usr/local/texlive/2025/texmf-dist/tex/latex/amsmath/amsmath.sty
Package: amsmath 2024/11/05 v2.17t AMS math features
\@mathmargin=\skip51

For additional information on amsmath, use the `?' option.
(/usr/local/texlive/2025/texmf-dist/tex/latex/amsmath/amstext.sty
Package: amstext 2021/08/26 v2.01 AMS text

(/usr/local/texlive/2025/texmf-dist/tex/latex/amsmath/amsgen.sty
File: amsgen.sty 1999/11/30 v2.0 generic functions
\@emptytoks=\toks17
\ex@=\dimen142
))
(/usr/local/texlive/2025/texmf-dist/tex/latex/amsmath/amsbsy.sty
Package: amsbsy 1999/11/29 v1.2d Bold Symbols
\pmbraise@=\dimen143
)
(/usr/local/texlive/2025/texmf-dist/tex/latex/amsmath/amsopn.sty
Package: amsopn 2022/04/08 v2.04 operator names
)
\inf@bad=\count270
LaTeX Info: Redefining \frac on input line 233.
\uproot@=\count271
\leftroot@=\count272
LaTeX Info: Redefining \overline on input line 398.
LaTeX Info: Redefining \colon on input line 409.
\classnum@=\count273
\DOTSCASE@=\count274
LaTeX Info: Redefining \ldots on input line 495.
LaTeX Info: Redefining \dots on input line 498.
LaTeX Info: Redefining \cdots on input line 619.
\Mathstrutbox@=\box52
\strutbox@=\box53
LaTeX Info: Redefining \big on input line 721.
LaTeX Info: Redefining \Big on input line 722.
LaTeX Info: Redefining \bigg on input line 723.
LaTeX Info: Redefining \Bigg on input line 724.
\big@size=\dimen144
LaTeX Font Info:    Redeclaring font encoding OML on input line 742.
LaTeX Font Info:    Redeclaring font encoding OMS on input line 743.
\macc@depth=\count275
LaTeX Info: Redefining \bmod on input line 904.
LaTeX Info: Redefining \pmod on input line 909.
LaTeX Info: Redefining \smash on input line 939.
LaTeX Info: Redefining \relbar on input line 969.
LaTeX Info: Redefining \Relbar on input line 970.
\c@MaxMatrixCols=\count276
\dotsspace@=\muskip17
\c@parentequation=\count277
\dspbrk@lvl=\count278
\tag@help=\toks18
\row@=\count279
\column@=\count280
\maxfields@=\count281
\andhelp@=\toks19
\eqnshift@=\dimen145
\alignsep@=\dimen146
\tagshift@=\dimen147
\tagwidth@=\dimen148
\totwidth@=\dimen149
\lineht@=\dimen150
\@envbody=\toks20
\multlinegap=\skip52
\multlinetaggap=\skip53
\mathdisplay@stack=\toks21
LaTeX Info: Redefining \[ on input line 2953.
LaTeX Info: Redefining \] on input line 2954.
)
(/usr/local/texlive/2025/texmf-dist/tex/latex/amsfonts/amssymb.sty
Package: amssymb 2013/01/14 v3.01 AMS font symbols

(/usr/local/texlive/2025/texmf-dist/tex/latex/amsfonts/amsfonts.sty
Package: amsfonts 2013/01/14 v3.01 Basic AMSFonts support
\symAMSa=\mathgroup4
\symAMSb=\mathgroup5
LaTeX Font Info:    Redeclaring math symbol \hbar on input line 98.
LaTeX Font Info:    Overwriting math alphabet `\mathfrak' in version `bold'
(Font)                  U/euf/m/n --> U/euf/b/n on input line 106.
))
(/usr/local/texlive/2025/texmf-dist/tex/latex/l3backend/l3backend-pdftex.def
File: l3backend-pdftex.def 2024-05-08 L3 backend support: PDF output (pdfTeX)
\l__color_backend_stack_int=\count282
\l__pdf_internal_box=\box54
)
(/data/197/main.aux)
\openout1 = `main.aux'.

LaTeX Font Info:    Checking defaults for OML/cmm/m/it on input line 5.
LaTeX Font Info:    ... okay on input line 5.
LaTeX Font Info:    Checking defaults for OMS/cmsy/m/n on input line 5.
LaTeX Font Info:    ... okay on input line 5.
LaTeX Font Info:    Checking defaults for OT1/cmr/m/n on input line 5.
LaTeX Font Info:    ... okay on input line 5.
LaTeX Font Info:    Checking defaults for T1/cmr/m/n on input line 5.
LaTeX Font Info:    ... okay on input line 5.
LaTeX Font Info:    Checking defaults for TS1/cmr/m/n on input line 5.
LaTeX Font Info:    ... okay on input line 5.
LaTeX Font Info:    Checking defaults for OMX/cmex/m/n on input line 5.
LaTeX Font Info:    ... okay on input line 5.
LaTeX Font Info:    Checking defaults for U/cmr/m/n on input line 5.
LaTeX Font Info:    ... okay on input line 5.


! LaTeX Error: Unicode character –ü (U+041F)
               not set up for use with LaTeX.

See the LaTeX manual or LaTeX Companion for explanation.
Type  H <return>  for immediate help.
 ...                                              
                                                  
l.7 ...Ä –¥–æ–∫—É–º–µ–Ω—Ç–∞ —Å —Ñ–æ—Ä–º—É–ª–∞–º–∏}
                                                  
You may provide a definition with
\DeclareUnicodeCharacter 


! LaTeX Error: Unicode character —Ä (U+0440)
               not set up for use with LaTeX.

See the LaTeX manual or LaTeX Companion for explanation.
Type  H <return>  for immediate help.
 ...                                              
                                                  
l.7 ...Ä –¥–æ–∫—É–º–µ–Ω—Ç–∞ —Å —Ñ–æ—Ä–º—É–ª–∞–º–∏}
                                                  
You may provide a definition with
\DeclareUnicodeCharacter 


! LaTeX Error: Unicode character –∏ (U+0438)
               not set up for use with LaTeX.

See the LaTeX manual or LaTeX Companion for explanation.
Type  H <return>  for immediate help.
 ...                                              
                                                  
l.7 ...Ä –¥–æ–∫—É–º–µ–Ω—Ç–∞ —Å —Ñ–æ—Ä–º—É–ª–∞–º–∏}
                                                  
You may provide a definition with
\DeclareUnicodeCharacter 


! LaTeX Error: Unicode character –º (U+043C)
               not set up for use with LaTeX.

See the LaTeX manual or LaTeX Companion for explanation.
Type  H <return>  for immediate help.
 ...                                              
                                                  
l.7 ...Ä –¥–æ–∫—É–º–µ–Ω—Ç–∞ —Å —Ñ–æ—Ä–º—É–ª–∞–º–∏}
                                                  
You may provide a definition with
\DeclareUnicodeCharacter 


! LaTeX Error: Unicode character –µ (U+0435)
               not set up for use with LaTeX.

See the LaTeX manual or LaTeX Companion for explanation.
Type  H <return>  for immediate help.
 ...                                              
                                                  
l.7 ...Ä –¥–æ–∫—É–º–µ–Ω—Ç–∞ —Å —Ñ–æ—Ä–º—É–ª–∞–º–∏}
                                                  
You may provide a definition with
\DeclareUnicodeCharacter 


! LaTeX Error: Unicode character —Ä (U+0440)
               not set up for use with LaTeX.

See the LaTeX manual or LaTeX Companion for explanation.
Type  H <return>  for immediate help.
 ...                                              
                                                  
l.7 ...Ä –¥–æ–∫—É–º–µ–Ω—Ç–∞ —Å —Ñ–æ—Ä–º—É–ª–∞–º–∏}
                                                  
You may provide a definition with
\DeclareUnicodeCharacter 


! LaTeX Error: Unicode character –¥ (U+0434)
               not set up for use with LaTeX.

See the LaTeX manual or LaTeX Companion for explanation.
Type  H <return>  for immediate help.
 ...                                              
                                                  
l.7 ...Ä –¥–æ–∫—É–º–µ–Ω—Ç–∞ —Å —Ñ–æ—Ä–º—É–ª–∞–º–∏}
                                                  
You may provide a definition with
\DeclareUnicodeCharacter 


! LaTeX Error: Unicode character –æ (U+043E)
               not set up for use with LaTeX.

See the LaTeX manual or LaTeX Companion for explanation.
Type  H <return>  for immediate help.
 ...                                              
                                                  
l.7 ...Ä –¥–æ–∫—É–º–µ–Ω—Ç–∞ —Å —Ñ–æ—Ä–º—É–ª–∞–º–∏}
                                                  
You may provide a definition with
\DeclareUnicodeCharacter 


! LaTeX Error: Unicode character –∫ (U+043A)
               not set up for use with LaTeX.

See the LaTeX manual or LaTeX Companion for explanation.
Type  H <return>  for immediate help.
 ...                                              
                                                  
l.7 ...Ä –¥–æ–∫—É–º–µ–Ω—Ç–∞ —Å —Ñ–æ—Ä–º—É–ª–∞–º–∏}
                                                  
You may provide a definition with
\DeclareUnicodeCharacter 


! LaTeX Error: Unicode character —É (U+0443)
               not set up for use with LaTeX.

See the LaTeX manual or LaTeX Companion for explanation.
Type  H <return>  for immediate help.
 ...                                              
                                                  
l.7 ...Ä –¥–æ–∫—É–º–µ–Ω—Ç–∞ —Å —Ñ–æ—Ä–º—É–ª–∞–º–∏}
                                                  
You may provide a definition with
\DeclareUnicodeCharacter 


! LaTeX Error: Unicode character –º (U+043C)
               not set up for use with LaTeX.

See the LaTeX manual or LaTeX Companion for explanation.
Type  H <return>  for immediate help.
 ...                                              
                                                  
l.7 ...Ä –¥–æ–∫—É–º–µ–Ω—Ç–∞ —Å —Ñ–æ—Ä–º—É–ª–∞–º–∏}
                                                  
You may provide a definition with
\DeclareUnicodeCharacter 


! LaTeX Error: Unicode character –µ (U+0435)
               not set up for use with LaTeX.

See the LaTeX manual or LaTeX Companion for explanation.
Type  H <return>  for immediate help.
 ...                                              
                                                  
l.7 ...Ä –¥–æ–∫—É–º–µ–Ω—Ç–∞ —Å —Ñ–æ—Ä–º—É–ª–∞–º–∏}
                                                  
You may provide a definition with
\DeclareUnicodeCharacter 


! LaTeX Error: Unicode character –Ω (U+043D)
               not set up for use with LaTeX.

See the LaTeX manual or LaTeX Companion for explanation.
Type  H <return>  for immediate help.
 ...                                              
                                                  
l.7 ...Ä –¥–æ–∫—É–º–µ–Ω—Ç–∞ —Å —Ñ–æ—Ä–º—É–ª–∞–º–∏}
                                                  
You may provide a definition with
\DeclareUnicodeCharacter 


! LaTeX Error: Unicode character —Ç (U+0442)
               not set up for use with LaTeX.

See the LaTeX manual or LaTeX Companion for explanation.
Type  H <return>  for immediate help.
 ...                                              
                                                  
l.7 ...Ä –¥–æ–∫—É–º–µ–Ω—Ç–∞ —Å —Ñ–æ—Ä–º—É–ª–∞–º–∏}
                                                  
You may provide a definition with
\DeclareUnicodeCharacter 


! LaTeX Error: Unicode character –∞ (U+0430)
               not set up for use with LaTeX.

See the LaTeX manual or LaTeX Companion for explanation.
Type  H <return>  for immediate help.
 ...                                              
                                                  
l.7 ...Ä –¥–æ–∫—É–º–µ–Ω—Ç–∞ —Å —Ñ–æ—Ä–º—É–ª–∞–º–∏}
                                                  
You may provide a definition with
\DeclareUnicodeCharacter 


! LaTeX Error: Unicode character —Å (U+0441)
               not set up for use with LaTeX.

See the LaTeX manual or LaTeX Companion for explanation.
Type  H <return>  for immediate help.
 ...                                              
                                                  
l.7 ...Ä –¥–æ–∫—É–º–µ–Ω—Ç–∞ —Å —Ñ–æ—Ä–º—É–ª–∞–º–∏}
                                                  
You may provide a definition with
\DeclareUnicodeCharacter 


! LaTeX Error: Unicode character —Ñ (U+0444)
               not set up for use with LaTeX.

See the LaTeX manual or LaTeX Companion for explanation.
Type  H <return>  for immediate help.
 ...                                              
                                                  
l.7 ...Ä –¥–æ–∫—É–º–µ–Ω—Ç–∞ —Å —Ñ–æ—Ä–º—É–ª–∞–º–∏}
                                                  
You may provide a definition with
\DeclareUnicodeCharacter 


! LaTeX Error: Unicode character –æ (U+043E)
               not set up for use with LaTeX.

See the LaTeX manual or LaTeX Companion for explanation.
Type  H <return>  for immediate help.
 ...                                              
                                                  
l.7 ...Ä –¥–æ–∫—É–º–µ–Ω—Ç–∞ —Å —Ñ–æ—Ä–º—É–ª–∞–º–∏}
                                                  
You may provide a definition with
\DeclareUnicodeCharacter 


! LaTeX Error: Unicode character —Ä (U+0440)
               not set up for use with LaTeX.

See the LaTeX manual or LaTeX Companion for explanation.
Type  H <return>  for immediate help.
 ...                                              
                                                  
l.7 ...Ä –¥–æ–∫—É–º–µ–Ω—Ç–∞ —Å —Ñ–æ—Ä–º—É–ª–∞–º–∏}
                                                  
You may provide a definition with
\DeclareUnicodeCharacter 


! LaTeX Error: Unicode character –º (U+043C)
               not set up for use with LaTeX.

See the LaTeX manual or LaTeX Companion for explanation.
Type  H <return>  for immediate help.
 ...                                              
                                                  
l.7 ...Ä –¥–æ–∫—É–º–µ–Ω—Ç–∞ —Å —Ñ–æ—Ä–º—É–ª–∞–º–∏}
                                                  
You may provide a definition with
\DeclareUnicodeCharacter 


! LaTeX Error: Unicode character —É (U+0443)
               not set up for use with LaTeX.

See the LaTeX manual or LaTeX Companion for explanation.
Type  H <return>  for immediate help.
 ...                                              
                                                  
l.7 ...Ä –¥–æ–∫—É–º–µ–Ω—Ç–∞ —Å —Ñ–æ—Ä–º—É–ª–∞–º–∏}
                                                  
You may provide a definition with
\DeclareUnicodeCharacter 


! LaTeX Error: Unicode character –ª (U+043B)
               not set up for use with LaTeX.

See the LaTeX manual or LaTeX Companion for explanation.
Type  H <return>  for immediate help.
 ...                                              
                                                  
l.7 ...Ä –¥–æ–∫—É–º–µ–Ω—Ç–∞ —Å —Ñ–æ—Ä–º—É–ª–∞–º–∏}
                                                  
You may provide a definition with
\DeclareUnicodeCharacter 


! LaTeX Error: Unicode character –∞ (U+0430)
               not set up for use with LaTeX.

See the LaTeX manual or LaTeX Companion for explanation.
Type  H <return>  for immediate help.
 ...                                              
                                                  
l.7 ...Ä –¥–æ–∫—É–º–µ–Ω—Ç–∞ —Å —Ñ–æ—Ä–º—É–ª–∞–º–∏}
                                                  
You may provide a definition with
\DeclareUnicodeCharacter 


! LaTeX Error: Unicode character –º (U+043C)
               not set up for use with LaTeX.

See the LaTeX manual or LaTeX Companion for explanation.
Type  H <return>  for immediate help.
 ...                                              
                                                  
l.7 ...Ä –¥–æ–∫—É–º–µ–Ω—Ç–∞ —Å —Ñ–æ—Ä–º—É–ª–∞–º–∏}
                                                  
You may provide a definition with
\DeclareUnicodeCharacter 


! LaTeX Error: Unicode character –∏ (U+0438)
               not set up for use with LaTeX.

See the LaTeX manual or LaTeX Companion for explanation.
Type  H <return>  for immediate help.
 ...                                              
                                                  
l.7 ...Ä –¥–æ–∫—É–º–µ–Ω—Ç–∞ —Å —Ñ–æ—Ä–º—É–ª–∞–º–∏}
                                                  
You may provide a definition with
\DeclareUnicodeCharacter 


! LaTeX Error: Unicode character –≠ (U+042D)
               not set up for use with LaTeX.

See the LaTeX manual or LaTeX Companion for explanation.
Type  H <return>  for immediate help.
 ...                                              
                                                  
l.9 –≠
      —Ç–æ –ø—Ä–∏–º–µ—Ä –ø—Ä–æ—Å—Ç–æ–≥–æ –¥–æ–∫—É–º–µ–Ω—Ç–∞ —Å –Ω–µ—Å–∫–æ–ª—...

You may provide a definition with
\DeclareUnicodeCharacter 


! LaTeX Error: Unicode character —Ç (U+0442)
               not set up for use with LaTeX.

See the LaTeX manual or LaTeX Companion for explanation.
Type  H <return>  for immediate help.
 ...                                              
                                                  
l.9 –≠—Ç
        –æ –ø—Ä–∏–º–µ—Ä –ø—Ä–æ—Å—Ç–æ–≥–æ –¥–æ–∫—É–º–µ–Ω—Ç–∞ —Å –Ω–µ—Å–∫–æ–ª—...

You may provide a definition with
\DeclareUnicodeCharacter 


! LaTeX Error: Unicode character –æ (U+043E)
               not set up for use with LaTeX.

See the LaTeX manual or LaTeX Companion for explanation.
Type  H <return>  for immediate help.
 ...                                              
                                                  
l.9 –≠—Ç–æ
           –ø—Ä–∏–º–µ—Ä –ø—Ä–æ—Å—Ç–æ–≥–æ –¥–æ–∫—É–º–µ–Ω—Ç–∞ —Å –Ω–µ—Å–∫–æ–ª—...

You may provide a definition with
\DeclareUnicodeCharacter 


! LaTeX Error: Unicode character –ø (U+043F)
               not set up for use with LaTeX.

See the LaTeX manual or LaTeX Companion for explanation.
Type  H <return>  for immediate help.
 ...                                              
                                                  
l.9 –≠—Ç–æ –ø
             —Ä–∏–º–µ—Ä –ø—Ä–æ—Å—Ç–æ–≥–æ –¥–æ–∫—É–º–µ–Ω—Ç–∞ —Å –Ω–µ—Å–∫–æ–ª—...

You may provide a definition with
\DeclareUnicodeCharacter 


! LaTeX Error: Unicode character —Ä (U+0440)
               not set up for use with LaTeX.

See the LaTeX manual or LaTeX Companion for explanation.
Type  H <return>  for immediate help.
 ...                                              
                                                  
l.9 –≠—Ç–æ –ø—Ä
               –∏–º–µ—Ä –ø—Ä–æ—Å—Ç–æ–≥–æ –¥–æ–∫—É–º–µ–Ω—Ç–∞ —Å –Ω–µ—Å–∫–æ–ª—...

You may provide a definition with
\DeclareUnicodeCharacter 


! LaTeX Error: Unicode character –∏ (U+0438)
               not set up for use with LaTeX.

See the LaTeX manual or LaTeX Companion for explanation.
Type  H <return>  for immediate help.
 ...                                              
                                                  
l.9 –≠—Ç–æ –ø—Ä–∏
                 –º–µ—Ä –ø—Ä–æ—Å—Ç–æ–≥–æ –¥–æ–∫—É–º–µ–Ω—Ç–∞ —Å –Ω–µ—Å–∫–æ–ª—...

You may provide a definition with
\DeclareUnicodeCharacter 


! LaTeX Error: Unicode character –º (U+043C)
               not set up for use with LaTeX.

See the LaTeX manual or LaTeX Companion for explanation.
Type  H <return>  for immediate help.
 ...                                              
                                                  
l.9 –≠—Ç–æ –ø—Ä–∏–º
                   –µ—Ä –ø—Ä–æ—Å—Ç–æ–≥–æ –¥–æ–∫—É–º–µ–Ω—Ç–∞ —Å –Ω–µ—Å–∫–æ–ª—...

You may provide a definition with
\DeclareUnicodeCharacter 


! LaTeX Error: Unicode character –µ (U+0435)
               not set up for use with LaTeX.

See the LaTeX manual or LaTeX Companion for explanation.
Type  H <return>  for immediate help.
 ...                                              
                                                  
l.9 –≠—Ç–æ –ø—Ä–∏–º–µ
                     —Ä –ø—Ä–æ—Å—Ç–æ–≥–æ –¥–æ–∫—É–º–µ–Ω—Ç–∞ —Å –Ω–µ—Å–∫–æ–ª—...

You may provide a definition with
\DeclareUnicodeCharacter 


! LaTeX Error: Unicode character —Ä (U+0440)
               not set up for use with LaTeX.

See the LaTeX manual or LaTeX Companion for explanation.
Type  H <return>  for immediate help.
 ...                                              
                                                  
l.9 –≠—Ç–æ –ø—Ä–∏–º–µ—Ä
                        –ø—Ä–æ—Å—Ç–æ–≥–æ –¥–æ–∫—É–º–µ–Ω—Ç–∞ —Å –Ω–µ—Å–∫–æ–ª—...

You may provide a definition with
\DeclareUnicodeCharacter 


! LaTeX Error: Unicode character –ø (U+043F)
               not set up for use with LaTeX.

See the LaTeX manual or LaTeX Companion for explanation.
Type  H <return>  for immediate help.
 ...                                              
                                                  
l.9 –≠—Ç–æ –ø—Ä–∏–º–µ—Ä –ø
                          —Ä–æ—Å—Ç–æ–≥–æ –¥–æ–∫—É–º–µ–Ω—Ç–∞ —Å –Ω–µ—Å–∫–æ–ª—...

You may provide a definition with
\DeclareUnicodeCharacter 


! LaTeX Error: Unicode character —Ä (U+0440)
               not set up for use with LaTeX.

See the LaTeX manual or LaTeX Companion for explanation.
Type  H <return>  for immediate help.
 ...                                              
                                                  
l.9 –≠—Ç–æ –ø—Ä–∏–º–µ—Ä –ø—Ä
                            –æ—Å—Ç–æ–≥–æ –¥–æ–∫—É–º–µ–Ω—Ç–∞ —Å –Ω–µ—Å–∫–æ–ª—...

You may provide a definition with
\DeclareUnicodeCharacter 


! LaTeX Error: Unicode character –æ (U+043E)
               not set up for use with LaTeX.

See the LaTeX manual or LaTeX Companion for explanation.
Type  H <return>  for immediate help.
 ...                                              
                                                  
l.9 –≠—Ç–æ –ø—Ä–∏–º–µ—Ä –ø—Ä–æ
                              —Å—Ç–æ–≥–æ –¥–æ–∫—É–º–µ–Ω—Ç–∞ —Å –Ω–µ—Å–∫–æ–ª—...

You may provide a definition with
\DeclareUnicodeCharacter 


! LaTeX Error: Unicode character —Å (U+0441)
               not set up for use with LaTeX.

See the LaTeX manual or LaTeX Companion for explanation.
Type  H <return>  for immediate help.
 ...                                              
                                                  
l.9 –≠—Ç–æ –ø—Ä–∏–º–µ—Ä –ø—Ä–æ—Å
                                —Ç–æ–≥–æ –¥–æ–∫—É–º–µ–Ω—Ç–∞ —Å –Ω–µ—Å–∫–æ–ª—...

You may provide a definition with
\DeclareUnicodeCharacter 


! LaTeX Error: Unicode character —Ç (U+0442)
               not set up for use with LaTeX.

See the LaTeX manual or LaTeX Companion for explanation.
Type  H <return>  for immediate help.
 ...                                              
                                                  
l.9 –≠—Ç–æ –ø—Ä–∏–º–µ—Ä –ø—Ä–æ—Å—Ç
                                  –æ–≥–æ –¥–æ–∫—É–º–µ–Ω—Ç–∞ —Å –Ω–µ—Å–∫–æ–ª—...

You may provide a definition with
\DeclareUnicodeCharacter 


! LaTeX Error: Unicode character –æ (U+043E)
               not set up for use with LaTeX.

See the LaTeX manual or LaTeX Companion for explanation.
Type  H <return>  for immediate help.
 ...                                              
                                                  
l.9 –≠—Ç–æ –ø—Ä–∏–º–µ—Ä –ø—Ä–æ—Å—Ç–æ
                                    –≥–æ –¥–æ–∫—É–º–µ–Ω—Ç–∞ —Å –Ω–µ—Å–∫–æ–ª—...

You may provide a definition with
\DeclareUnicodeCharacter 


! LaTeX Error: Unicode character –≥ (U+0433)
               not set up for use with LaTeX.

See the LaTeX manual or LaTeX Companion for explanation.
Type  H <return>  for immediate help.
 ...                                              
                                                  
l.9 –≠—Ç–æ –ø—Ä–∏–º–µ—Ä –ø—Ä–æ—Å—Ç–æ–≥
                                      –æ –¥–æ–∫—É–º–µ–Ω—Ç–∞ —Å –Ω–µ—Å–∫–æ–ª—...

You may provide a definition with
\DeclareUnicodeCharacter 


! LaTeX Error: Unicode character –æ (U+043E)
               not set up for use with LaTeX.

See the LaTeX manual or LaTeX Companion for explanation.
Type  H <return>  for immediate help.
 ...                                              
                                                  
l.9 –≠—Ç–æ –ø—Ä–∏–º–µ—Ä –ø—Ä–æ—Å—Ç–æ–≥–æ
                                         –¥–æ–∫—É–º–µ–Ω—Ç–∞ —Å –Ω–µ—Å–∫–æ–ª—...

You may provide a definition with
\DeclareUnicodeCharacter 


! LaTeX Error: Unicode character –¥ (U+0434)
               not set up for use with LaTeX.

See the LaTeX manual or LaTeX Companion for explanation.
Type  H <return>  for immediate help.
 ...                                              
                                                  
l.9 –≠—Ç–æ –ø—Ä–∏–º–µ—Ä –ø—Ä–æ—Å—Ç–æ–≥–æ –¥
                                           –æ–∫—É–º–µ–Ω—Ç–∞ —Å –Ω–µ—Å–∫–æ–ª—...

You may provide a definition with
\DeclareUnicodeCharacter 


! LaTeX Error: Unicode character –æ (U+043E)
               not set up for use with LaTeX.

See the LaTeX manual or LaTeX Companion for explanation.
Type  H <return>  for immediate help.
 ...                                              
                                                  
l.9 –≠—Ç–æ –ø—Ä–∏–º–µ—Ä –ø—Ä–æ—Å—Ç–æ–≥–æ –¥–æ
                                             –∫—É–º–µ–Ω—Ç–∞ —Å –Ω–µ—Å–∫–æ–ª—...

You may provide a definition with
\DeclareUnicodeCharacter 


! LaTeX Error: Unicode character –∫ (U+043A)
               not set up for use with LaTeX.

See the LaTeX manual or LaTeX Companion for explanation.
Type  H <return>  for immediate help.
 ...                                              
                                                  
l.9 –≠—Ç–æ –ø—Ä–∏–º–µ—Ä –ø—Ä–æ—Å—Ç–æ–≥–æ –¥–æ–∫
                                               —É–º–µ–Ω—Ç–∞ —Å –Ω–µ—Å–∫–æ–ª—...

You may provide a definition with
\DeclareUnicodeCharacter 


! LaTeX Error: Unicode character —É (U+0443)
               not set up for use with LaTeX.

See the LaTeX manual or LaTeX Companion for explanation.
Type  H <return>  for immediate help.
 ...                                              
                                                  
l.9 –≠—Ç–æ –ø—Ä–∏–º–µ—Ä –ø—Ä–æ—Å—Ç–æ–≥–æ –¥–æ–∫—É
                                                 –º–µ–Ω—Ç–∞ —Å –Ω–µ—Å–∫–æ–ª—...

You may provide a definition with
\DeclareUnicodeCharacter 


! LaTeX Error: Unicode character –º (U+043C)
               not set up for use with LaTeX.

See the LaTeX manual or LaTeX Companion for explanation.
Type  H <return>  for immediate help.
 ...                                              
                                                  
l.9 ...–æ –ø—Ä–∏–º–µ—Ä –ø—Ä–æ—Å—Ç–æ–≥–æ –¥–æ–∫—É–º
                                                  –µ–Ω—Ç–∞ —Å –Ω–µ—Å–∫–æ–ª—å...

You may provide a definition with
\DeclareUnicodeCharacter 


! LaTeX Error: Unicode character –µ (U+0435)
               not set up for use with LaTeX.

See the LaTeX manual or LaTeX Companion for explanation.
Type  H <return>  for immediate help.
 ...                                              
                                                  
l.9 ... –ø—Ä–∏–º–µ—Ä –ø—Ä–æ—Å—Ç–æ–≥–æ –¥–æ–∫—É–º–µ
                                                  –Ω—Ç–∞ —Å –Ω–µ—Å–∫–æ–ª—å–∫...

You may provide a definition with
\DeclareUnicodeCharacter 


! LaTeX Error: Unicode character –Ω (U+043D)
               not set up for use with LaTeX.

See the LaTeX manual or LaTeX Companion for explanation.
Type  H <return>  for immediate help.
 ...                                              
                                                  
l.9 ...ø—Ä–∏–º–µ—Ä –ø—Ä–æ—Å—Ç–æ–≥–æ –¥–æ–∫—É–º–µ–Ω
                                                  —Ç–∞ —Å –Ω–µ—Å–∫–æ–ª—å–∫–∏...

You may provide a definition with
\DeclareUnicodeCharacter 


! LaTeX Error: Unicode character —Ç (U+0442)
               not set up for use with LaTeX.

See the LaTeX manual or LaTeX Companion for explanation.
Type  H <return>  for immediate help.
 ...                                              
                                                  
l.9 ...Ä–∏–º–µ—Ä –ø—Ä–æ—Å—Ç–æ–≥–æ –¥–æ–∫—É–º–µ–Ω—Ç
                                                  –∞ —Å –Ω–µ—Å–∫–æ–ª—å–∫–∏–º...

You may provide a definition with
\DeclareUnicodeCharacter 


! LaTeX Error: Unicode character –∞ (U+0430)
               not set up for use with LaTeX.

See the LaTeX manual or LaTeX Companion for explanation.
Type  H <return>  for immediate help.
 ...                                              
                                                  
l.9 ...∏–º–µ—Ä –ø—Ä–æ—Å—Ç–æ–≥–æ –¥–æ–∫—É–º–µ–Ω—Ç–∞
                                                   —Å –Ω–µ—Å–∫–æ–ª—å–∫–∏–º–∏...

You may provide a definition with
\DeclareUnicodeCharacter 


! LaTeX Error: Unicode character —Å (U+0441)
               not set up for use with LaTeX.

See the LaTeX manual or LaTeX Companion for explanation.
Type  H <return>  for immediate help.
 ...                                              
                                                  
l.9 ...–µ—Ä –ø—Ä–æ—Å—Ç–æ–≥–æ –¥–æ–∫—É–º–µ–Ω—Ç–∞ —Å
                                                   –Ω–µ—Å–∫–æ–ª—å–∫–∏–º–∏ –º...

You may provide a definition with
\DeclareUnicodeCharacter 


! LaTeX Error: Unicode character –Ω (U+043D)
               not set up for use with LaTeX.

See the LaTeX manual or LaTeX Companion for explanation.
Type  H <return>  for immediate help.
 ...                                              
                                                  
l.9 ...Ä –ø—Ä–æ—Å—Ç–æ–≥–æ –¥–æ–∫—É–º–µ–Ω—Ç–∞ —Å –Ω
                                                  –µ—Å–∫–æ–ª—å–∫–∏–º–∏ –º–∞—...

You may provide a definition with
\DeclareUnicodeCharacter 


! LaTeX Error: Unicode character –µ (U+0435)
               not set up for use with LaTeX.

See the LaTeX manual or LaTeX Companion for explanation.
Type  H <return>  for immediate help.
 ...                                              
                                                  
l.9 ...–ø—Ä–æ—Å—Ç–æ–≥–æ –¥–æ–∫—É–º–µ–Ω—Ç–∞ —Å –Ω–µ
                                                  —Å–∫–æ–ª—å–∫–∏–º–∏ –º–∞—Ç–...

You may provide a definition with
\DeclareUnicodeCharacter 


! LaTeX Error: Unicode character —Å (U+0441)
               not set up for use with LaTeX.

See the LaTeX manual or LaTeX Companion for explanation.
Type  H <return>  for immediate help.
 ...                                              
                                                  
l.9 ...—Ä–æ—Å—Ç–æ–≥–æ –¥–æ–∫—É–º–µ–Ω—Ç–∞ —Å –Ω–µ—Å
                                                  –∫–æ–ª—å–∫–∏–º–∏ –º–∞—Ç–µ–...

You may provide a definition with
\DeclareUnicodeCharacter 


! LaTeX Error: Unicode character –∫ (U+043A)
               not set up for use with LaTeX.

See the LaTeX manual or LaTeX Companion for explanation.
Type  H <return>  for immediate help.
 ...                                              
                                                  
l.9 ...–æ—Å—Ç–æ–≥–æ –¥–æ–∫—É–º–µ–Ω—Ç–∞ —Å –Ω–µ—Å–∫
                                                  –æ–ª—å–∫–∏–º–∏ –º–∞—Ç–µ–º–...

You may provide a definition with
\DeclareUnicodeCharacter 


! LaTeX Error: Unicode character –æ (U+043E)
               not set up for use with LaTeX.

See the LaTeX manual or LaTeX Companion for explanation.
Type  H <return>  for immediate help.
 ...                                              
                                                  
l.9 ...—Å—Ç–æ–≥–æ –¥–æ–∫—É–º–µ–Ω—Ç–∞ —Å –Ω–µ—Å–∫–æ
                                                  –ª—å–∫–∏–º–∏ –º–∞—Ç–µ–º–∞—...

You may provide a definition with
\DeclareUnicodeCharacter 


! LaTeX Error: Unicode character –ª (U+043B)
               not set up for use with LaTeX.

See the LaTeX manual or LaTeX Companion for explanation.
Type  H <return>  for immediate help.
 ...                                              
                                                  
l.9 ...—Ç–æ–≥–æ –¥–æ–∫—É–º–µ–Ω—Ç–∞ —Å –Ω–µ—Å–∫–æ–ª
                                                  —å–∫–∏–º–∏ –º–∞—Ç–µ–º–∞—Ç–...

You may provide a definition with
\DeclareUnicodeCharacter 


! LaTeX Error: Unicode character —å (U+044C)
               not set up for use with LaTeX.

See the LaTeX manual or LaTeX Companion for explanation.
Type  H <return>  for immediate help.
 ...                                              
                                                  
l.9 ...–æ–≥–æ –¥–æ–∫—É–º–µ–Ω—Ç–∞ —Å –Ω–µ—Å–∫–æ–ª—å
                                                  –∫–∏–º–∏ –º–∞—Ç–µ–º–∞—Ç–∏—...

You may provide a definition with
\DeclareUnicodeCharacter 


! LaTeX Error: Unicode character –∫ (U+043A)
               not set up for use with LaTeX.

See the LaTeX manual or LaTeX Companion for explanation.
Type  H <return>  for immediate help.
 ...                                              
                                                  
l.9 ...–≥–æ –¥–æ–∫—É–º–µ–Ω—Ç–∞ —Å –Ω–µ—Å–∫–æ–ª—å–∫
                                                  –∏–º–∏ –º–∞—Ç–µ–º–∞—Ç–∏—á–...

You may provide a definition with
\DeclareUnicodeCharacter 


! LaTeX Error: Unicode character –∏ (U+0438)
               not set up for use with LaTeX.

See the LaTeX manual or LaTeX Companion for explanation.
Type  H <return>  for immediate help.
 ...                                              
                                                  
l.9 ...–æ –¥–æ–∫—É–º–µ–Ω—Ç–∞ —Å –Ω–µ—Å–∫–æ–ª—å–∫–∏
                                                  –º–∏ –º–∞—Ç–µ–º–∞—Ç–∏—á–µ—...

You may provide a definition with
\DeclareUnicodeCharacter 


! LaTeX Error: Unicode character –º (U+043C)
               not set up for use with LaTeX.

See the LaTeX manual or LaTeX Companion for explanation.
Type  H <return>  for immediate help.
 ...                                              
                                                  
l.9 ... –¥–æ–∫—É–º–µ–Ω—Ç–∞ —Å –Ω–µ—Å–∫–æ–ª—å–∫–∏–º
                                                  –∏ –º–∞—Ç–µ–º–∞—Ç–∏—á–µ—Å–...

You may provide a definition with
\DeclareUnicodeCharacter 


! LaTeX Error: Unicode character –∏ (U+0438)
               not set up for use with LaTeX.

See the LaTeX manual or LaTeX Companion for explanation.
Type  H <return>  for immediate help.
 ...                                              
                                                  
l.9 ...¥–æ–∫—É–º–µ–Ω—Ç–∞ —Å –Ω–µ—Å–∫–æ–ª—å–∫–∏–º–∏
                                                   –º–∞—Ç–µ–º–∞—Ç–∏—á–µ—Å–∫–...

You may provide a definition with
\DeclareUnicodeCharacter 


! LaTeX Error: Unicode character –º (U+043C)
               not set up for use with LaTeX.

See the LaTeX manual or LaTeX Companion for explanation.
Type  H <return>  for immediate help.
 ...                                              
                                                  
l.9 ...–∫—É–º–µ–Ω—Ç–∞ —Å –Ω–µ—Å–∫–æ–ª—å–∫–∏–º–∏ –º
                                                  –∞—Ç–µ–º–∞—Ç–∏—á–µ—Å–∫–∏–º...

You may provide a definition with
\DeclareUnicodeCharacter 


! LaTeX Error: Unicode character –∞ (U+0430)
               not set up for use with LaTeX.

See the LaTeX manual or LaTeX Companion for explanation.
Type  H <return>  for immediate help.
 ...                                              
                                                  
l.9 ...—É–º–µ–Ω—Ç–∞ —Å –Ω–µ—Å–∫–æ–ª—å–∫–∏–º–∏ –º–∞
                                                  —Ç–µ–º–∞—Ç–∏—á–µ—Å–∫–∏–º–∏...

You may provide a definition with
\DeclareUnicodeCharacter 


! LaTeX Error: Unicode character —Ç (U+0442)
               not set up for use with LaTeX.

See the LaTeX manual or LaTeX Companion for explanation.
Type  H <return>  for immediate help.
 ...                                              
                                                  
l.9 ...–º–µ–Ω—Ç–∞ —Å –Ω–µ—Å–∫–æ–ª—å–∫–∏–º–∏ –º–∞—Ç
                                                  –µ–º–∞—Ç–∏—á–µ—Å–∫–∏–º–∏ —...

You may provide a definition with
\DeclareUnicodeCharacter 


! LaTeX Error: Unicode character –µ (U+0435)
               not set up for use with LaTeX.

See the LaTeX manual or LaTeX Companion for explanation.
Type  H <return>  for immediate help.
 ...                                              
                                                  
l.9 ...–µ–Ω—Ç–∞ —Å –Ω–µ—Å–∫–æ–ª—å–∫–∏–º–∏ –º–∞—Ç–µ
                                                  –º–∞—Ç–∏—á–µ—Å–∫–∏–º–∏ —Ñ–...

You may provide a definition with
\DeclareUnicodeCharacter 


! LaTeX Error: Unicode character –º (U+043C)
               not set up for use with LaTeX.

See the LaTeX manual or LaTeX Companion for explanation.
Type  H <return>  for immediate help.
 ...                                              
                                                  
l.9 ...–Ω—Ç–∞ —Å –Ω–µ—Å–∫–æ–ª—å–∫–∏–º–∏ –º–∞—Ç–µ–º
                                                  –∞—Ç–∏—á–µ—Å–∫–∏–º–∏ —Ñ–æ—...

You may provide a definition with
\DeclareUnicodeCharacter 


! LaTeX Error: Unicode character –∞ (U+0430)
               not set up for use with LaTeX.

See the LaTeX manual or LaTeX Companion for explanation.
Type  H <return>  for immediate help.
 ...                                              
                                                  
l.9 ...—Ç–∞ —Å –Ω–µ—Å–∫–æ–ª—å–∫–∏–º–∏ –º–∞—Ç–µ–º–∞
                                                  —Ç–∏—á–µ—Å–∫–∏–º–∏ —Ñ–æ—Ä–...

You may provide a definition with
\DeclareUnicodeCharacter 


! LaTeX Error: Unicode character —Ç (U+0442)
               not set up for use with LaTeX.

See the LaTeX manual or LaTeX Companion for explanation.
Type  H <return>  for immediate help.
 ...                                              
                                                  
l.9 ...–∞ —Å –Ω–µ—Å–∫–æ–ª—å–∫–∏–º–∏ –º–∞—Ç–µ–º–∞—Ç
                                                  –∏—á–µ—Å–∫–∏–º–∏ —Ñ–æ—Ä–º—...

You may provide a definition with
\DeclareUnicodeCharacter 


! LaTeX Error: Unicode character –∏ (U+0438)
               not set up for use with LaTeX.

See the LaTeX manual or LaTeX Companion for explanation.
Type  H <return>  for immediate help.
 ...                                              
                                                  
l.9 ... —Å –Ω–µ—Å–∫–æ–ª—å–∫–∏–º–∏ –º–∞—Ç–µ–º–∞—Ç–∏
                                                  —á–µ—Å–∫–∏–º–∏ —Ñ–æ—Ä–º—É–...

You may provide a definition with
\DeclareUnicodeCharacter 


! LaTeX Error: Unicode character —á (U+0447)
               not set up for use with LaTeX.

See the LaTeX manual or LaTeX Companion for explanation.
Type  H <return>  for immediate help.
 ...                                              
                                                  
l.9 ...Å –Ω–µ—Å–∫–æ–ª—å–∫–∏–º–∏ –º–∞—Ç–µ–º–∞—Ç–∏—á
                                                  –µ—Å–∫–∏–º–∏ —Ñ–æ—Ä–º—É–ª–...

You may provide a definition with
\DeclareUnicodeCharacter 


! LaTeX Error: Unicode character –µ (U+0435)
               not set up for use with LaTeX.

See the LaTeX manual or LaTeX Companion for explanation.
Type  H <return>  for immediate help.
 ...                                              
                                                  
l.9 ...–Ω–µ—Å–∫–æ–ª—å–∫–∏–º–∏ –º–∞—Ç–µ–º–∞—Ç–∏—á–µ
                                                  —Å–∫–∏–º–∏ —Ñ–æ—Ä–º—É–ª–∞–...

You may provide a definition with
\DeclareUnicodeCharacter 


! LaTeX Error: Unicode character —Å (U+0441)
               not set up for use with LaTeX.

See the LaTeX manual or LaTeX Companion for explanation.
Type  H <return>  for immediate help.
 ...                                              
                                                  
l.9 ...–µ—Å–∫–æ–ª—å–∫–∏–º–∏ –º–∞—Ç–µ–º–∞—Ç–∏—á–µ—Å
                                                  –∫–∏–º–∏ —Ñ–æ—Ä–º—É–ª–∞–º–∏.
You may provide a definition with
\DeclareUnicodeCharacter 


! LaTeX Error: Unicode character –∫ (U+043A)
               not set up for use with LaTeX.

See the LaTeX manual or LaTeX Companion for explanation.
Type  H <return>  for immediate help.
 ...                                              
                                                  
l.9 ...—Å–∫–æ–ª—å–∫–∏–º–∏ –º–∞—Ç–µ–º–∞—Ç–∏—á–µ—Å–∫
                                                  –∏–º–∏ —Ñ–æ—Ä–º—É–ª–∞–º–∏.
You may provide a definition with
\DeclareUnicodeCharacter 


! LaTeX Error: Unicode character –∏ (U+0438)
               not set up for use with LaTeX.

See the LaTeX manual or LaTeX Companion for explanation.
Type  H <return>  for immediate help.
 ...                                              
                                                  
l.9 ...–∫–æ–ª—å–∫–∏–º–∏ –º–∞—Ç–µ–º–∞—Ç–∏—á–µ—Å–∫–∏
                                                  –º–∏ —Ñ–æ—Ä–º—É–ª–∞–º–∏.
You may provide a definition with
\DeclareUnicodeCharacter 


! LaTeX Error: Unicode character –º (U+043C)
               not set up for use with LaTeX.

See the LaTeX manual or LaTeX Companion for explanation.
Type  H <return>  for immediate help.
 ...                                              
                                                  
l.9 ...–æ–ª—å–∫–∏–º–∏ –º–∞—Ç–µ–º–∞—Ç–∏—á–µ—Å–∫–∏–º
                                                  –∏ —Ñ–æ—Ä–º—É–ª–∞–º–∏.
You may provide a definition with
\DeclareUnicodeCharacter 


! LaTeX Error: Unicode character –∏ (U+0438)
               not set up for use with LaTeX.

See the LaTeX manual or LaTeX Companion for explanation.
Type  H <return>  for immediate help.
 ...                                              
                                                  
l.9 ...–ª—å–∫–∏–º–∏ –º–∞—Ç–µ–º–∞—Ç–∏—á–µ—Å–∫–∏–º–∏
                                                   —Ñ–æ—Ä–º—É–ª–∞–º–∏.
You may provide a definition with
\DeclareUnicodeCharacter 


! LaTeX Error: Unicode character —Ñ (U+0444)
               not set up for use with LaTeX.

See the LaTeX manual or LaTeX Companion for explanation.
Type  H <return>  for immediate help.
 ...                                              
                                                  
l.9 ...å–∫–∏–º–∏ –º–∞—Ç–µ–º–∞—Ç–∏—á–µ—Å–∫–∏–º–∏ —Ñ
                                                  –æ—Ä–º—É–ª–∞–º–∏.
You may provide a definition with
\DeclareUnicodeCharacter 


! LaTeX Error: Unicode character –æ (U+043E)
               not set up for use with LaTeX.

See the LaTeX manual or LaTeX Companion for explanation.
Type  H <return>  for immediate help.
 ...                                              
                                                  
l.9 ...∫–∏–º–∏ –º–∞—Ç–µ–º–∞—Ç–∏—á–µ—Å–∫–∏–º–∏ —Ñ–æ
                                                  —Ä–º—É–ª–∞–º–∏.
You may provide a definition with
\DeclareUnicodeCharacter 


! LaTeX Error: Unicode character —Ä (U+0440)
               not set up for use with LaTeX.

See the LaTeX manual or LaTeX Companion for explanation.
Type  H <return>  for immediate help.
 ...                                              
                                                  
l.9 ...∏–º–∏ –º–∞—Ç–µ–º–∞—Ç–∏—á–µ—Å–∫–∏–º–∏ —Ñ–æ—Ä
                                                  –º—É–ª–∞–º–∏.
You may provide a definition with
\DeclareUnicodeCharacter 


! LaTeX Error: Unicode character –º (U+043C)
               not set up for use with LaTeX.

See the LaTeX manual or LaTeX Companion for explanation.
Type  H <return>  for immediate help.
 ...                                              
                                                  
l.9 ...º–∏ –º–∞—Ç–µ–º–∞—Ç–∏—á–µ—Å–∫–∏–º–∏ —Ñ–æ—Ä–º
                                                  —É–ª–∞–º–∏.
You may provide a definition with
\DeclareUnicodeCharacter 


! LaTeX Error: Unicode character —É (U+0443)
               not set up for use with LaTeX.

See the LaTeX manual or LaTeX Companion for explanation.
Type  H <return>  for immediate help.
 ...                                              
                                                  
l.9 ...∏ –º–∞—Ç–µ–º–∞—Ç–∏—á–µ—Å–∫–∏–º–∏ —Ñ–æ—Ä–º—É
                                                  –ª–∞–º–∏.
You may provide a definition with
\DeclareUnicodeCharacter 


! LaTeX Error: Unicode character –ª (U+043B)
               not set up for use with LaTeX.

See the LaTeX manual or LaTeX Companion for explanation.
Type  H <return>  for immediate help.
 ...                                              
                                                  
l.9 ...–º–∞—Ç–µ–º–∞—Ç–∏—á–µ—Å–∫–∏–º–∏ —Ñ–æ—Ä–º—É–ª
                                                  –∞–º–∏.
You may provide a definition with
\DeclareUnicodeCharacter 


! LaTeX Error: Unicode character –∞ (U+0430)
               not set up for use with LaTeX.

See the LaTeX manual or LaTeX Companion for explanation.
Type  H <return>  for immediate help.
 ...                                              
                                                  
l.9 ...–∞—Ç–µ–º–∞—Ç–∏—á–µ—Å–∫–∏–º–∏ —Ñ–æ—Ä–º—É–ª–∞
                                                  –º–∏.
You may provide a definition with
\DeclareUnicodeCharacter 


! LaTeX Error: Unicode character –º (U+043C)
               not set up for use with LaTeX.

See the LaTeX manual or LaTeX Companion for explanation.
Type  H <return>  for immediate help.
 ...                                              
                                                  
l.9 ...—Ç–µ–º–∞—Ç–∏—á–µ—Å–∫–∏–º–∏ —Ñ–æ—Ä–º—É–ª–∞–º
                                                  –∏.
You may provide a definition with
\DeclareUnicodeCharacter 


! LaTeX Error: Unicode character –∏ (U+0438)
               not set up for use with LaTeX.

See the LaTeX manual or LaTeX Companion for explanation.
Type  H <return>  for immediate help.
 ...                                              
                                                  
l.9 ...–µ–º–∞—Ç–∏—á–µ—Å–∫–∏–º–∏ —Ñ–æ—Ä–º—É–ª–∞–º–∏
                                                  .
You may provide a definition with
\DeclareUnicodeCharacter 


! LaTeX Error: Unicode character –§ (U+0424)
               not set up for use with LaTeX.

See the LaTeX manual or LaTeX Companion for explanation.
Type  H <return>  for immediate help.
 ...                                              
                                                  
l.11 ...–∫–≤–∞–¥—Ä–∞—Ç–Ω–æ–≥–æ —É—Ä–∞–≤–Ω–µ–Ω–∏—è}
                                                  
You may provide a definition with
\DeclareUnicodeCharacter 


! LaTeX Error: Unicode character –æ (U+043E)
               not set up for use with LaTeX.

See the LaTeX manual or LaTeX Companion for explanation.
Type  H <return>  for immediate help.
 ...                                              
                                                  
l.11 ...–∫–≤–∞–¥—Ä–∞—Ç–Ω–æ–≥–æ —É—Ä–∞–≤–Ω–µ–Ω–∏—è}
                                                  
You may provide a definition with
\DeclareUnicodeCharacter 


! LaTeX Error: Unicode character —Ä (U+0440)
               not set up for use with LaTeX.

See the LaTeX manual or LaTeX Companion for explanation.
Type  H <return>  for immediate help.
 ...                                              
                                                  
l.11 ...–∫–≤–∞–¥—Ä–∞—Ç–Ω–æ–≥–æ —É—Ä–∞–≤–Ω–µ–Ω–∏—è}
                                                  
You may provide a definition with
\DeclareUnicodeCharacter 


! LaTeX Error: Unicode character –º (U+043C)
               not set up for use with LaTeX.

See the LaTeX manual or LaTeX Companion for explanation.
Type  H <return>  for immediate help.
 ...                                              
                                                  
l.11 ...–∫–≤–∞–¥—Ä–∞—Ç–Ω–æ–≥–æ —É—Ä–∞–≤–Ω–µ–Ω–∏—è}
                                                  
You may provide a definition with
\DeclareUnicodeCharacter 


! LaTeX Error: Unicode character —É (U+0443)
               not set up for use with LaTeX.

See the LaTeX manual or LaTeX Companion for explanation.
Type  H <return>  for immediate help.
 ...                                              
                                                  
l.11 ...–∫–≤–∞–¥—Ä–∞—Ç–Ω–æ–≥–æ —É—Ä–∞–≤–Ω–µ–Ω–∏—è}
                                                  
You may provide a definition with
\DeclareUnicodeCharacter 


! LaTeX Error: Unicode character –ª (U+043B)
               not set up for use with LaTeX.

See the LaTeX manual or LaTeX Companion for explanation.
Type  H <return>  for immediate help.
 ...                                              
                                                  
l.11 ...–∫–≤–∞–¥—Ä–∞—Ç–Ω–æ–≥–æ —É—Ä–∞–≤–Ω–µ–Ω–∏—è}
                                                  
You may provide a definition with
\DeclareUnicodeCharacter 


! LaTeX Error: Unicode character –∞ (U+0430)
               not set up for use with LaTeX.

See the LaTeX manual or LaTeX Companion for explanation.
Type  H <return>  for immediate help.
 ...                                              
                                                  
l.11 ...–∫–≤–∞–¥—Ä–∞—Ç–Ω–æ–≥–æ —É—Ä–∞–≤–Ω–µ–Ω–∏—è}
                                                  
You may provide a definition with
\DeclareUnicodeCharacter 


! LaTeX Error: Unicode character –∫ (U+043A)
               not set up for use with LaTeX.

See the LaTeX manual or LaTeX Companion for explanation.
Type  H <return>  for immediate help.
 ...                                              
                                                  
l.11 ...–∫–≤–∞–¥—Ä–∞—Ç–Ω–æ–≥–æ —É—Ä–∞–≤–Ω–µ–Ω–∏—è}
                                                  
You may provide a definition with
\DeclareUnicodeCharacter 


! LaTeX Error: Unicode character –≤ (U+0432)
               not set up for use with LaTeX.

See the LaTeX manual or LaTeX Companion for explanation.
Type  H <return>  for immediate help.
 ...                                              
                                                  
l.11 ...–∫–≤–∞–¥—Ä–∞—Ç–Ω–æ–≥–æ —É—Ä–∞–≤–Ω–µ–Ω–∏—è}
                                                  
You may provide a definition with
\DeclareUnicodeCharacter 


! LaTeX Error: Unicode character –∞ (U+0430)
               not set up for use with LaTeX.

See the LaTeX manual or LaTeX Companion for explanation.
Type  H <return>  for immediate help.
 ...                                              
                                                  
l.11 ...–∫–≤–∞–¥—Ä–∞—Ç–Ω–æ–≥–æ —É—Ä–∞–≤–Ω–µ–Ω–∏—è}
                                                  
You may provide a definition with
\DeclareUnicodeCharacter 


! LaTeX Error: Unicode character –¥ (U+0434)
               not set up for use with LaTeX.

See the LaTeX manual or LaTeX Companion for explanation.
Type  H <return>  for immediate help.
 ...                                              
                                                  
l.11 ...–∫–≤–∞–¥—Ä–∞—Ç–Ω–æ–≥–æ —É—Ä–∞–≤–Ω–µ–Ω–∏—è}
                                                  
You may provide a definition with
\DeclareUnicodeCharacter 


! LaTeX Error: Unicode character —Ä (U+0440)
               not set up for use with LaTeX.

See the LaTeX manual or LaTeX Companion for explanation.
Type  H <return>  for immediate help.
 ...                                              
                                                  
l.11 ...–∫–≤–∞–¥—Ä–∞—Ç–Ω–æ–≥–æ —É—Ä–∞–≤–Ω–µ–Ω–∏—è}
                                                  
You may provide a definition with
\DeclareUnicodeCharacter 


! LaTeX Error: Unicode character –∞ (U+0430)
               not set up for use with LaTeX.

See the LaTeX manual or LaTeX Companion for explanation.
Type  H <return>  for immediate help.
 ...                                              
                                                  
l.11 ...–∫–≤–∞–¥—Ä–∞—Ç–Ω–æ–≥–æ —É—Ä–∞–≤–Ω–µ–Ω–∏—è}
                                                  
You may provide a definition with
\DeclareUnicodeCharacter 


! LaTeX Error: Unicode character —Ç (U+0442)
               not set up for use with LaTeX.

See the LaTeX manual or LaTeX Companion for explanation.
Type  H <return>  for immediate help.
 ...                                              
                                                  
l.11 ...–∫–≤–∞–¥—Ä–∞—Ç–Ω–æ–≥–æ —É—Ä–∞–≤–Ω–µ–Ω–∏—è}
                                                  
You may provide a definition with
\DeclareUnicodeCharacter 


! LaTeX Error: Unicode character –Ω (U+043D)
               not set up for use with LaTeX.

See the LaTeX manual or LaTeX Companion for explanation.
Type  H <return>  for immediate help.
 ...                                              
                                                  
l.11 ...–∫–≤–∞–¥—Ä–∞—Ç–Ω–æ–≥–æ —É—Ä–∞–≤–Ω–µ–Ω–∏—è}
                                                  
You may provide a definition with
\DeclareUnicodeCharacter 


! LaTeX Error: Unicode character –æ (U+043E)
               not set up for use with LaTeX.

See the LaTeX manual or LaTeX Companion for explanation.
Type  H <return>  for immediate help.
 ...                                              
                                                  
l.11 ...–∫–≤–∞–¥—Ä–∞—Ç–Ω–æ–≥–æ —É—Ä–∞–≤–Ω–µ–Ω–∏—è}
                                                  
You may provide a definition with
\DeclareUnicodeCharacter 


! LaTeX Error: Unicode character –≥ (U+0433)
               not set up for use with LaTeX.

See the LaTeX manual or LaTeX Companion for explanation.
Type  H <return>  for immediate help.
 ...                                              
                                                  
l.11 ...–∫–≤–∞–¥—Ä–∞—Ç–Ω–æ–≥–æ —É—Ä–∞–≤–Ω–µ–Ω–∏—è}
                                                  
You may provide a definition with
\DeclareUnicodeCharacter 


! LaTeX Error: Unicode character –æ (U+043E)
               not set up for use with LaTeX.

See the LaTeX manual or LaTeX Companion for explanation.
Type  H <return>  for immediate help.
 ...                                              
                                                  
l.11 ...–∫–≤–∞–¥—Ä–∞—Ç–Ω–æ–≥–æ —É—Ä–∞–≤–Ω–µ–Ω–∏—è}
                                                  
You may provide a definition with
\DeclareUnicodeCharacter 


! LaTeX Error: Unicode character —É (U+0443)
               not set up for use with LaTeX.

See the LaTeX manual or LaTeX Companion for explanation.
Type  H <return>  for immediate help.
 ...                                              
                                                  
l.11 ...–∫–≤–∞–¥—Ä–∞—Ç–Ω–æ–≥–æ —É—Ä–∞–≤–Ω–µ–Ω–∏—è}
                                                  
You may provide a definition with
\DeclareUnicodeCharacter 


! LaTeX Error: Unicode character —Ä (U+0440)
               not set up for use with LaTeX.

See the LaTeX manual or LaTeX Companion for explanation.
Type  H <return>  for immediate help.
 ...                                              
                                                  
l.11 ...–∫–≤–∞–¥—Ä–∞—Ç–Ω–æ–≥–æ —É—Ä–∞–≤–Ω–µ–Ω–∏—è}
                                                  
You may provide a definition with
\DeclareUnicodeCharacter 


! LaTeX Error: Unicode character –∞ (U+0430)
               not set up for use with LaTeX.

See the LaTeX manual or LaTeX Companion for explanation.
Type  H <return>  for immediate help.
 ...                                              
                                                  
l.11 ...–∫–≤–∞–¥—Ä–∞—Ç–Ω–æ–≥–æ —É—Ä–∞–≤–Ω–µ–Ω–∏—è}
                                                  
You may provide a definition with
\DeclareUnicodeCharacter 


! LaTeX Error: Unicode character –≤ (U+0432)
               not set up for use with LaTeX.

See the LaTeX manual or LaTeX Companion for explanation.
Type  H <return>  for immediate help.
 ...                                              
                                                  
l.11 ...–∫–≤–∞–¥—Ä–∞—Ç–Ω–æ–≥–æ —É—Ä–∞–≤–Ω–µ–Ω–∏—è}
                                                  
You may provide a definition with
\DeclareUnicodeCharacter 


! LaTeX Error: Unicode character –Ω (U+043D)
               not set up for use with LaTeX.

See the LaTeX manual or LaTeX Companion for explanation.
Type  H <return>  for immediate help.
 ...                                              
                                                  
l.11 ...–∫–≤–∞–¥—Ä–∞—Ç–Ω–æ–≥–æ —É—Ä–∞–≤–Ω–µ–Ω–∏—è}
                                                  
You may provide a definition with
\DeclareUnicodeCharacter 


! LaTeX Error: Unicode character –µ (U+0435)
               not set up for use with LaTeX.

See the LaTeX manual or LaTeX Companion for explanation.
Type  H <return>  for immediate help.
 ...                                              
                                                  
l.11 ...–∫–≤–∞–¥—Ä–∞—Ç–Ω–æ–≥–æ —É—Ä–∞–≤–Ω–µ–Ω–∏—è}
                                                  
You may provide a definition with
\DeclareUnicodeCharacter 


! LaTeX Error: Unicode character –Ω (U+043D)
               not set up for use with LaTeX.

See the LaTeX manual or LaTeX Companion for explanation.
Type  H <return>  for immediate help.
 ...                                              
                                                  
l.11 ...–∫–≤–∞–¥—Ä–∞—Ç–Ω–æ–≥–æ —É—Ä–∞–≤–Ω–µ–Ω–∏—è}
                                                  
You may provide a definition with
\DeclareUnicodeCharacter 


! LaTeX Error: Unicode character –∏ (U+0438)
               not set up for use with LaTeX.

See the LaTeX manual or LaTeX Companion for explanation.
Type  H <return>  for immediate help.
 ...                                              
                                                  
l.11 ...–∫–≤–∞–¥—Ä–∞—Ç–Ω–æ–≥–æ —É—Ä–∞–≤–Ω–µ–Ω–∏—è}
                                                  
You may provide a definition with
\DeclareUnicodeCharacter 


! LaTeX Error: Unicode character —è (U+044F)
               not set up for use with LaTeX.

See the LaTeX manual or LaTeX Companion for explanation.
Type  H <return>  for immediate help.
 ...                                              
                                                  
l.11 ...–∫–≤–∞–¥—Ä–∞—Ç–Ω–æ–≥–æ —É—Ä–∞–≤–Ω–µ–Ω–∏—è}
                                                  
You may provide a definition with
\DeclareUnicodeCharacter 


! LaTeX Error: Unicode character –£ (U+0423)
               not set up for use with LaTeX.

See the LaTeX manual or LaTeX Companion for explanation.
Type  H <return>  for immediate help.
 ...                                              
                                                  
l.13 –£
       —Ä–∞–≤–Ω–µ–Ω–∏–µ:
You may provide a definition with
\DeclareUnicodeCharacter 


! LaTeX Error: Unicode character —Ä (U+0440)
               not set up for use with LaTeX.

See the LaTeX manual or LaTeX Companion for explanation.
Type  H <return>  for immediate help.
 ...                                              
                                                  
l.13 –£—Ä
         –∞–≤–Ω–µ–Ω–∏–µ:
You may provide a definition with
\DeclareUnicodeCharacter 


! LaTeX Error: Unicode character –∞ (U+0430)
               not set up for use with LaTeX.

See the LaTeX manual or LaTeX Companion for explanation.
Type  H <return>  for immediate help.
 ...                                              
                                                  
l.13 –£—Ä–∞
           –≤–Ω–µ–Ω–∏–µ:
You may provide a definition with
\DeclareUnicodeCharacter 


! LaTeX Error: Unicode character –≤ (U+0432)
               not set up for use with LaTeX.

See the LaTeX manual or LaTeX Companion for explanation.
Type  H <return>  for immediate help.
 ...                                              
                                                  
l.13 –£—Ä–∞–≤
             –Ω–µ–Ω–∏–µ:
You may provide a definition with
\DeclareUnicodeCharacter 


! LaTeX Error: Unicode character –Ω (U+043D)
               not set up for use with LaTeX.

See the LaTeX manual or LaTeX Companion for explanation.
Type  H <return>  for immediate help.
 ...                                              
                                                  
l.13 –£—Ä–∞–≤–Ω
               –µ–Ω–∏–µ:
You may provide a definition with
\DeclareUnicodeCharacter 


! LaTeX Error: Unicode character –µ (U+0435)
               not set up for use with LaTeX.

See the LaTeX manual or LaTeX Companion for explanation.
Type  H <return>  for immediate help.
 ...                                              
                                                  
l.13 –£—Ä–∞–≤–Ω–µ
                 –Ω–∏–µ:
You may provide a definition with
\DeclareUnicodeCharacter 


! LaTeX Error: Unicode character –Ω (U+043D)
               not set up for use with LaTeX.

See the LaTeX manual or LaTeX Companion for explanation.
Type  H <return>  for immediate help.
 ...                                              
                                                  
l.13 –£—Ä–∞–≤–Ω–µ–Ω
                   –∏–µ:
You may provide a definition with
\DeclareUnicodeCharacter 


! LaTeX Error: Unicode character –∏ (U+0438)
               not set up for use with LaTeX.

See the LaTeX manual or LaTeX Companion for explanation.
Type  H <return>  for immediate help.
 ...                                              
                                                  
l.13 –£—Ä–∞–≤–Ω–µ–Ω–∏
                     –µ:
You may provide a definition with
\DeclareUnicodeCharacter 


! LaTeX Error: Unicode character –µ (U+0435)
               not set up for use with LaTeX.

See the LaTeX manual or LaTeX Companion for explanation.
Type  H <return>  for immediate help.
 ...                                              
                                                  
l.13 –£—Ä–∞–≤–Ω–µ–Ω–∏–µ
                       :
You may provide a definition with
\DeclareUnicodeCharacter 

LaTeX Font Info:    Trying to load font information for U+msa on input line 14.

(/usr/local/texlive/2025/texmf-dist/tex/latex/amsfonts/umsa.fd
File: umsa.fd 2013/01/14 v3.01 AMS symbols A
)
LaTeX Font Info:    Trying to load font information for U+msb on input line 14.


(/usr/local/texlive/2025/texmf-dist/tex/latex/amsfonts/umsb.fd
File: umsb.fd 2013/01/14 v3.01 AMS symbols B
)

! LaTeX Error: Unicode character –† (U+0420)
               not set up for use with LaTeX.

See the LaTeX manual or LaTeX Companion for explanation.
Type  H <return>  for immediate help.
 ...                                              
                                                  
l.18 –†
       –µ—à–µ–Ω–∏–µ:
You may provide a definition with
\DeclareUnicodeCharacter 


! LaTeX Error: Unicode character –µ (U+0435)
               not set up for use with LaTeX.

See the LaTeX manual or LaTeX Companion for explanation.
Type  H <return>  for immediate help.
 ...                                              
                                                  
l.18 –†–µ
         —à–µ–Ω–∏–µ:
You may provide a definition with
\DeclareUnicodeCharacter 


! LaTeX Error: Unicode character —à (U+0448)
               not set up for use with LaTeX.

See the LaTeX manual or LaTeX Companion for explanation.
Type  H <return>  for immediate help.
 ...                                              
                                                  
l.18 –†–µ—à
           –µ–Ω–∏–µ:
You may provide a definition with
\DeclareUnicodeCharacter 


! LaTeX Error: Unicode character –µ (U+0435)
               not set up for use with LaTeX.

See the LaTeX manual or LaTeX Companion for explanation.
Type  H <return>  for immediate help.
 ...                                              
                                                  
l.18 –†–µ—à–µ
             –Ω–∏–µ:
You may provide a definition with
\DeclareUnicodeCharacter 


! LaTeX Error: Unicode character –Ω (U+043D)
               not set up for use with LaTeX.

See the LaTeX manual or LaTeX Companion for explanation.
Type  H <return>  for immediate help.
 ...                                              
                                                  
l.18 –†–µ—à–µ–Ω
               –∏–µ:
You may provide a definition with
\DeclareUnicodeCharacter 


! LaTeX Error: Unicode character –∏ (U+0438)
               not set up for use with LaTeX.

See the LaTeX manual or LaTeX Companion for explanation.
Type  H <return>  for immediate help.
 ...                                              
                                                  
l.18 –†–µ—à–µ–Ω–∏
                 –µ:
You may provide a definition with
\DeclareUnicodeCharacter 


! LaTeX Error: Unicode character –µ (U+0435)
               not set up for use with LaTeX.

See the LaTeX manual or LaTeX Companion for explanation.
Type  H <return>  for immediate help.
 ...                                              
                                                  
l.18 –†–µ—à–µ–Ω–∏–µ
                   :
You may provide a definition with
\DeclareUnicodeCharacter 


! LaTeX Error: Unicode character –§ (U+0424)
               not set up for use with LaTeX.

See the LaTeX manual or LaTeX Companion for explanation.
Type  H <return>  for immediate help.
 ...                                              
                                                  
l.23 ...ction*{–§–æ—Ä–º—É–ª–∞ —Å—É–º–º—ã —Ä—è–¥–∞}
                                                  
You may provide a definition with
\DeclareUnicodeCharacter 


! LaTeX Error: Unicode character –æ (U+043E)
               not set up for use with LaTeX.

See the LaTeX manual or LaTeX Companion for explanation.
Type  H <return>  for immediate help.
 ...                                              
                                                  
l.23 ...ction*{–§–æ—Ä–º—É–ª–∞ —Å—É–º–º—ã —Ä—è–¥–∞}
                                                  
You may provide a definition with
\DeclareUnicodeCharacter 


! LaTeX Error: Unicode character —Ä (U+0440)
               not set up for use with LaTeX.

See the LaTeX manual or LaTeX Companion for explanation.
Type  H <return>  for immediate help.
 ...                                              
                                                  
l.23 ...ction*{–§–æ—Ä–º—É–ª–∞ —Å—É–º–º—ã —Ä—è–¥–∞}
                                                  
You may provide a definition with
\DeclareUnicodeCharacter 


! LaTeX Error: Unicode character –º (U+043C)
               not set up for use with LaTeX.

See the LaTeX manual or LaTeX Companion for explanation.
Type  H <return>  for immediate help.
 ...                                              
                                                  
l.23 ...ction*{–§–æ—Ä–º—É–ª–∞ —Å—É–º–º—ã —Ä—è–¥–∞}
                                                  
You may provide a definition with
\DeclareUnicodeCharacter 


! LaTeX Error: Unicode character —É (U+0443)
               not set up for use with LaTeX.

See the LaTeX manual or LaTeX Companion for explanation.
Type  H <return>  for immediate help.
 ...                                              
                                                  
l.23 ...ction*{–§–æ—Ä–º—É–ª–∞ —Å—É–º–º—ã —Ä—è–¥–∞}
                                                  
You may provide a definition with
\DeclareUnicodeCharacter 


! LaTeX Error: Unicode character –ª (U+043B)
               not set up for use with LaTeX.

See the LaTeX manual or LaTeX Companion for explanation.
Type  H <return>  for immediate help.
 ...                                              
                                                  
l.23 ...ction*{–§–æ—Ä–º—É–ª–∞ —Å—É–º–º—ã —Ä—è–¥–∞}
                                                  
You may provide a definition with
\DeclareUnicodeCharacter 


! LaTeX Error: Unicode character –∞ (U+0430)
               not set up for use with LaTeX.

See the LaTeX manual or LaTeX Companion for explanation.
Type  H <return>  for immediate help.
 ...                                              
                                                  
l.23 ...ction*{–§–æ—Ä–º—É–ª–∞ —Å—É–º–º—ã —Ä—è–¥–∞}
                                                  
You may provide a definition with
\DeclareUnicodeCharacter 


! LaTeX Error: Unicode character —Å (U+0441)
               not set up for use with LaTeX.

See the LaTeX manual or LaTeX Companion for explanation.
Type  H <return>  for immediate help.
 ...                                              
                                                  
l.23 ...ction*{–§–æ—Ä–º—É–ª–∞ —Å—É–º–º—ã —Ä—è–¥–∞}
                                                  
You may provide a definition with
\DeclareUnicodeCharacter 


! LaTeX Error: Unicode character —É (U+0443)
               not set up for use with LaTeX.

See the LaTeX manual or LaTeX Companion for explanation.
Type  H <return>  for immediate help.
 ...                                              
                                                  
l.23 ...ction*{–§–æ—Ä–º—É–ª–∞ —Å—É–º–º—ã —Ä—è–¥–∞}
                                                  
You may provide a definition with
\DeclareUnicodeCharacter 


! LaTeX Error: Unicode character –º (U+043C)
               not set up for use with LaTeX.

See the LaTeX manual or LaTeX Companion for explanation.
Type  H <return>  for immediate help.
 ...                                              
                                                  
l.23 ...ction*{–§–æ—Ä–º—É–ª–∞ —Å—É–º–º—ã —Ä—è–¥–∞}
                                                  
You may provide a definition with
\DeclareUnicodeCharacter 


! LaTeX Error: Unicode character –º (U+043C)
               not set up for use with LaTeX.

See the LaTeX manual or LaTeX Companion for explanation.
Type  H <return>  for immediate help.
 ...                                              
                                                  
l.23 ...ction*{–§–æ—Ä–º—É–ª–∞ —Å—É–º–º—ã —Ä—è–¥–∞}
                                                  
You may provide a definition with
\DeclareUnicodeCharacter 


! LaTeX Error: Unicode character —ã (U+044B)
               not set up for use with LaTeX.

See the LaTeX manual or LaTeX Companion for explanation.
Type  H <return>  for immediate help.
 ...                                              
                                                  
l.23 ...ction*{–§–æ—Ä–º—É–ª–∞ —Å—É–º–º—ã —Ä—è–¥–∞}
                                                  
You may provide a definition with
\DeclareUnicodeCharacter 


! LaTeX Error: Unicode character —Ä (U+0440)
               not set up for use with LaTeX.

See the LaTeX manual or LaTeX Companion for explanation.
Type  H <return>  for immediate help.
 ...                                              
                                                  
l.23 ...ction*{–§–æ—Ä–º—É–ª–∞ —Å—É–º–º—ã —Ä—è–¥–∞}
                                                  
You may provide a definition with
\DeclareUnicodeCharacter 


! LaTeX Error: Unicode character —è (U+044F)
               not set up for use with LaTeX.

See the LaTeX manual or LaTeX Companion for explanation.
Type  H <return>  for immediate help.
 ...                                              
                                                  
l.23 ...ction*{–§–æ—Ä–º—É–ª–∞ —Å—É–º–º—ã —Ä—è–¥–∞}
                                                  
You may provide a definition with
\DeclareUnicodeCharacter 


! LaTeX Error: Unicode character –¥ (U+0434)
               not set up for use with LaTeX.

See the LaTeX manual or LaTeX Companion for explanation.
Type  H <return>  for immediate help.
 ...                                              
                                                  
l.23 ...ction*{–§–æ—Ä–º—É–ª–∞ —Å—É–º–º—ã —Ä—è–¥–∞}
                                                  
You may provide a definition with
\DeclareUnicodeCharacter 


! LaTeX Error: Unicode character –∞ (U+0430)
               not set up for use with LaTeX.

See the LaTeX manual or LaTeX Companion for explanation.
Type  H <return>  for immediate help.
 ...                                              
                                                  
l.23 ...ction*{–§–æ—Ä–º—É–ª–∞ —Å—É–º–º—ã —Ä—è–¥–∞}
                                                  
You may provide a definition with
\DeclareUnicodeCharacter 


! LaTeX Error: Unicode character –§ (U+0424)
               not set up for use with LaTeX.

See the LaTeX manual or LaTeX Companion for explanation.
Type  H <return>  for immediate help.
 ...                                              
                                                  
l.29 ...Ä–æ–∏–∑–≤–æ–¥–Ω–æ–π –∏ –∏–Ω—Ç–µ–≥—Ä–∞–ª–∞}
                                                  
You may provide a definition with
\DeclareUnicodeCharacter 


! LaTeX Error: Unicode character –æ (U+043E)
               not set up for use with LaTeX.

See the LaTeX manual or LaTeX Companion for explanation.
Type  H <return>  for immediate help.
 ...                                              
                                                  
l.29 ...Ä–æ–∏–∑–≤–æ–¥–Ω–æ–π –∏ –∏–Ω—Ç–µ–≥—Ä–∞–ª–∞}
                                                  
You may provide a definition with
\DeclareUnicodeCharacter 


! LaTeX Error: Unicode character —Ä (U+0440)
               not set up for use with LaTeX.

See the LaTeX manual or LaTeX Companion for explanation.
Type  H <return>  for immediate help.
 ...                                              
                                                  
l.29 ...Ä–æ–∏–∑–≤–æ–¥–Ω–æ–π –∏ –∏–Ω—Ç–µ–≥—Ä–∞–ª–∞}
                                                  
You may provide a definition with
\DeclareUnicodeCharacter 


! LaTeX Error: Unicode character –º (U+043C)
               not set up for use with LaTeX.

See the LaTeX manual or LaTeX Companion for explanation.
Type  H <return>  for immediate help.
 ...                                              
                                                  
l.29 ...Ä–æ–∏–∑–≤–æ–¥–Ω–æ–π –∏ –∏–Ω—Ç–µ–≥—Ä–∞–ª–∞}
                                                  
You may provide a definition with
\DeclareUnicodeCharacter 


! LaTeX Error: Unicode character —É (U+0443)
               not set up for use with LaTeX.

See the LaTeX manual or LaTeX Companion for explanation.
Type  H <return>  for immediate help.
 ...                                              
                                                  
l.29 ...Ä–æ–∏–∑–≤–æ–¥–Ω–æ–π –∏ –∏–Ω—Ç–µ–≥—Ä–∞–ª–∞}
                                                  
You may provide a definition with
\DeclareUnicodeCharacter 


! LaTeX Error: Unicode character –ª (U+043B)
               not set up for use with LaTeX.

See the LaTeX manual or LaTeX Companion for explanation.
Type  H <return>  for immediate help.
 ...                                              
                                                  
l.29 ...Ä–æ–∏–∑–≤–æ–¥–Ω–æ–π –∏ –∏–Ω—Ç–µ–≥—Ä–∞–ª–∞}
                                                  
You may provide a definition with
\DeclareUnicodeCharacter 


! LaTeX Error: Unicode character –∞ (U+0430)
               not set up for use with LaTeX.

See the LaTeX manual or LaTeX Companion for explanation.
Type  H <return>  for immediate help.
 ...                                              
                                                  
l.29 ...Ä–æ–∏–∑–≤–æ–¥–Ω–æ–π –∏ –∏–Ω—Ç–µ–≥—Ä–∞–ª–∞}
                                                  
You may provide a definition with
\DeclareUnicodeCharacter 


! LaTeX Error: Unicode character –ø (U+043F)
               not set up for use with LaTeX.

See the LaTeX manual or LaTeX Companion for explanation.
Type  H <return>  for immediate help.
 ...                                              
                                                  
l.29 ...Ä–æ–∏–∑–≤–æ–¥–Ω–æ–π –∏ –∏–Ω—Ç–µ–≥—Ä–∞–ª–∞}
                                                  
You may provide a definition with
\DeclareUnicodeCharacter 


! LaTeX Error: Unicode character —Ä (U+0440)
               not set up for use with LaTeX.

See the LaTeX manual or LaTeX Companion for explanation.
Type  H <return>  for immediate help.
 ...                                              
                                                  
l.29 ...Ä–æ–∏–∑–≤–æ–¥–Ω–æ–π –∏ –∏–Ω—Ç–µ–≥—Ä–∞–ª–∞}
                                                  
You may provide a definition with
\DeclareUnicodeCharacter 


! LaTeX Error: Unicode character –æ (U+043E)
               not set up for use with LaTeX.

See the LaTeX manual or LaTeX Companion for explanation.
Type  H <return>  for immediate help.
 ...                                              
                                                  
l.29 ...Ä–æ–∏–∑–≤–æ–¥–Ω–æ–π –∏ –∏–Ω—Ç–µ–≥—Ä–∞–ª–∞}
                                                  
You may provide a definition with
\DeclareUnicodeCharacter 


! LaTeX Error: Unicode character –∏ (U+0438)
               not set up for use with LaTeX.

See the LaTeX manual or LaTeX Companion for explanation.
Type  H <return>  for immediate help.
 ...                                              
                                                  
l.29 ...Ä–æ–∏–∑–≤–æ–¥–Ω–æ–π –∏ –∏–Ω—Ç–µ–≥—Ä–∞–ª–∞}
                                                  
You may provide a definition with
\DeclareUnicodeCharacter 


! LaTeX Error: Unicode character –∑ (U+0437)
               not set up for use with LaTeX.

See the LaTeX manual or LaTeX Companion for explanation.
Type  H <return>  for immediate help.
 ...                                              
                                                  
l.29 ...Ä–æ–∏–∑–≤–æ–¥–Ω–æ–π –∏ –∏–Ω—Ç–µ–≥—Ä–∞–ª–∞}
                                                  
You may provide a definition with
\DeclareUnicodeCharacter 


! LaTeX Error: Unicode character –≤ (U+0432)
               not set up for use with LaTeX.

See the LaTeX manual or LaTeX Companion for explanation.
Type  H <return>  for immediate help.
 ...                                              
                                                  
l.29 ...Ä–æ–∏–∑–≤–æ–¥–Ω–æ–π –∏ –∏–Ω—Ç–µ–≥—Ä–∞–ª–∞}
                                                  
You may provide a definition with
\DeclareUnicodeCharacter 


! LaTeX Error: Unicode character –æ (U+043E)
               not set up for use with LaTeX.

See the LaTeX manual or LaTeX Companion for explanation.
Type  H <return>  for immediate help.
 ...                                              
                                                  
l.29 ...Ä–æ–∏–∑–≤–æ–¥–Ω–æ–π –∏ –∏–Ω—Ç–µ–≥—Ä–∞–ª–∞}
                                                  
You may provide a definition with
\DeclareUnicodeCharacter 


! LaTeX Error: Unicode character –¥ (U+0434)
               not set up for use with LaTeX.

See the LaTeX manual or LaTeX Companion for explanation.
Type  H <return>  for immediate help.
 ...                                              
                                                  
l.29 ...Ä–æ–∏–∑–≤–æ–¥–Ω–æ–π –∏ –∏–Ω—Ç–µ–≥—Ä–∞–ª–∞}
                                                  
You may provide a definition with
\DeclareUnicodeCharacter 


! LaTeX Error: Unicode character –Ω (U+043D)
               not set up for use with LaTeX.

See the LaTeX manual or LaTeX Companion for explanation.
Type  H <return>  for immediate help.
 ...                                              
                                                  
l.29 ...Ä–æ–∏–∑–≤–æ–¥–Ω–æ–π –∏ –∏–Ω—Ç–µ–≥—Ä–∞–ª–∞}
                                                  
You may provide a definition with
\DeclareUnicodeCharacter 


! LaTeX Error: Unicode character –æ (U+043E)
               not set up for use with LaTeX.

See the LaTeX manual or LaTeX Companion for explanation.
Type  H <return>  for immediate help.
 ...                                              
                                                  
l.29 ...Ä–æ–∏–∑–≤–æ–¥–Ω–æ–π –∏ –∏–Ω—Ç–µ–≥—Ä–∞–ª–∞}
                                                  
You may provide a definition with
\DeclareUnicodeCharacter 


! LaTeX Error: Unicode character –π (U+0439)
               not set up for use with LaTeX.

See the LaTeX manual or LaTeX Companion for explanation.
Type  H <return>  for immediate help.
 ...                                              
                                                  
l.29 ...Ä–æ–∏–∑–≤–æ–¥–Ω–æ–π –∏ –∏–Ω—Ç–µ–≥—Ä–∞–ª–∞}
                                                  
You may provide a definition with
\DeclareUnicodeCharacter 


! LaTeX Error: Unicode character –∏ (U+0438)
               not set up for use with LaTeX.

See the LaTeX manual or LaTeX Companion for explanation.
Type  H <return>  for immediate help.
 ...                                              
                                                  
l.29 ...Ä–æ–∏–∑–≤–æ–¥–Ω–æ–π –∏ –∏–Ω—Ç–µ–≥—Ä–∞–ª–∞}
                                                  
You may provide a definition with
\DeclareUnicodeCharacter 


! LaTeX Error: Unicode character –∏ (U+0438)
               not set up for use with LaTeX.

See the LaTeX manual or LaTeX Companion for explanation.
Type  H <return>  for immediate help.
 ...                                              
                                                  
l.29 ...Ä–æ–∏–∑–≤–æ–¥–Ω–æ–π –∏ –∏–Ω—Ç–µ–≥—Ä–∞–ª–∞}
                                                  
You may provide a definition with
\DeclareUnicodeCharacter 


! LaTeX Error: Unicode character –Ω (U+043D)
               not set up for use with LaTeX.

See the LaTeX manual or LaTeX Companion for explanation.
Type  H <return>  for immediate help.
 ...                                              
                                                  
l.29 ...Ä–æ–∏–∑–≤–æ–¥–Ω–æ–π –∏ –∏–Ω—Ç–µ–≥—Ä–∞–ª–∞}
                                                  
You may provide a definition with
\DeclareUnicodeCharacter 


! LaTeX Error: Unicode character —Ç (U+0442)
               not set up for use with LaTeX.

See the LaTeX manual or LaTeX Companion for explanation.
Type  H <return>  for immediate help.
 ...                                              
                                                  
l.29 ...Ä–æ–∏–∑–≤–æ–¥–Ω–æ–π –∏ –∏–Ω—Ç–µ–≥—Ä–∞–ª–∞}
                                                  
You may provide a definition with
\DeclareUnicodeCharacter 


! LaTeX Error: Unicode character –µ (U+0435)
               not set up for use with LaTeX.

See the LaTeX manual or LaTeX Companion for explanation.
Type  H <return>  for immediate help.
 ...                                              
                                                  
l.29 ...Ä–æ–∏–∑–≤–æ–¥–Ω–æ–π –∏ –∏–Ω—Ç–µ–≥—Ä–∞–ª–∞}
                                                  
You may provide a definition with
\DeclareUnicodeCharacter 


! LaTeX Error: Unicode character –≥ (U+0433)
               not set up for use with LaTeX.

See the LaTeX manual or LaTeX Companion for explanation.
Type  H <return>  for immediate help.
 ...                                              
                                                  
l.29 ...Ä–æ–∏–∑–≤–æ–¥–Ω–æ–π –∏ –∏–Ω—Ç–µ–≥—Ä–∞–ª–∞}
                                                  
You may provide a definition with
\DeclareUnicodeCharacter 


! LaTeX Error: Unicode character —Ä (U+0440)
               not set up for use with LaTeX.

See the LaTeX manual or LaTeX Companion for explanation.
Type  H <return>  for immediate help.
 ...                                              
                                                  
l.29 ...Ä–æ–∏–∑–≤–æ–¥–Ω–æ–π –∏ –∏–Ω—Ç–µ–≥—Ä–∞–ª–∞}
                                                  
You may provide a definition with
\DeclareUnicodeCharacter 


! LaTeX Error: Unicode character –∞ (U+0430)
               not set up for use with LaTeX.

See the LaTeX manual or LaTeX Companion for explanation.
Type  H <return>  for immediate help.
 ...                                              
                                                  
l.29 ...Ä–æ–∏–∑–≤–æ–¥–Ω–æ–π –∏ –∏–Ω—Ç–µ–≥—Ä–∞–ª–∞}
                                                  
You may provide a definition with
\DeclareUnicodeCharacter 


! LaTeX Error: Unicode character –ª (U+043B)
               not set up for use with LaTeX.

See the LaTeX manual or LaTeX Companion for explanation.
Type  H <return>  for immediate help.
 ...                                              
                                                  
l.29 ...Ä–æ–∏–∑–≤–æ–¥–Ω–æ–π –∏ –∏–Ω—Ç–µ–≥—Ä–∞–ª–∞}
                                                  
You may provide a definition with
\DeclareUnicodeCharacter 


! LaTeX Error: Unicode character –∞ (U+0430)
               not set up for use with LaTeX.

See the LaTeX manual or LaTeX Companion for explanation.
Type  H <return>  for immediate help.
 ...                                              
                                                  
l.29 ...Ä–æ–∏–∑–≤–æ–¥–Ω–æ–π –∏ –∏–Ω—Ç–µ–≥—Ä–∞–ª–∞}
                                                  
You may provide a definition with
\DeclareUnicodeCharacter 



[1

{/usr/local/texlive/2025/texmf-var/fonts/map/pdftex/updmap/pdftex.map}]
(/data/197/main.aux)
 ***********
LaTeX2e <2024-11-01> patch level 2
L3 programming layer <2025-01-18>
 ***********
 ) 
Here is how much of TeX's memory you used:
 1706 strings out of 473190
 23706 string characters out of 5715806
 409997 words of memory out of 5000000
 25001 multiletter control sequences out of 15000+600000
 561746 words of font info for 48 fonts, out of 8000000 for 9000
 1141 hyphenation exceptions out of 8191
 56i,5n,65p,230b,115s stack positions out of 10000i,1000n,20000p,200000b,200000s
</usr/local/texlive/2025/texmf-dist/fonts/type1/public/amsfonts/cm/cmex10.pfb
></usr/local/texlive/2025/texmf-dist/fonts/type1/public/amsfonts/cm/cmmi10.pfb>
</usr/local/texlive/2025/texmf-dist/fonts/type1/public/amsfonts/cm/cmmi7.pfb></
usr/local/texlive/2025/texmf-dist/fonts/type1/public/amsfonts/cm/cmr10.pfb></us
r/local/texlive/2025/texmf-dist/fonts/type1/public/amsfonts/cm/cmr7.pfb></usr/l
ocal/texlive/2025/texmf-dist/fonts/type1/public/amsfonts/cm/cmsy10.pfb></usr/lo
cal/texlive/2025/texmf-dist/fonts/type1/public/amsfonts/cm/cmsy7.pfb>
Output written on /data/197/main.pdf (1 page, 65127 bytes).
PDF statistics:
 43 PDF objects out of 1000 (max. 8388607)
 25 compressed objects within 1 object stream
 0 named destinations out of 1000 (max. 500000)
 1 words of extra memory for PDF output out of 10000 (max. 10000000)

